#
# A fatal error has been detected by the Java Runtime Environment:
#
#  Internal Error (utilities/concurrentHashTable.inline.hpp:682), pid=10648, tid=2656
#  fatal error: aux_index does not match even or odd indices
#
# JRE version: OpenJDK Runtime Environment Corretto-22.0.2.9.1 (22.0.2+9) (build 22.0.2+9-FR)
# Java VM: OpenJDK 64-Bit Server VM Corretto-22.0.2.9.1 (22.0.2+9-FR, mixed mode, sharing, tiered, compressed oops, compressed class ptrs, g1 gc, windows-amd64)
# No core dump will be written. Minidumps are not enabled by default on client versions of Windows
#
# If you would like to submit a bug report, please visit:
#   https://github.com/corretto/corretto-22/issues/
#

---------------  S U M M A R Y ------------

Command Line: -javaagent:C:\Program Files\JetBrains\IntelliJ IDEA Community Edition 2025.1.4.1\lib\idea_rt.jar=63976 -Dfile.encoding=UTF-8 -Dsun.stdout.encoding=UTF-8 -Dsun.stderr.encoding=UTF-8 com.eewms.ElectricalEquipmentWarehouseManagementApplication

Host: Intel(R) Core(TM) i5-10300H CPU @ 2.50GHz, 8 cores, 15G,  Windows 10 , 64 bit Build 19041 (10.0.19041.5915)
Time: Mon Aug 18 10:11:15 2025 SE Asia Standard Time elapsed time: 2569.902847 seconds (0d 0h 42m 49s)

---------------  T H R E A D  ---------------

Current thread (0x000001933c44cfb0):  JavaThread "Service Thread" daemon [_thread_in_vm, id=2656, stack(0x0000003488000000,0x0000003488100000) (1024K)]

Stack: [0x0000003488000000,0x0000003488100000]
Native frames: (J=compiled Java code, j=interpreted, Vv=VM code, C=native code)
V  [jvm.dll+0x6f7bb9]  (no source info available)
V  [jvm.dll+0x8dc245]  (no source info available)
V  [jvm.dll+0x8de4ae]  (no source info available)
V  [jvm.dll+0x28d121]  (no source info available)
V  [jvm.dll+0x848758]  (no source info available)
V  [jvm.dll+0x84707a]  (no source info available)
V  [jvm.dll+0x846509]  (no source info available)
V  [jvm.dll+0x75fdfc]  (no source info available)
V  [jvm.dll+0x407456]  (no source info available)
V  [jvm.dll+0x883778]  (no source info available)
V  [jvm.dll+0x6f63c5]  (no source info available)
C  [ucrtbase.dll+0x21bb2]  (no source info available)
C  [KERNEL32.DLL+0x17374]  (no source info available)
C  [ntdll.dll+0x4cc91]  (no source info available)


---------------  P R O C E S S  ---------------

Threads class SMR info:
_java_thread_list=0x0000019305d721b0, length=48, elements={
0x000001933c43d9e0, 0x000001933c4409c0, 0x000001933c44baf0, 0x000001933c44c550,
0x000001933c44cfb0, 0x000001933c44da10, 0x000001933c44e7a0, 0x000001933c9999a0,
0x000001933ca68900, 0x000001933cd880e0, 0x000001933cd88ae0, 0x00000193064d5ff0,
0x000001937eba3090, 0x0000019306f00e60, 0x0000019306f014f0, 0x0000019306f028a0,
0x0000019307193f70, 0x000001930718fdd0, 0x0000019307191180, 0x0000019307192530,
0x0000019307191810, 0x0000019307194600, 0x0000019307191ea0, 0x0000019307194c90,
0x000001930718ea20, 0x0000019307195320, 0x00000193071959b0, 0x0000019307196040,
0x0000019307192bc0, 0x0000019307190af0, 0x0000019307193250, 0x0000019305684a20,
0x0000019305681c30, 0x00000193056822c0, 0x0000019305682950, 0x0000019305683d00,
0x000001930567f4d0, 0x000001930567ee40, 0x00000193056801f0, 0x0000019305684390,
0x000001930567fb60, 0x000001937edbfad0, 0x000001937edc07f0, 0x000001937edc0e80,
0x000001937edbd370, 0x000001937edbda00, 0x000001937edbe090, 0x000001937edbac10
}

Java Threads: ( => current thread )
  0x000001933c43d9e0 JavaThread "Reference Handler"          daemon [_thread_blocked, id=10768, stack(0x0000003487c00000,0x0000003487d00000) (1024K)]
  0x000001933c4409c0 JavaThread "Finalizer"                  daemon [_thread_blocked, id=10188, stack(0x0000003487d00000,0x0000003487e00000) (1024K)]
  0x000001933c44baf0 JavaThread "Signal Dispatcher"          daemon [_thread_blocked, id=9472, stack(0x0000003487e00000,0x0000003487f00000) (1024K)]
  0x000001933c44c550 JavaThread "Attach Listener"            daemon [_thread_blocked, id=8508, stack(0x0000003487f00000,0x0000003488000000) (1024K)]
=>0x000001933c44cfb0 JavaThread "Service Thread"             daemon [_thread_in_vm, id=2656, stack(0x0000003488000000,0x0000003488100000) (1024K)]
  0x000001933c44da10 JavaThread "Monitor Deflation Thread"   daemon [_thread_blocked, id=5460, stack(0x0000003488100000,0x0000003488200000) (1024K)]
  0x000001933c44e7a0 JavaThread "C2 CompilerThread0"         daemon [_thread_blocked, id=12576, stack(0x0000003488200000,0x0000003488300000) (1024K)]
  0x000001933c9999a0 JavaThread "C1 CompilerThread0"         daemon [_thread_blocked, id=9232, stack(0x0000003488300000,0x0000003488400000) (1024K)]
  0x000001933ca68900 JavaThread "Common-Cleaner"             daemon [_thread_blocked, id=848, stack(0x0000003488400000,0x0000003488500000) (1024K)]
  0x000001933cd880e0 JavaThread "Monitor Ctrl-Break"         daemon [_thread_in_native, id=3996, stack(0x0000003488700000,0x0000003488800000) (1024K)]
  0x000001933cd88ae0 JavaThread "Notification Thread"        daemon [_thread_blocked, id=7900, stack(0x0000003488800000,0x0000003488900000) (1024K)]
  0x00000193064d5ff0 JavaThread "Catalina-utility-1"                [_thread_blocked, id=1936, stack(0x0000003489000000,0x0000003489100000) (1024K)]
  0x000001937eba3090 JavaThread "Catalina-utility-2"                [_thread_blocked, id=7384, stack(0x0000003489400000,0x0000003489500000) (1024K)]
  0x0000019306f00e60 JavaThread "container-0"                       [_thread_blocked, id=13144, stack(0x0000003489500000,0x0000003489600000) (1024K)]
  0x0000019306f014f0 JavaThread "mysql-cj-abandoned-connection-cleanup" daemon [_thread_blocked, id=9132, stack(0x0000003489600000,0x0000003489700000) (1024K)]
  0x0000019306f028a0 JavaThread "HikariPool-1 housekeeper"   daemon [_thread_blocked, id=7016, stack(0x0000003489800000,0x0000003489900000) (1024K)]
  0x0000019307193f70 JavaThread "File Watcher"               daemon [_thread_blocked, id=9904, stack(0x0000003489900000,0x0000003489a00000) (1024K)]
  0x000001930718fdd0 JavaThread "Live Reload Server"         daemon [_thread_in_native, id=1080, stack(0x0000003489b00000,0x0000003489c00000) (1024K)]
  0x0000019307191180 JavaThread "http-nio-8080-exec-1"       daemon [_thread_blocked, id=12108, stack(0x0000003489a00000,0x0000003489b00000) (1024K)]
  0x0000019307192530 JavaThread "http-nio-8080-exec-2"       daemon [_thread_blocked, id=12104, stack(0x0000003489c00000,0x0000003489d00000) (1024K)]
  0x0000019307191810 JavaThread "http-nio-8080-exec-3"       daemon [_thread_blocked, id=12096, stack(0x0000003489d00000,0x0000003489e00000) (1024K)]
  0x0000019307194600 JavaThread "http-nio-8080-exec-4"       daemon [_thread_blocked, id=12092, stack(0x0000003489e00000,0x0000003489f00000) (1024K)]
  0x0000019307191ea0 JavaThread "http-nio-8080-exec-5"       daemon [_thread_blocked, id=12080, stack(0x0000003489f00000,0x000000348a000000) (1024K)]
  0x0000019307194c90 JavaThread "http-nio-8080-exec-6"       daemon [_thread_blocked, id=12196, stack(0x000000348a000000,0x000000348a100000) (1024K)]
  0x000001930718ea20 JavaThread "http-nio-8080-exec-7"       daemon [_thread_blocked, id=12116, stack(0x000000348a100000,0x000000348a200000) (1024K)]
  0x0000019307195320 JavaThread "http-nio-8080-exec-8"       daemon [_thread_blocked, id=8568, stack(0x000000348a200000,0x000000348a300000) (1024K)]
  0x00000193071959b0 JavaThread "http-nio-8080-exec-9"       daemon [_thread_blocked, id=11688, stack(0x000000348a300000,0x000000348a400000) (1024K)]
  0x0000019307196040 JavaThread "http-nio-8080-exec-10"      daemon [_thread_blocked, id=12120, stack(0x000000348a400000,0x000000348a500000) (1024K)]
  0x0000019307192bc0 JavaThread "http-nio-8080-Poller"       daemon [_thread_in_native, id=12112, stack(0x000000348a500000,0x000000348a600000) (1024K)]
  0x0000019307190af0 JavaThread "http-nio-8080-Acceptor"     daemon [_thread_in_native, id=7048, stack(0x000000348a600000,0x000000348a700000) (1024K)]
  0x0000019307193250 JavaThread "DestroyJavaVM"                     [_thread_blocked, id=8728, stack(0x0000003487400000,0x0000003487500000) (1024K)]
  0x0000019305684a20 JavaThread "parallel-1"                 daemon [_thread_blocked, id=4776, stack(0x0000003487100000,0x0000003487200000) (1024K)]
  0x0000019305681c30 JavaThread "reactor-http-nio-1"         daemon [_thread_in_native, id=9840, stack(0x0000003488500000,0x0000003488600000) (1024K)]
  0x00000193056822c0 JavaThread "reactor-http-nio-2"         daemon [_thread_in_native, id=8348, stack(0x0000003488600000,0x0000003488700000) (1024K)]
  0x0000019305682950 JavaThread "reactor-http-nio-3"         daemon [_thread_in_native, id=11224, stack(0x0000003488e00000,0x0000003488f00000) (1024K)]
  0x0000019305683d00 JavaThread "reactor-http-nio-4"         daemon [_thread_in_native, id=2120, stack(0x0000003488f00000,0x0000003489000000) (1024K)]
  0x000001930567f4d0 JavaThread "reactor-http-nio-5"         daemon [_thread_in_native, id=9520, stack(0x0000003489700000,0x0000003489800000) (1024K)]
  0x000001930567ee40 JavaThread "reactor-http-nio-6"         daemon [_thread_in_native, id=11764, stack(0x000000348a700000,0x000000348a800000) (1024K)]
  0x00000193056801f0 JavaThread "reactor-http-nio-7"         daemon [_thread_in_native, id=8440, stack(0x000000348a800000,0x000000348a900000) (1024K)]
  0x0000019305684390 JavaThread "reactor-http-nio-8"         daemon [_thread_in_native, id=5428, stack(0x000000348a900000,0x000000348aa00000) (1024K)]
  0x000001930567fb60 JavaThread "Jndi-Dns-address-change-listener" daemon [_thread_in_native, id=5724, stack(0x000000348aa00000,0x000000348ab00000) (1024K)]
  0x000001937edbfad0 JavaThread "parallel-2"                 daemon [_thread_blocked, id=8244, stack(0x0000003487300000,0x0000003487400000) (1024K)]
  0x000001937edc07f0 JavaThread "parallel-3"                 daemon [_thread_blocked, id=11564, stack(0x000000348ad00000,0x000000348ae00000) (1024K)]
  0x000001937edc0e80 JavaThread "parallel-4"                 daemon [_thread_blocked, id=1056, stack(0x000000348ae00000,0x000000348af00000) (1024K)]
  0x000001937edbd370 JavaThread "parallel-5"                 daemon [_thread_blocked, id=6160, stack(0x000000348b000000,0x000000348b100000) (1024K)]
  0x000001937edbda00 JavaThread "parallel-6"                 daemon [_thread_blocked, id=9608, stack(0x000000348ab00000,0x000000348ac00000) (1024K)]
  0x000001937edbe090 JavaThread "parallel-7"                 daemon [_thread_blocked, id=11332, stack(0x000000348b100000,0x000000348b200000) (1024K)]
  0x000001937edbac10 JavaThread "parallel-8"                 daemon [_thread_blocked, id=6044, stack(0x000000348b200000,0x000000348b300000) (1024K)]
Total: 48

Other Threads:
  0x000001933c424700 VMThread "VM Thread"                           [id=11976, stack(0x0000003487b00000,0x0000003487c00000) (1024K)]
  0x000001933c40c0d0 WatcherThread "VM Periodic Task Thread"        [id=7452, stack(0x0000003487a00000,0x0000003487b00000) (1024K)]
  0x000001931d67cd30 WorkerThread "GC Thread#0"                     [id=6704, stack(0x0000003487500000,0x0000003487600000) (1024K)]
  0x000001937e92eac0 WorkerThread "GC Thread#1"                     [id=8660, stack(0x0000003488900000,0x0000003488a00000) (1024K)]
  0x000001937ebaa890 WorkerThread "GC Thread#2"                     [id=1136, stack(0x0000003488a00000,0x0000003488b00000) (1024K)]
  0x000001937ebab050 WorkerThread "GC Thread#3"                     [id=7748, stack(0x0000003488b00000,0x0000003488c00000) (1024K)]
  0x000001937e92b560 WorkerThread "GC Thread#4"                     [id=13168, stack(0x0000003488c00000,0x0000003488d00000) (1024K)]
  0x000001937e92bd20 WorkerThread "GC Thread#5"                     [id=7484, stack(0x0000003488d00000,0x0000003488e00000) (1024K)]
  0x000001937ee85590 WorkerThread "GC Thread#6"                     [id=11792, stack(0x0000003489100000,0x0000003489200000) (1024K)]
  0x000001937eb58ac0 WorkerThread "GC Thread#7"                     [id=11808, stack(0x0000003489200000,0x0000003489300000) (1024K)]
  0x000001931d68db30 ConcurrentGCThread "G1 Main Marker"            [id=1580, stack(0x0000003487600000,0x0000003487700000) (1024K)]
  0x000001931d68ecf0 WorkerThread "G1 Conc#0"                       [id=6996, stack(0x0000003487700000,0x0000003487800000) (1024K)]
  0x0000019305be1550 WorkerThread "G1 Conc#1"                       [id=2676, stack(0x0000003489300000,0x0000003489400000) (1024K)]
  0x000001931d6ce510 ConcurrentGCThread "G1 Refine#0"               [id=10928, stack(0x0000003487800000,0x0000003487900000) (1024K)]
  0x000001933c2dc4a0 ConcurrentGCThread "G1 Service"                [id=10620, stack(0x0000003487900000,0x0000003487a00000) (1024K)]
Total: 15

Threads with active compile tasks:
Total: 0

VM state: not at safepoint (normal execution)

VM Mutex/Monitor currently owned by a thread: None

Heap address: 0x0000000702a00000, size: 4054 MB, Compressed Oops mode: Zero based, Oop shift amount: 3

CDS archive(s) mapped at: [0x000001933d000000-0x000001933dc60000-0x000001933dc60000), size 12976128, SharedBaseAddress: 0x000001933d000000, ArchiveRelocationMode: 1.
Compressed class space mapped at: 0x000001933e000000-0x000001937e000000, reserved size: 1073741824
Narrow klass base: 0x000001933d000000, Narrow klass shift: 0, Narrow klass range: 0x41000000

GC Precious Log:
 CardTable entry size: 512
 Card Set container configuration: InlinePtr #cards 4 size 8 Array Of Cards #cards 16 size 48 Howl #buckets 8 coarsen threshold 3686 Howl Bitmap #cards 512 size 80 coarsen threshold 460 Card regions per heap region 1 cards per card region 4096
 CPUs: 8 total, 8 available
 Memory: 16215M
 Large Page Support: Disabled
 NUMA Support: Disabled
 Compressed Oops: Enabled (Zero based)
 Heap Region Size: 2M
 Heap Min Capacity: 8M
 Heap Initial Capacity: 254M
 Heap Max Capacity: 4054M
 Pre-touch: Disabled
 Parallel Workers: 8
 Concurrent Workers: 2
 Concurrent Refinement Workers: 8
 Periodic GC: Disabled

Heap:
 garbage-first heap   total reserved 4151296K, committed 286720K, used 87649K [0x0000000702a00000, 0x0000000800000000)
  region size 2048K, 5 young (10240K), 4 survivors (8192K)
 Metaspace       used 117901K, committed 119296K, reserved 1179648K
  class space    used 15614K, committed 16256K, reserved 1048576K

Heap Regions: E=young(eden), S=young(survivor), O=old, HS=humongous(starts), HC=humongous(continues), CS=collection set, F=free, TAMS=top-at-mark-start, PB=parsable bottom
|   0|0x0000000702a00000, 0x0000000702c00000, 0x0000000702c00000|100%| O|  |TAMS 0x0000000702a00000| PB 0x0000000702a00000| Untracked |  0
|   1|0x0000000702c00000, 0x0000000702e00000, 0x0000000702e00000|100%| O|  |TAMS 0x0000000702c00000| PB 0x0000000702c00000| Untracked |  0
|   2|0x0000000702e00000, 0x0000000703000000, 0x0000000703000000|100%| O|  |TAMS 0x0000000702e00000| PB 0x0000000702e00000| Untracked |  0
|   3|0x0000000703000000, 0x0000000703200000, 0x0000000703200000|100%| O|  |TAMS 0x0000000703000000| PB 0x0000000703000000| Untracked |  0
|   4|0x0000000703200000, 0x0000000703400000, 0x0000000703400000|100%| O|  |TAMS 0x0000000703200000| PB 0x0000000703200000| Untracked |  0
|   5|0x0000000703400000, 0x0000000703600000, 0x0000000703600000|100%| O|  |TAMS 0x0000000703400000| PB 0x0000000703400000| Untracked |  0
|   6|0x0000000703600000, 0x0000000703800000, 0x0000000703800000|100%| O|  |TAMS 0x0000000703600000| PB 0x0000000703600000| Untracked |  0
|   7|0x0000000703800000, 0x0000000703a00000, 0x0000000703a00000|100%| O|  |TAMS 0x0000000703800000| PB 0x0000000703800000| Untracked |  0
|   8|0x0000000703a00000, 0x0000000703c00000, 0x0000000703c00000|100%| O|  |TAMS 0x0000000703a00000| PB 0x0000000703a00000| Untracked |  0
|   9|0x0000000703c00000, 0x0000000703e00000, 0x0000000703e00000|100%| O|  |TAMS 0x0000000703c00000| PB 0x0000000703c00000| Untracked |  0
|  10|0x0000000703e00000, 0x0000000704000000, 0x0000000704000000|100%| O|  |TAMS 0x0000000703e00000| PB 0x0000000703e00000| Untracked |  0
|  11|0x0000000704000000, 0x0000000704200000, 0x0000000704200000|100%| O|  |TAMS 0x0000000704000000| PB 0x0000000704000000| Untracked |  0
|  12|0x0000000704200000, 0x0000000704400000, 0x0000000704400000|100%| O|  |TAMS 0x0000000704200000| PB 0x0000000704200000| Untracked |  0
|  13|0x0000000704400000, 0x0000000704600000, 0x0000000704600000|100%| O|  |TAMS 0x0000000704400000| PB 0x0000000704400000| Untracked |  0
|  14|0x0000000704600000, 0x0000000704800000, 0x0000000704800000|100%| O|  |TAMS 0x0000000704600000| PB 0x0000000704600000| Untracked |  0
|  15|0x0000000704800000, 0x0000000704a00000, 0x0000000704a00000|100%| O|  |TAMS 0x0000000704800000| PB 0x0000000704800000| Untracked |  0
|  16|0x0000000704a00000, 0x0000000704c00000, 0x0000000704c00000|100%| O|  |TAMS 0x0000000704a00000| PB 0x0000000704a00000| Untracked |  0
|  17|0x0000000704c00000, 0x0000000704c00000, 0x0000000704e00000|  0%| F|  |TAMS 0x0000000704c00000| PB 0x0000000704c00000| Untracked |  0
|  18|0x0000000704e00000, 0x0000000705000000, 0x0000000705000000|100%| O|  |TAMS 0x0000000704e00000| PB 0x0000000704e00000| Untracked |  0
|  19|0x0000000705000000, 0x0000000705200000, 0x0000000705200000|100%| O|  |TAMS 0x0000000705000000| PB 0x0000000705000000| Untracked |  0
|  20|0x0000000705200000, 0x0000000705400000, 0x0000000705400000|100%| O|  |TAMS 0x0000000705200000| PB 0x0000000705200000| Untracked |  0
|  21|0x0000000705400000, 0x0000000705600000, 0x0000000705600000|100%| O|  |TAMS 0x0000000705400000| PB 0x0000000705400000| Untracked |  0
|  22|0x0000000705600000, 0x0000000705800000, 0x0000000705800000|100%| O|  |TAMS 0x0000000705600000| PB 0x0000000705600000| Untracked |  0
|  23|0x0000000705800000, 0x0000000705a00000, 0x0000000705a00000|100%| O|  |TAMS 0x0000000705800000| PB 0x0000000705800000| Untracked |  0
|  24|0x0000000705a00000, 0x0000000705c00000, 0x0000000705c00000|100%| O|  |TAMS 0x0000000705a00000| PB 0x0000000705a00000| Untracked |  0
|  25|0x0000000705c00000, 0x0000000705e00000, 0x0000000705e00000|100%| O|  |TAMS 0x0000000705c00000| PB 0x0000000705c00000| Untracked |  0
|  26|0x0000000705e00000, 0x0000000706000000, 0x0000000706000000|100%| O|  |TAMS 0x0000000705e00000| PB 0x0000000705e00000| Untracked |  0
|  27|0x0000000706000000, 0x0000000706200000, 0x0000000706200000|100%| O|  |TAMS 0x0000000706000000| PB 0x0000000706000000| Untracked |  0
|  28|0x0000000706200000, 0x0000000706400000, 0x0000000706400000|100%|HS|  |TAMS 0x0000000706200000| PB 0x0000000706200000| Complete |  0
|  29|0x0000000706400000, 0x0000000706600000, 0x0000000706600000|100%|HC|  |TAMS 0x0000000706400000| PB 0x0000000706400000| Complete |  0
|  30|0x0000000706600000, 0x0000000706800000, 0x0000000706800000|100%|HC|  |TAMS 0x0000000706600000| PB 0x0000000706600000| Complete |  0
|  31|0x0000000706800000, 0x00000007069aa690, 0x0000000706a00000| 83%| O|Cm|TAMS 0x0000000706800000| PB 0x0000000706800000| Complete |  0
|  32|0x0000000706a00000, 0x0000000706c00000, 0x0000000706c00000|100%| O|  |TAMS 0x0000000706a00000| PB 0x0000000706a00000| Untracked |  0
|  33|0x0000000706c00000, 0x0000000706c00000, 0x0000000706e00000|  0%| F|  |TAMS 0x0000000706c00000| PB 0x0000000706c00000| Untracked |  0
|  34|0x0000000706e00000, 0x0000000707000000, 0x0000000707000000|100%| O|  |TAMS 0x0000000706e00000| PB 0x0000000706e00000| Untracked |  0
|  35|0x0000000707000000, 0x0000000707200000, 0x0000000707200000|100%|HS|  |TAMS 0x0000000707000000| PB 0x0000000707000000| Complete |  0
|  36|0x0000000707200000, 0x0000000707400000, 0x0000000707400000|100%|HC|  |TAMS 0x0000000707200000| PB 0x0000000707200000| Complete |  0
|  37|0x0000000707400000, 0x0000000707600000, 0x0000000707600000|100%|HC|  |TAMS 0x0000000707400000| PB 0x0000000707400000| Complete |  0
|  38|0x0000000707600000, 0x0000000707800000, 0x0000000707800000|100%| O|  |TAMS 0x0000000707600000| PB 0x0000000707600000| Untracked |  0
|  39|0x0000000707800000, 0x0000000707a00000, 0x0000000707a00000|100%| O|  |TAMS 0x0000000707800000| PB 0x0000000707800000| Untracked |  0
|  40|0x0000000707a00000, 0x0000000707a505d0, 0x0000000707c00000| 15%| O|  |TAMS 0x0000000707a00000| PB 0x0000000707a00000| Untracked |  0
|  41|0x0000000707c00000, 0x0000000707c00000, 0x0000000707e00000|  0%| F|  |TAMS 0x0000000707c00000| PB 0x0000000707c00000| Untracked |  0
|  42|0x0000000707e00000, 0x0000000707e00000, 0x0000000708000000|  0%| F|  |TAMS 0x0000000707e00000| PB 0x0000000707e00000| Untracked |  0
|  43|0x0000000708000000, 0x0000000708000000, 0x0000000708200000|  0%| F|  |TAMS 0x0000000708000000| PB 0x0000000708000000| Untracked |  0
|  44|0x0000000708200000, 0x0000000708200000, 0x0000000708400000|  0%| F|  |TAMS 0x0000000708200000| PB 0x0000000708200000| Untracked |  0
|  45|0x0000000708400000, 0x0000000708400000, 0x0000000708600000|  0%| F|  |TAMS 0x0000000708400000| PB 0x0000000708400000| Untracked |  0
|  46|0x0000000708600000, 0x0000000708600000, 0x0000000708800000|  0%| F|  |TAMS 0x0000000708600000| PB 0x0000000708600000| Untracked |  0
|  47|0x0000000708800000, 0x0000000708800000, 0x0000000708a00000|  0%| F|  |TAMS 0x0000000708800000| PB 0x0000000708800000| Untracked |  0
|  48|0x0000000708a00000, 0x0000000708a00000, 0x0000000708c00000|  0%| F|  |TAMS 0x0000000708a00000| PB 0x0000000708a00000| Untracked |  0
|  49|0x0000000708c00000, 0x0000000708c00000, 0x0000000708e00000|  0%| F|  |TAMS 0x0000000708c00000| PB 0x0000000708c00000| Untracked |  0
|  50|0x0000000708e00000, 0x0000000708e00000, 0x0000000709000000|  0%| F|  |TAMS 0x0000000708e00000| PB 0x0000000708e00000| Untracked |  0
|  51|0x0000000709000000, 0x000000070919d968, 0x0000000709200000| 80%| S|CS|TAMS 0x0000000709000000| PB 0x0000000709000000| Complete |  0
|  52|0x0000000709200000, 0x0000000709400000, 0x0000000709400000|100%| S|CS|TAMS 0x0000000709200000| PB 0x0000000709200000| Complete |  0
|  53|0x0000000709400000, 0x0000000709600000, 0x0000000709600000|100%| S|CS|TAMS 0x0000000709400000| PB 0x0000000709400000| Complete |  0
|  54|0x0000000709600000, 0x0000000709800000, 0x0000000709800000|100%| S|CS|TAMS 0x0000000709600000| PB 0x0000000709600000| Complete |  0
|  55|0x0000000709800000, 0x0000000709800000, 0x0000000709a00000|  0%| F|  |TAMS 0x0000000709800000| PB 0x0000000709800000| Untracked |  0
|  56|0x0000000709a00000, 0x0000000709a00000, 0x0000000709c00000|  0%| F|  |TAMS 0x0000000709a00000| PB 0x0000000709a00000| Untracked |  0
|  57|0x0000000709c00000, 0x0000000709c00000, 0x0000000709e00000|  0%| F|  |TAMS 0x0000000709c00000| PB 0x0000000709c00000| Untracked |  0
|  58|0x0000000709e00000, 0x0000000709e00000, 0x000000070a000000|  0%| F|  |TAMS 0x0000000709e00000| PB 0x0000000709e00000| Untracked |  0
|  59|0x000000070a000000, 0x000000070a000000, 0x000000070a200000|  0%| F|  |TAMS 0x000000070a000000| PB 0x000000070a000000| Untracked |  0
|  60|0x000000070a200000, 0x000000070a200000, 0x000000070a400000|  0%| F|  |TAMS 0x000000070a200000| PB 0x000000070a200000| Untracked |  0
|  61|0x000000070a400000, 0x000000070a400000, 0x000000070a600000|  0%| F|  |TAMS 0x000000070a400000| PB 0x000000070a400000| Untracked |  0
|  62|0x000000070a600000, 0x000000070a600000, 0x000000070a800000|  0%| F|  |TAMS 0x000000070a600000| PB 0x000000070a600000| Untracked |  0
|  63|0x000000070a800000, 0x000000070a800000, 0x000000070aa00000|  0%| F|  |TAMS 0x000000070a800000| PB 0x000000070a800000| Untracked |  0
|  64|0x000000070aa00000, 0x000000070aa00000, 0x000000070ac00000|  0%| F|  |TAMS 0x000000070aa00000| PB 0x000000070aa00000| Untracked |  0
|  65|0x000000070ac00000, 0x000000070ac00000, 0x000000070ae00000|  0%| F|  |TAMS 0x000000070ac00000| PB 0x000000070ac00000| Untracked |  0
|  66|0x000000070ae00000, 0x000000070ae00000, 0x000000070b000000|  0%| F|  |TAMS 0x000000070ae00000| PB 0x000000070ae00000| Untracked |  0
|  67|0x000000070b000000, 0x000000070b000000, 0x000000070b200000|  0%| F|  |TAMS 0x000000070b000000| PB 0x000000070b000000| Untracked |  0
|  68|0x000000070b200000, 0x000000070b200000, 0x000000070b400000|  0%| F|  |TAMS 0x000000070b200000| PB 0x000000070b200000| Untracked |  0
|  69|0x000000070b400000, 0x000000070b400000, 0x000000070b600000|  0%| F|  |TAMS 0x000000070b400000| PB 0x000000070b400000| Untracked |  0
|  70|0x000000070b600000, 0x000000070b600000, 0x000000070b800000|  0%| F|  |TAMS 0x000000070b600000| PB 0x000000070b600000| Untracked |  0
|  71|0x000000070b800000, 0x000000070b800000, 0x000000070ba00000|  0%| F|  |TAMS 0x000000070b800000| PB 0x000000070b800000| Untracked |  0
|  72|0x000000070ba00000, 0x000000070ba00000, 0x000000070bc00000|  0%| F|  |TAMS 0x000000070ba00000| PB 0x000000070ba00000| Untracked |  0
|  73|0x000000070bc00000, 0x000000070bc00000, 0x000000070be00000|  0%| F|  |TAMS 0x000000070bc00000| PB 0x000000070bc00000| Untracked |  0
|  74|0x000000070be00000, 0x000000070be00000, 0x000000070c000000|  0%| F|  |TAMS 0x000000070be00000| PB 0x000000070be00000| Untracked |  0
|  75|0x000000070c000000, 0x000000070c000000, 0x000000070c200000|  0%| F|  |TAMS 0x000000070c000000| PB 0x000000070c000000| Untracked |  0
|  76|0x000000070c200000, 0x000000070c200000, 0x000000070c400000|  0%| F|  |TAMS 0x000000070c200000| PB 0x000000070c200000| Untracked |  0
|  77|0x000000070c400000, 0x000000070c400000, 0x000000070c600000|  0%| F|  |TAMS 0x000000070c400000| PB 0x000000070c400000| Untracked |  0
|  78|0x000000070c600000, 0x000000070c600000, 0x000000070c800000|  0%| F|  |TAMS 0x000000070c600000| PB 0x000000070c600000| Untracked |  0
|  79|0x000000070c800000, 0x000000070c800000, 0x000000070ca00000|  0%| F|  |TAMS 0x000000070c800000| PB 0x000000070c800000| Untracked |  0
|  80|0x000000070ca00000, 0x000000070ca00000, 0x000000070cc00000|  0%| F|  |TAMS 0x000000070ca00000| PB 0x000000070ca00000| Untracked |  0
|  81|0x000000070cc00000, 0x000000070cc00000, 0x000000070ce00000|  0%| F|  |TAMS 0x000000070cc00000| PB 0x000000070cc00000| Untracked |  0
|  82|0x000000070ce00000, 0x000000070ce00000, 0x000000070d000000|  0%| F|  |TAMS 0x000000070ce00000| PB 0x000000070ce00000| Untracked |  0
|  83|0x000000070d000000, 0x000000070d000000, 0x000000070d200000|  0%| F|  |TAMS 0x000000070d000000| PB 0x000000070d000000| Untracked |  0
|  84|0x000000070d200000, 0x000000070d200000, 0x000000070d400000|  0%| F|  |TAMS 0x000000070d200000| PB 0x000000070d200000| Untracked |  0
|  85|0x000000070d400000, 0x000000070d400000, 0x000000070d600000|  0%| F|  |TAMS 0x000000070d400000| PB 0x000000070d400000| Untracked |  0
|  86|0x000000070d600000, 0x000000070d600000, 0x000000070d800000|  0%| F|  |TAMS 0x000000070d600000| PB 0x000000070d600000| Untracked |  0
|  87|0x000000070d800000, 0x000000070d800000, 0x000000070da00000|  0%| F|  |TAMS 0x000000070d800000| PB 0x000000070d800000| Untracked |  0
|  88|0x000000070da00000, 0x000000070da00000, 0x000000070dc00000|  0%| F|  |TAMS 0x000000070da00000| PB 0x000000070da00000| Untracked |  0
|  89|0x000000070dc00000, 0x000000070dc00000, 0x000000070de00000|  0%| F|  |TAMS 0x000000070dc00000| PB 0x000000070dc00000| Untracked |  0
|  90|0x000000070de00000, 0x000000070de00000, 0x000000070e000000|  0%| F|  |TAMS 0x000000070de00000| PB 0x000000070de00000| Untracked |  0
|  91|0x000000070e000000, 0x000000070e000000, 0x000000070e200000|  0%| F|  |TAMS 0x000000070e000000| PB 0x000000070e000000| Untracked |  0
|  92|0x000000070e200000, 0x000000070e200000, 0x000000070e400000|  0%| F|  |TAMS 0x000000070e200000| PB 0x000000070e200000| Untracked |  0
|  93|0x000000070e400000, 0x000000070e400000, 0x000000070e600000|  0%| F|  |TAMS 0x000000070e400000| PB 0x000000070e400000| Untracked |  0
|  94|0x000000070e600000, 0x000000070e600000, 0x000000070e800000|  0%| F|  |TAMS 0x000000070e600000| PB 0x000000070e600000| Untracked |  0
|  95|0x000000070e800000, 0x000000070e800000, 0x000000070ea00000|  0%| F|  |TAMS 0x000000070e800000| PB 0x000000070e800000| Untracked |  0
|  96|0x000000070ea00000, 0x000000070ea00000, 0x000000070ec00000|  0%| F|  |TAMS 0x000000070ea00000| PB 0x000000070ea00000| Untracked |  0
|  97|0x000000070ec00000, 0x000000070ec00000, 0x000000070ee00000|  0%| F|  |TAMS 0x000000070ec00000| PB 0x000000070ec00000| Untracked |  0
|  98|0x000000070ee00000, 0x000000070ee00000, 0x000000070f000000|  0%| F|  |TAMS 0x000000070ee00000| PB 0x000000070ee00000| Untracked |  0
|  99|0x000000070f000000, 0x000000070f000000, 0x000000070f200000|  0%| F|  |TAMS 0x000000070f000000| PB 0x000000070f000000| Untracked |  0
| 100|0x000000070f200000, 0x000000070f200000, 0x000000070f400000|  0%| F|  |TAMS 0x000000070f200000| PB 0x000000070f200000| Untracked |  0
| 101|0x000000070f400000, 0x000000070f400000, 0x000000070f600000|  0%| F|  |TAMS 0x000000070f400000| PB 0x000000070f400000| Untracked |  0
| 102|0x000000070f600000, 0x000000070f600000, 0x000000070f800000|  0%| F|  |TAMS 0x000000070f600000| PB 0x000000070f600000| Untracked |  0
| 103|0x000000070f800000, 0x000000070f800000, 0x000000070fa00000|  0%| F|  |TAMS 0x000000070f800000| PB 0x000000070f800000| Untracked |  0
| 104|0x000000070fa00000, 0x000000070fa00000, 0x000000070fc00000|  0%| F|  |TAMS 0x000000070fa00000| PB 0x000000070fa00000| Untracked |  0
| 105|0x000000070fc00000, 0x000000070fc00000, 0x000000070fe00000|  0%| F|  |TAMS 0x000000070fc00000| PB 0x000000070fc00000| Untracked |  0
| 106|0x000000070fe00000, 0x000000070fe00000, 0x0000000710000000|  0%| F|  |TAMS 0x000000070fe00000| PB 0x000000070fe00000| Untracked |  0
| 107|0x0000000710000000, 0x0000000710000000, 0x0000000710200000|  0%| F|  |TAMS 0x0000000710000000| PB 0x0000000710000000| Untracked |  0
| 108|0x0000000710200000, 0x0000000710200000, 0x0000000710400000|  0%| F|  |TAMS 0x0000000710200000| PB 0x0000000710200000| Untracked |  0
| 109|0x0000000710400000, 0x0000000710400000, 0x0000000710600000|  0%| F|  |TAMS 0x0000000710400000| PB 0x0000000710400000| Untracked |  0
| 110|0x0000000710600000, 0x0000000710600000, 0x0000000710800000|  0%| F|  |TAMS 0x0000000710600000| PB 0x0000000710600000| Untracked |  0
| 111|0x0000000710800000, 0x0000000710800000, 0x0000000710a00000|  0%| F|  |TAMS 0x0000000710800000| PB 0x0000000710800000| Untracked |  0
| 112|0x0000000710a00000, 0x0000000710a00000, 0x0000000710c00000|  0%| F|  |TAMS 0x0000000710a00000| PB 0x0000000710a00000| Untracked |  0
| 113|0x0000000710c00000, 0x0000000710c00000, 0x0000000710e00000|  0%| F|  |TAMS 0x0000000710c00000| PB 0x0000000710c00000| Untracked |  0
| 114|0x0000000710e00000, 0x0000000710e00000, 0x0000000711000000|  0%| F|  |TAMS 0x0000000710e00000| PB 0x0000000710e00000| Untracked |  0
| 115|0x0000000711000000, 0x0000000711000000, 0x0000000711200000|  0%| F|  |TAMS 0x0000000711000000| PB 0x0000000711000000| Untracked |  0
| 116|0x0000000711200000, 0x0000000711200000, 0x0000000711400000|  0%| F|  |TAMS 0x0000000711200000| PB 0x0000000711200000| Untracked |  0
| 117|0x0000000711400000, 0x0000000711400000, 0x0000000711600000|  0%| F|  |TAMS 0x0000000711400000| PB 0x0000000711400000| Untracked |  0
| 118|0x0000000711600000, 0x0000000711600000, 0x0000000711800000|  0%| F|  |TAMS 0x0000000711600000| PB 0x0000000711600000| Untracked |  0
| 119|0x0000000711800000, 0x0000000711800000, 0x0000000711a00000|  0%| F|  |TAMS 0x0000000711800000| PB 0x0000000711800000| Untracked |  0
| 120|0x0000000711a00000, 0x0000000711a00000, 0x0000000711c00000|  0%| F|  |TAMS 0x0000000711a00000| PB 0x0000000711a00000| Untracked |  0
| 121|0x0000000711c00000, 0x0000000711c00000, 0x0000000711e00000|  0%| F|  |TAMS 0x0000000711c00000| PB 0x0000000711c00000| Untracked |  0
| 122|0x0000000711e00000, 0x0000000711e00000, 0x0000000712000000|  0%| F|  |TAMS 0x0000000711e00000| PB 0x0000000711e00000| Untracked |  0
| 123|0x0000000712000000, 0x0000000712000000, 0x0000000712200000|  0%| F|  |TAMS 0x0000000712000000| PB 0x0000000712000000| Untracked |  0
| 124|0x0000000712200000, 0x0000000712200000, 0x0000000712400000|  0%| F|  |TAMS 0x0000000712200000| PB 0x0000000712200000| Untracked |  0
| 125|0x0000000712400000, 0x0000000712400000, 0x0000000712600000|  0%| F|  |TAMS 0x0000000712400000| PB 0x0000000712400000| Untracked |  0
| 126|0x0000000712600000, 0x0000000712600000, 0x0000000712800000|  0%| F|  |TAMS 0x0000000712600000| PB 0x0000000712600000| Untracked |  0
| 127|0x0000000712800000, 0x0000000712800000, 0x0000000712a00000|  0%| F|  |TAMS 0x0000000712800000| PB 0x0000000712800000| Untracked |  0
| 128|0x0000000712a00000, 0x0000000712a00000, 0x0000000712c00000|  0%| F|  |TAMS 0x0000000712a00000| PB 0x0000000712a00000| Untracked |  0
| 129|0x0000000712c00000, 0x0000000712c00000, 0x0000000712e00000|  0%| F|  |TAMS 0x0000000712c00000| PB 0x0000000712c00000| Untracked |  0
| 130|0x0000000712e00000, 0x0000000712e00000, 0x0000000713000000|  0%| F|  |TAMS 0x0000000712e00000| PB 0x0000000712e00000| Untracked |  0
| 131|0x0000000713000000, 0x0000000713000000, 0x0000000713200000|  0%| F|  |TAMS 0x0000000713000000| PB 0x0000000713000000| Untracked |  0
| 132|0x0000000713200000, 0x0000000713200000, 0x0000000713400000|  0%| F|  |TAMS 0x0000000713200000| PB 0x0000000713200000| Untracked |  0
| 133|0x0000000713400000, 0x0000000713400000, 0x0000000713600000|  0%| F|  |TAMS 0x0000000713400000| PB 0x0000000713400000| Untracked |  0
| 134|0x0000000713600000, 0x0000000713600000, 0x0000000713800000|  0%| F|  |TAMS 0x0000000713600000| PB 0x0000000713600000| Untracked |  0
| 135|0x0000000713800000, 0x0000000713800000, 0x0000000713a00000|  0%| F|  |TAMS 0x0000000713800000| PB 0x0000000713800000| Untracked |  0
| 136|0x0000000713a00000, 0x0000000713a00000, 0x0000000713c00000|  0%| F|  |TAMS 0x0000000713a00000| PB 0x0000000713a00000| Untracked |  0
| 137|0x0000000713c00000, 0x0000000713c00000, 0x0000000713e00000|  0%| F|  |TAMS 0x0000000713c00000| PB 0x0000000713c00000| Untracked |  0
|2020|0x00000007ff200000, 0x00000007ff302458, 0x00000007ff400000| 50%| E|  |TAMS 0x00000007ff200000| PB 0x00000007ff200000| Complete |  0
|2026|0x00000007ffe00000, 0x0000000800000000, 0x0000000800000000|100%| O|Cm|TAMS 0x00000007ffe00000| PB 0x00000007ffe00000| Complete |  0

Card table byte_map: [0x00000193356c0000,0x0000019335eb0000] _byte_map_base: 0x0000019331eab000

Marking Bits: (CMBitMap*) 0x000001931d67d350
 Bits: [0x0000019335eb0000, 0x0000019339e08000)

Polling page: 0x000001931b5a0000

Metaspace:

Usage:
  Non-class:     99.89 MB used.
      Class:     15.25 MB used.
       Both:    115.14 MB used.

Virtual space:
  Non-class space:      128.00 MB reserved,     100.62 MB ( 79%) committed,  2 nodes.
      Class space:        1.00 GB reserved,      15.88 MB (  2%) committed,  1 nodes.
             Both:        1.12 GB reserved,     116.50 MB ( 10%) committed. 

Chunk freelists:
   Non-Class:  10.64 MB
       Class:  101.00 KB
        Both:  10.74 MB

MaxMetaspaceSize: unlimited
CompressedClassSpaceSize: 1.00 GB
Initial GC threshold: 21.00 MB
Current GC threshold: 194.19 MB
CDS: on
 - commit_granule_bytes: 65536.
 - commit_granule_words: 8192.
 - virtual_space_node_default_size: 8388608.
 - enlarge_chunks_in_place: 1.
 - use_allocation_guard: 0.


Internal statistics:

num_allocs_failed_limit: 9.
num_arena_births: 2256.
num_arena_deaths: 2.
num_vsnodes_births: 3.
num_vsnodes_deaths: 0.
num_space_committed: 1863.
num_space_uncommitted: 0.
num_chunks_returned_to_freelist: 12.
num_chunks_taken_from_freelist: 6794.
num_chunk_merges: 9.
num_chunk_splits: 4711.
num_chunks_enlarged: 3473.
num_inconsistent_stats: 0.

CodeHeap 'non-profiled nmethods': size=120000Kb used=12082Kb max_used=13824Kb free=107917Kb
 bounds [0x000001932d670000, 0x000001932e450000, 0x0000019334ba0000]
CodeHeap 'profiled nmethods': size=120000Kb used=30522Kb max_used=37991Kb free=89478Kb
 bounds [0x0000019325ba0000, 0x00000193280c0000, 0x000001932d0d0000]
CodeHeap 'non-nmethods': size=5760Kb used=1930Kb max_used=2041Kb free=3829Kb
 bounds [0x000001932d0d0000, 0x000001932d340000, 0x000001932d670000]
 total_blobs=15620 nmethods=14722 adapters=799
 compilation: enabled
              stopped_count=0, restarted_count=0
 full_count=0

Compilation events (20 events):
Event: 2551.496 Thread 0x000001933c9999a0 nmethod 21559 0x00000193261ef890 code [0x00000193261efa40, 0x00000193261efd48]
Event: 2551.496 Thread 0x000001933c9999a0 21560       3       org.hibernate.sql.results.graph.collection.internal.SelectEagerCollectionInitializer::resolveInstance (8 bytes)
Event: 2551.497 Thread 0x000001933c9999a0 nmethod 21560 0x0000019326156510 code [0x00000193261566c0, 0x0000019326156888]
Event: 2551.516 Thread 0x000001933c44e7a0 nmethod 21558 0x000001932da5fa10 code [0x000001932da5fc80, 0x000001932da60540]
Event: 2555.389 Thread 0x000001933c9999a0 21561       1       com.zaxxer.hikari.HikariConfig::getMinimumIdle (5 bytes)
Event: 2555.390 Thread 0x000001933c9999a0 nmethod 21561 0x000001932db44310 code [0x000001932db444a0, 0x000001932db44568]
Event: 2555.749 Thread 0x000001933c9999a0 21562       3       org.apache.catalina.webresources.StandardRoot::gc (70 bytes)
Event: 2555.750 Thread 0x000001933c9999a0 nmethod 21562 0x0000019326187a10 code [0x0000019326187c40, 0x0000019326188638]
Event: 2555.750 Thread 0x000001933c9999a0 21563       3       org.apache.catalina.webresources.AbstractFileResourceSet::gc (1 bytes)
Event: 2555.751 Thread 0x000001933c9999a0 nmethod 21563 0x0000019325fb4890 code [0x0000019325fb4a20, 0x0000019325fb4b28]
Event: 2563.759 Thread 0x000001933c9999a0 21564       3       org.apache.catalina.core.StandardServer$$Lambda/0x000001933e534e50::run (8 bytes)
Event: 2563.759 Thread 0x000001933c9999a0 nmethod 21564 0x0000019325ebe990 code [0x0000019325ebeb40, 0x0000019325ebed90]
Event: 2563.759 Thread 0x000001933c9999a0 21565       3       org.apache.catalina.core.StandardServer::lambda$startPeriodicLifecycleEvent$0 (9 bytes)
Event: 2563.760 Thread 0x000001933c9999a0 nmethod 21565 0x00000193261aac10 code [0x00000193261aadc0, 0x00000193261aaf98]
Event: 2565.764 Thread 0x000001933c9999a0 21566       3       org.apache.catalina.core.ContainerBase$ContainerBackgroundProcessor::run (9 bytes)
Event: 2565.764 Thread 0x000001933c9999a0 nmethod 21566 0x00000193261a4c10 code [0x00000193261a4dc0, 0x00000193261a4f20]
Event: 2565.764 Thread 0x000001933c9999a0 21567  s!   3       org.apache.catalina.core.StandardContext::backgroundProcess (203 bytes)
Event: 2565.767 Thread 0x000001933c9999a0 nmethod 21567 0x0000019325bff710 code [0x0000019325bffb00, 0x0000019325c019b0]
Event: 2565.768 Thread 0x000001933c9999a0 21568   !   3       org.apache.catalina.loader.WebappLoader::backgroundProcess (68 bytes)
Event: 2565.769 Thread 0x000001933c9999a0 nmethod 21568 0x0000019325ecac90 code [0x0000019325ecaee0, 0x0000019325ecb8f0]

GC Heap History (20 events):
Event: 615.781 GC heap before
{Heap before GC invocations=41 (full 0):
 garbage-first heap   total reserved 4151296K, committed 321536K, used 189361K [0x0000000702a00000, 0x0000000800000000)
  region size 2048K, 63 young (129024K), 6 survivors (12288K)
 Metaspace       used 113813K, committed 115008K, reserved 1179648K
  class space    used 15153K, committed 15680K, reserved 1048576K
}
Event: 615.789 GC heap after
{Heap after GC invocations=42 (full 0):
 garbage-first heap   total reserved 4151296K, committed 321536K, used 81298K [0x0000000702a00000, 0x0000000800000000)
  region size 2048K, 8 young (16384K), 8 survivors (16384K)
 Metaspace       used 113813K, committed 115008K, reserved 1179648K
  class space    used 15153K, committed 15680K, reserved 1048576K
}
Event: 743.282 GC heap before
{Heap before GC invocations=43 (full 0):
 garbage-first heap   total reserved 4151296K, committed 301056K, used 249234K [0x0000000702a00000, 0x0000000800000000)
  region size 2048K, 88 young (180224K), 8 survivors (16384K)
 Metaspace       used 116802K, committed 118080K, reserved 1179648K
  class space    used 15530K, committed 16128K, reserved 1048576K
}
Event: 743.298 GC heap after
{Heap after GC invocations=44 (full 0):
 garbage-first heap   total reserved 4151296K, committed 301056K, used 88202K [0x0000000702a00000, 0x0000000800000000)
  region size 2048K, 6 young (12288K), 6 survivors (12288K)
 Metaspace       used 116802K, committed 118080K, reserved 1179648K
  class space    used 15530K, committed 16128K, reserved 1048576K
}
Event: 904.869 GC heap before
{Heap before GC invocations=44 (full 0):
 garbage-first heap   total reserved 4151296K, committed 301056K, used 256138K [0x0000000702a00000, 0x0000000800000000)
  region size 2048K, 88 young (180224K), 6 survivors (12288K)
 Metaspace       used 117400K, committed 118720K, reserved 1179648K
  class space    used 15592K, committed 16192K, reserved 1048576K
}
Event: 904.876 GC heap after
{Heap after GC invocations=45 (full 0):
 garbage-first heap   total reserved 4151296K, committed 301056K, used 85611K [0x0000000702a00000, 0x0000000800000000)
  region size 2048K, 6 young (12288K), 6 survivors (12288K)
 Metaspace       used 117400K, committed 118720K, reserved 1179648K
  class space    used 15592K, committed 16192K, reserved 1048576K
}
Event: 1130.511 GC heap before
{Heap before GC invocations=45 (full 0):
 garbage-first heap   total reserved 4151296K, committed 301056K, used 253547K [0x0000000702a00000, 0x0000000800000000)
  region size 2048K, 88 young (180224K), 6 survivors (12288K)
 Metaspace       used 117497K, committed 118784K, reserved 1179648K
  class space    used 15594K, committed 16192K, reserved 1048576K
}
Event: 1130.519 GC heap after
{Heap after GC invocations=46 (full 0):
 garbage-first heap   total reserved 4151296K, committed 301056K, used 84998K [0x0000000702a00000, 0x0000000800000000)
  region size 2048K, 6 young (12288K), 6 survivors (12288K)
 Metaspace       used 117497K, committed 118784K, reserved 1179648K
  class space    used 15594K, committed 16192K, reserved 1048576K
}
Event: 1367.649 GC heap before
{Heap before GC invocations=47 (full 0):
 garbage-first heap   total reserved 4151296K, committed 286720K, used 244742K [0x0000000702a00000, 0x0000000800000000)
  region size 2048K, 84 young (172032K), 6 survivors (12288K)
 Metaspace       used 117537K, committed 118912K, reserved 1179648K
  class space    used 15597K, committed 16192K, reserved 1048576K
}
Event: 1367.660 GC heap after
{Heap after GC invocations=48 (full 0):
 garbage-first heap   total reserved 4151296K, committed 286720K, used 85673K [0x0000000702a00000, 0x0000000800000000)
  region size 2048K, 6 young (12288K), 6 survivors (12288K)
 Metaspace       used 117537K, committed 118912K, reserved 1179648K
  class space    used 15597K, committed 16192K, reserved 1048576K
}
Event: 1616.675 GC heap before
{Heap before GC invocations=48 (full 0):
 garbage-first heap   total reserved 4151296K, committed 286720K, used 245417K [0x0000000702a00000, 0x0000000800000000)
  region size 2048K, 84 young (172032K), 6 survivors (12288K)
 Metaspace       used 117542K, committed 118912K, reserved 1179648K
  class space    used 15597K, committed 16192K, reserved 1048576K
}
Event: 1616.701 GC heap after
{Heap after GC invocations=49 (full 0):
 garbage-first heap   total reserved 4151296K, committed 286720K, used 82736K [0x0000000702a00000, 0x0000000800000000)
  region size 2048K, 7 young (14336K), 7 survivors (14336K)
 Metaspace       used 117542K, committed 118912K, reserved 1179648K
  class space    used 15597K, committed 16192K, reserved 1048576K
}
Event: 1804.772 GC heap before
{Heap before GC invocations=49 (full 0):
 garbage-first heap   total reserved 4151296K, committed 286720K, used 211760K [0x0000000702a00000, 0x0000000800000000)
  region size 2048K, 71 young (145408K), 7 survivors (14336K)
 Metaspace       used 117668K, committed 119040K, reserved 1179648K
  class space    used 15607K, committed 16256K, reserved 1048576K
}
Event: 1804.789 GC heap after
{Heap after GC invocations=50 (full 0):
 garbage-first heap   total reserved 4151296K, committed 286720K, used 82732K [0x0000000702a00000, 0x0000000800000000)
  region size 2048K, 7 young (14336K), 7 survivors (14336K)
 Metaspace       used 117668K, committed 119040K, reserved 1179648K
  class space    used 15607K, committed 16256K, reserved 1048576K
}
Event: 2019.535 GC heap before
{Heap before GC invocations=51 (full 0):
 garbage-first heap   total reserved 4151296K, committed 286720K, used 244524K [0x0000000702a00000, 0x0000000800000000)
  region size 2048K, 84 young (172032K), 7 survivors (14336K)
 Metaspace       used 117844K, committed 119232K, reserved 1179648K
  class space    used 15614K, committed 16256K, reserved 1048576K
}
Event: 2019.555 GC heap after
{Heap after GC invocations=52 (full 0):
 garbage-first heap   total reserved 4151296K, committed 286720K, used 89744K [0x0000000702a00000, 0x0000000800000000)
  region size 2048K, 5 young (10240K), 5 survivors (10240K)
 Metaspace       used 117844K, committed 119232K, reserved 1179648K
  class space    used 15614K, committed 16256K, reserved 1048576K
}
Event: 2293.473 GC heap before
{Heap before GC invocations=52 (full 0):
 garbage-first heap   total reserved 4151296K, committed 286720K, used 251536K [0x0000000702a00000, 0x0000000800000000)
  region size 2048K, 84 young (172032K), 5 survivors (10240K)
 Metaspace       used 117865K, committed 119296K, reserved 1179648K
  class space    used 15614K, committed 16256K, reserved 1048576K
}
Event: 2293.491 GC heap after
{Heap after GC invocations=53 (full 0):
 garbage-first heap   total reserved 4151296K, committed 286720K, used 88004K [0x0000000702a00000, 0x0000000800000000)
  region size 2048K, 4 young (8192K), 4 survivors (8192K)
 Metaspace       used 117865K, committed 119296K, reserved 1179648K
  class space    used 15614K, committed 16256K, reserved 1048576K
}
Event: 2569.614 GC heap before
{Heap before GC invocations=53 (full 0):
 garbage-first heap   total reserved 4151296K, committed 286720K, used 251844K [0x0000000702a00000, 0x0000000800000000)
  region size 2048K, 84 young (172032K), 4 survivors (8192K)
 Metaspace       used 117902K, committed 119296K, reserved 1179648K
  class space    used 15614K, committed 16256K, reserved 1048576K
}
Event: 2569.633 GC heap after
{Heap after GC invocations=54 (full 0):
 garbage-first heap   total reserved 4151296K, committed 286720K, used 87649K [0x0000000702a00000, 0x0000000800000000)
  region size 2048K, 4 young (8192K), 4 survivors (8192K)
 Metaspace       used 117902K, committed 119296K, reserved 1179648K
  class space    used 15614K, committed 16256K, reserved 1048576K
}

Dll operation events (14 events):
Event: 0.009 Loaded shared library C:\Users\admin\.jdks\corretto-22.0.2\bin\java.dll
Event: 0.034 Loaded shared library C:\Users\admin\.jdks\corretto-22.0.2\bin\jsvml.dll
Event: 0.112 Loaded shared library C:\Users\admin\.jdks\corretto-22.0.2\bin\zip.dll
Event: 0.115 Loaded shared library C:\Users\admin\.jdks\corretto-22.0.2\bin\instrument.dll
Event: 0.119 Loaded shared library C:\Users\admin\.jdks\corretto-22.0.2\bin\net.dll
Event: 0.120 Loaded shared library C:\Users\admin\.jdks\corretto-22.0.2\bin\nio.dll
Event: 0.123 Loaded shared library C:\Users\admin\.jdks\corretto-22.0.2\bin\zip.dll
Event: 0.232 Loaded shared library C:\Users\admin\.jdks\corretto-22.0.2\bin\extnet.dll
Event: 0.259 Loaded shared library C:\Users\admin\.jdks\corretto-22.0.2\bin\verify.dll
Event: 0.269 Loaded shared library C:\Users\admin\.jdks\corretto-22.0.2\bin\jimage.dll
Event: 0.633 Loaded shared library C:\Users\admin\.jdks\corretto-22.0.2\bin\management.dll
Event: 0.635 Loaded shared library C:\Users\admin\.jdks\corretto-22.0.2\bin\management_ext.dll
Event: 1.126 Loaded shared library C:\Users\admin\.jdks\corretto-22.0.2\bin\le.dll
Event: 1.672 Loaded shared library C:\Users\admin\.jdks\corretto-22.0.2\bin\sunmscapi.dll

Deoptimization events (20 events):
Event: 1830.779 Thread 0x0000019307190af0 Uncommon trap: trap_request=0xffffff45 fr.pc=0x000001932d770f6c relative=0x000000000000020c
Event: 1830.779 Thread 0x0000019307190af0 Uncommon trap: reason=unstable_if action=reinterpret pc=0x000001932d770f6c method=java.util.concurrent.ConcurrentHashMap.addCount(JI)V @ 7 c2
Event: 1830.779 Thread 0x0000019307190af0 DEOPT PACKING pc=0x000001932d770f6c sp=0x000000348a6ff0d0
Event: 1830.779 Thread 0x0000019307190af0 DEOPT UNPACKING pc=0x000001932d1246a2 sp=0x000000348a6ff030 mode 2
Event: 1839.666 Thread 0x0000019307191180 Uncommon trap: trap_request=0xffffffd6 fr.pc=0x000001932e4146a0 relative=0x0000000000005c20
Event: 1839.666 Thread 0x0000019307191180 Uncommon trap: reason=array_check action=maybe_recompile pc=0x000001932e4146a0 method=org.hibernate.sql.results.jdbc.internal.JdbcValuesResultSetImpl.<init>(Lorg/hibernate/sql/results/jdbc/internal/ResultSetAccess;Lorg/hibernate/cache/spi/QueryKey;Ljava/l
Event: 1839.666 Thread 0x0000019307191180 DEOPT PACKING pc=0x000001932e4146a0 sp=0x0000003489af82a0
Event: 1839.666 Thread 0x0000019307191180 DEOPT UNPACKING pc=0x000001932d1246a2 sp=0x0000003489af82b8 mode 2
Event: 1839.670 Thread 0x0000019307191180 Uncommon trap: trap_request=0xffffffd6 fr.pc=0x000001932e4146a0 relative=0x0000000000005c20
Event: 1839.670 Thread 0x0000019307191180 Uncommon trap: reason=array_check action=maybe_recompile pc=0x000001932e4146a0 method=org.hibernate.sql.results.jdbc.internal.JdbcValuesResultSetImpl.<init>(Lorg/hibernate/sql/results/jdbc/internal/ResultSetAccess;Lorg/hibernate/cache/spi/QueryKey;Ljava/l
Event: 1839.670 Thread 0x0000019307191180 DEOPT PACKING pc=0x000001932e4146a0 sp=0x0000003489af8860
Event: 1839.670 Thread 0x0000019307191180 DEOPT UNPACKING pc=0x000001932d1246a2 sp=0x0000003489af8878 mode 2
Event: 1839.673 Thread 0x0000019307191180 Uncommon trap: trap_request=0xffffffd6 fr.pc=0x000001932e4146a0 relative=0x0000000000005c20
Event: 1839.673 Thread 0x0000019307191180 Uncommon trap: reason=array_check action=maybe_recompile pc=0x000001932e4146a0 method=org.hibernate.sql.results.jdbc.internal.JdbcValuesResultSetImpl.<init>(Lorg/hibernate/sql/results/jdbc/internal/ResultSetAccess;Lorg/hibernate/cache/spi/QueryKey;Ljava/l
Event: 1839.673 Thread 0x0000019307191180 DEOPT PACKING pc=0x000001932e4146a0 sp=0x0000003489af8510
Event: 1839.673 Thread 0x0000019307191180 DEOPT UNPACKING pc=0x000001932d1246a2 sp=0x0000003489af8528 mode 2
Event: 1839.676 Thread 0x0000019307191180 Uncommon trap: trap_request=0xffffffd6 fr.pc=0x000001932e4146a0 relative=0x0000000000005c20
Event: 1839.676 Thread 0x0000019307191180 Uncommon trap: reason=array_check action=maybe_recompile pc=0x000001932e4146a0 method=org.hibernate.sql.results.jdbc.internal.JdbcValuesResultSetImpl.<init>(Lorg/hibernate/sql/results/jdbc/internal/ResultSetAccess;Lorg/hibernate/cache/spi/QueryKey;Ljava/l
Event: 1839.676 Thread 0x0000019307191180 DEOPT PACKING pc=0x000001932e4146a0 sp=0x0000003489af8510
Event: 1839.676 Thread 0x0000019307191180 DEOPT UNPACKING pc=0x000001932d1246a2 sp=0x0000003489af8528 mode 2

Classes loaded (20 events):
Event: 615.940 Loading class sun/nio/ch/IOVecWrapper$Deallocator
Event: 615.940 Loading class sun/nio/ch/IOVecWrapper$Deallocator done
Event: 616.466 Loading class sun/security/ssl/NewSessionTicket$T13NewSessionTicketMessage
Event: 616.467 Loading class sun/security/ssl/NewSessionTicket$NewSessionTicketMessage
Event: 616.467 Loading class sun/security/ssl/NewSessionTicket$NewSessionTicketMessage done
Event: 616.467 Loading class sun/security/ssl/NewSessionTicket$T13NewSessionTicketMessage done
Event: 1164.254 Loading class sun/security/ssl/Alert
Event: 1164.255 Loading class sun/security/ssl/Alert done
Event: 1164.256 Loading class sun/security/ssl/Alert$AlertConsumer
Event: 1164.257 Loading class sun/security/ssl/Alert$AlertConsumer done
Event: 1164.257 Loading class sun/security/ssl/Alert$Level
Event: 1164.257 Loading class sun/security/ssl/Alert$Level done
Event: 1804.769 Loading class sun/security/ssl/PreSharedKeyExtension$PskIdentity
Event: 1804.769 Loading class sun/security/ssl/PreSharedKeyExtension$PskIdentity done
Event: 1804.769 Loading class sun/security/ssl/PreSharedKeyExtension$CHPreSharedKeySpec
Event: 1804.770 Loading class sun/security/ssl/PreSharedKeyExtension$CHPreSharedKeySpec done
Event: 1804.770 Loading class sun/security/ssl/PreSharedKeyExtension$PartialClientHelloMessage
Event: 1804.771 Loading class sun/security/ssl/PreSharedKeyExtension$PartialClientHelloMessage done
Event: 1804.836 Loading class sun/security/ssl/PreSharedKeyExtension$SHPreSharedKeySpec
Event: 1804.837 Loading class sun/security/ssl/PreSharedKeyExtension$SHPreSharedKeySpec done

Classes unloaded (1 events):
Event: 2569.827 Thread 0x000001933c424700 Unloading class 0x000001933ed44400 'java/lang/invoke/LambdaForm$DMH+0x000001933ed44400'

Classes redefined (0 events):
No events

Internal exceptions (20 events):
Event: 615.500 Thread 0x0000019307194600 Exception <a 'sun/nio/fs/WindowsException'{0x000000070f90cfc0}> (0x000000070f90cfc0) 
thrown [s\src\hotspot\share\prims\jni.cpp, line 520]
Event: 615.524 Thread 0x0000019307194600 Exception <a 'java/lang/NoSuchMethodError'{0x000000070f650548}: 'java.lang.Object java.lang.invoke.DirectMethodHandle$Holder.newInvokeSpecial(java.lang.Object, java.lang.Object, long, java.lang.Object)'> (0x000000070f650548) 
thrown [s\src\hotspot\share\interpreter\linkResolver.cpp, line 774]
Event: 615.561 Thread 0x0000019307194600 Exception <a 'java/lang/NoSuchMethodError'{0x000000070f4be8d0}: 'java.lang.Object java.lang.invoke.DirectMethodHandle$Holder.newInvokeSpecial(java.lang.Object, java.lang.Object, java.lang.Object, java.lang.Object, java.lang.Object, java.lang.Object, int, java.lang.Object)'> (0x000000070f4be8d0) 
thrown [s\src\hotspot\share\interpreter\linkResolver.cpp, line 774]
Event: 615.617 Thread 0x00000193056822c0 Exception <a 'java/lang/NoSuchMethodError'{0x000000070f3402a8}: 'java.lang.Object java.lang.invoke.DirectMethodHandle$Holder.invokeStatic(java.lang.Object, java.lang.Object, java.lang.Object, int, java.lang.Object, java.lang.Object)'> (0x000000070f3402a8) 
thrown [s\src\hotspot\share\interpreter\linkResolver.cpp, line 774]
Event: 615.676 Thread 0x00000193056822c0 Exception <a 'java/lang/NoSuchMethodError'{0x000000070f358a88}: 'java.lang.Object java.lang.invoke.DirectMethodHandle$Holder.newInvokeSpecial(java.lang.Object, java.lang.Object, java.lang.Object, java.lang.Object, int, java.lang.Object)'> (0x000000070f358a88) 
thrown [s\src\hotspot\share\interpreter\linkResolver.cpp, line 774]
Event: 615.676 Thread 0x00000193056822c0 Exception <a 'java/lang/NoSuchMethodError'{0x000000070f35c7e8}: 'java.lang.Object java.lang.invoke.DirectMethodHandle$Holder.invokeSpecial(java.lang.Object, java.lang.Object, java.lang.Object, java.lang.Object, java.lang.Object, int, java.lang.Object)'> (0x000000070f35c7e8) 
thrown [s\src\hotspot\share\interpreter\linkResolver.cpp, line 774]
Event: 615.677 Thread 0x00000193056822c0 Exception <a 'java/lang/NoSuchMethodError'{0x000000070f35fe50}: 'java.lang.Object java.lang.invoke.Invokers$Holder.linkToTargetMethod(java.lang.Object, java.lang.Object, java.lang.Object, int, java.lang.Object, java.lang.Object)'> (0x000000070f35fe50) 
thrown [s\src\hotspot\share\interpreter\linkResolver.cpp, line 774]
Event: 615.920 Thread 0x00000193056822c0 Exception <a 'java/lang/NoSuchMethodError'{0x00000007147ca858}: 'void java.lang.invoke.DirectMethodHandle$Holder.invokeStatic(java.lang.Object, int)'> (0x00000007147ca858) 
thrown [s\src\hotspot\share\interpreter\linkResolver.cpp, line 774]
Event: 615.920 Thread 0x00000193056822c0 Exception <a 'java/lang/NoSuchMethodError'{0x00000007147cdc78}: 'void java.lang.invoke.DirectMethodHandle$Holder.invokeStaticInit(java.lang.Object, int)'> (0x00000007147cdc78) 
thrown [s\src\hotspot\share\interpreter\linkResolver.cpp, line 774]
Event: 615.920 Thread 0x00000193056822c0 Exception <a 'java/lang/NoSuchMethodError'{0x00000007147d2fd0}: 'void java.lang.invoke.DirectMethodHandle$Holder.invokeSpecial(java.lang.Object, java.lang.Object, int)'> (0x00000007147d2fd0) 
thrown [s\src\hotspot\share\interpreter\linkResolver.cpp, line 774]
Event: 615.935 Thread 0x00000193056822c0 Exception <a 'java/lang/NoSuchMethodError'{0x00000007144c2180}: 'void java.lang.invoke.DirectMethodHandle$Holder.invokeSpecialIFC(java.lang.Object, java.lang.Object, java.lang.Object, java.lang.Object)'> (0x00000007144c2180) 
thrown [s\src\hotspot\share\interpreter\linkResolver.cpp, line 774]
Event: 625.317 Thread 0x000001930718ea20 Implicit null exception at 0x000001932df72a63 to 0x000001932df72b2c
Event: 686.541 Thread 0x000001930718ea20 Exception <a 'java/lang/NoSuchMethodError'{0x000000070ef79060}: 'java.lang.Object java.lang.invoke.DirectMethodHandle$Holder.invokeSpecial(java.lang.Object, java.lang.Object, java.lang.Object, java.lang.Object, int, java.lang.Object, java.lang.Object)'> (0x000000070ef79060) 
thrown [s\src\hotspot\share\interpreter\linkResolver.cpp, line 774]
Event: 686.548 Thread 0x000001930718ea20 Implicit null exception at 0x000001932e26615a to 0x000001932e2661ac
Event: 686.552 Thread 0x000001930718ea20 Implicit null exception at 0x000001932d861ce0 to 0x000001932d861e74
Event: 773.150 Thread 0x0000019307191810 Exception <a 'java/lang/NoSuchMethodError'{0x0000000713509258}: 'java.lang.Object java.lang.invoke.DirectMethodHandle$Holder.invokeVirtual(java.lang.Object, java.lang.Object, java.lang.Object, int, java.lang.Object, java.lang.Object)'> (0x0000000713509258) 
thrown [s\src\hotspot\share\interpreter\linkResolver.cpp, line 774]
Event: 773.150 Thread 0x0000019307191810 Exception <a 'java/lang/NoSuchMethodError'{0x0000000712f002d0}: 'java.lang.Object java.lang.invoke.DelegatingMethodHandle$Holder.reinvoke_L(java.lang.Object, java.lang.Object, java.lang.Object, int, java.lang.Object, java.lang.Object)'> (0x0000000712f002d0) 
thrown [s\src\hotspot\share\interpreter\linkResolver.cpp, line 774]
Event: 1761.731 Thread 0x000001930567e120 Implicit null exception at 0x000001932e107788 to 0x000001932e108380
Event: 1761.732 Thread 0x000001930567e120 Implicit null exception at 0x000001932e1185d9 to 0x000001932e119264
Event: 1804.676 Thread 0x00000193071959b0 Exception <a 'java/lang/NoSuchMethodError'{0x000000070c3edd60}: 'java.lang.Object java.lang.invoke.DirectMethodHandle$Holder.newInvokeSpecial(java.lang.Object, java.lang.Object, long)'> (0x000000070c3edd60) 
thrown [s\src\hotspot\share\interpreter\linkResolver.cpp, line 774]

ZGC Phase Switch (0 events):
No events

VM Operations (20 events):
Event: 2044.954 Executing VM operation: HandshakeAllThreads (HandshakeForDeflation)
Event: 2044.954 Executing VM operation: HandshakeAllThreads (HandshakeForDeflation) done
Event: 2044.954 Executing VM operation: RendezvousGCThreads
Event: 2044.954 Executing VM operation: RendezvousGCThreads done
Event: 2173.894 Executing VM operation: Cleanup
Event: 2173.895 Executing VM operation: Cleanup done
Event: 2192.032 Executing VM operation: Cleanup
Event: 2192.032 Executing VM operation: Cleanup done
Event: 2293.473 Executing VM operation: G1CollectForAllocation (G1 Evacuation Pause)
Event: 2293.491 Executing VM operation: G1CollectForAllocation (G1 Evacuation Pause) done
Event: 2372.062 Executing VM operation: Cleanup
Event: 2372.062 Executing VM operation: Cleanup done
Event: 2552.296 Executing VM operation: Cleanup
Event: 2552.296 Executing VM operation: Cleanup done
Event: 2569.614 Executing VM operation: G1CollectForAllocation (G1 Evacuation Pause)
Event: 2569.633 Executing VM operation: G1CollectForAllocation (G1 Evacuation Pause) done
Event: 2569.826 Executing VM operation: G1PauseRemark
Event: 2569.852 Executing VM operation: G1PauseRemark done
Event: 2569.897 Executing VM operation: G1PauseCleanup
Event: 2569.897 Executing VM operation: G1PauseCleanup done

Memory protections (0 events):
No events

Nmethod flushes (20 events):
Event: 2569.851 Thread 0x000001933c424700 flushing  nmethod 0x000001932e2f5990
Event: 2569.851 Thread 0x000001933c424700 flushing  nmethod 0x000001932e2f6690
Event: 2569.851 Thread 0x000001933c424700 flushing  nmethod 0x000001932e3f0210
Event: 2569.851 Thread 0x000001933c424700 flushing  nmethod 0x0000019326461c10
Event: 2569.851 Thread 0x000001933c424700 flushing  nmethod 0x000001932664f790
Event: 2569.851 Thread 0x000001933c424700 flushing  nmethod 0x0000019326d62390
Event: 2569.851 Thread 0x000001933c424700 flushing  nmethod 0x0000019326d65a10
Event: 2569.851 Thread 0x000001933c424700 flushing  nmethod 0x0000019326eb1790
Event: 2569.851 Thread 0x000001933c424700 flushing  nmethod 0x00000193270e7c10
Event: 2569.851 Thread 0x000001933c424700 flushing  nmethod 0x0000019327459710
Event: 2569.851 Thread 0x000001933c424700 flushing  nmethod 0x0000019327506690
Event: 2569.851 Thread 0x000001933c424700 flushing  nmethod 0x00000193263f8310
Event: 2569.851 Thread 0x000001933c424700 flushing  nmethod 0x00000193269aca10
Event: 2569.851 Thread 0x000001933c424700 flushing  nmethod 0x0000019327032110
Event: 2569.851 Thread 0x000001933c424700 flushing  nmethod 0x0000019327041890
Event: 2569.851 Thread 0x000001933c424700 flushing  nmethod 0x000001932727d310
Event: 2569.851 Thread 0x000001933c424700 flushing  nmethod 0x000001932e0f6f10
Event: 2569.851 Thread 0x000001933c424700 flushing  nmethod 0x000001932612f290
Event: 2569.851 Thread 0x000001933c424700 flushing  nmethod 0x0000019326136490
Event: 2569.851 Thread 0x000001933c424700 flushing  nmethod 0x0000019326ec7710

Events (20 events):
Event: 650.053 Thread 0x000001933c9999a0 Thread added: 0x00000193054a0c20
Event: 655.381 Thread 0x00000193054a0c20 Thread exited: 0x00000193054a0c20
Event: 657.585 Thread 0x0000019307194600 Thread added: 0x000001937edbd370
Event: 664.566 Thread 0x0000019307191810 Thread added: 0x000001937edbda00
Event: 674.101 Thread 0x0000019307194c90 Thread added: 0x000001937edbe090
Event: 682.335 Thread 0x0000019307196040 Thread added: 0x000001937edbac10
Event: 1749.572 Thread 0x000001933c44e7a0 Thread added: 0x000001930549f7b0
Event: 1754.593 Thread 0x000001930549f7b0 Thread exited: 0x000001930549f7b0
Event: 1761.727 Thread 0x0000019306f028a0 Thread added: 0x00000193056850b0
Event: 1761.728 Thread 0x00000193056850b0 Thread added: 0x000001930567e120
Event: 1766.740 Thread 0x00000193056850b0 Thread exited: 0x00000193056850b0
Event: 1766.773 Thread 0x000001930567e120 Thread exited: 0x000001930567e120
Event: 1776.080 Thread 0x0000019306f028a0 Thread added: 0x00000193056850b0
Event: 1776.082 Thread 0x00000193056850b0 Thread added: 0x000001930567e120
Event: 1781.096 Thread 0x00000193056850b0 Thread exited: 0x00000193056850b0
Event: 1781.145 Thread 0x000001930567e120 Thread exited: 0x000001930567e120
Event: 1781.162 Thread 0x0000019306f028a0 Thread added: 0x00000193056850b0
Event: 1781.162 Thread 0x00000193056850b0 Thread added: 0x000001930567e120
Event: 1808.544 Thread 0x00000193056850b0 Thread exited: 0x00000193056850b0
Event: 1808.576 Thread 0x000001930567e120 Thread exited: 0x000001930567e120


Dynamic libraries:
0x00007ff6a68e0000 - 0x00007ff6a68ee000 	C:\Users\admin\.jdks\corretto-22.0.2\bin\java.exe
0x00007ffb66a90000 - 0x00007ffb66c88000 	C:\Windows\SYSTEM32\ntdll.dll
0x00007ffb66960000 - 0x00007ffb66a22000 	C:\Windows\System32\KERNEL32.DLL
0x00007ffb641c0000 - 0x00007ffb644b6000 	C:\Windows\System32\KERNELBASE.dll
0x00007ffb64900000 - 0x00007ffb64a00000 	C:\Windows\System32\ucrtbase.dll
0x00007ffb603a0000 - 0x00007ffb603bb000 	C:\Users\admin\.jdks\corretto-22.0.2\bin\VCRUNTIME140.dll
0x00007ffb60380000 - 0x00007ffb60397000 	C:\Users\admin\.jdks\corretto-22.0.2\bin\jli.dll
0x00007ffb652d0000 - 0x00007ffb6546d000 	C:\Windows\System32\USER32.dll
0x00007ffb50900000 - 0x00007ffb50b9a000 	C:\Windows\WinSxS\amd64_microsoft.windows.common-controls_6595b64144ccf1df_6.0.19041.5915_none_60b4b9d171f9c7c7\COMCTL32.dll
0x00007ffb64690000 - 0x00007ffb646b2000 	C:\Windows\System32\win32u.dll
0x00007ffb64c80000 - 0x00007ffb64cab000 	C:\Windows\System32\GDI32.dll
0x00007ffb66010000 - 0x00007ffb660ae000 	C:\Windows\System32\msvcrt.dll
0x00007ffb64570000 - 0x00007ffb64689000 	C:\Windows\System32\gdi32full.dll
0x00007ffb64120000 - 0x00007ffb641bd000 	C:\Windows\System32\msvcp_win.dll
0x00007ffb66710000 - 0x00007ffb6673f000 	C:\Windows\System32\IMM32.DLL
0x00007ffb60370000 - 0x00007ffb6037c000 	C:\Users\admin\.jdks\corretto-22.0.2\bin\vcruntime140_1.dll
0x00007ffb602e0000 - 0x00007ffb6036d000 	C:\Users\admin\.jdks\corretto-22.0.2\bin\msvcp140.dll
0x00007ffb1e760000 - 0x00007ffb1f531000 	C:\Users\admin\.jdks\corretto-22.0.2\bin\server\jvm.dll
0x00007ffb660b0000 - 0x00007ffb66161000 	C:\Windows\System32\ADVAPI32.dll
0x00007ffb64be0000 - 0x00007ffb64c7f000 	C:\Windows\System32\sechost.dll
0x00007ffb64ec0000 - 0x00007ffb64fe3000 	C:\Windows\System32\RPCRT4.dll
0x00007ffb64540000 - 0x00007ffb64567000 	C:\Windows\System32\bcrypt.dll
0x00007ffb668f0000 - 0x00007ffb6695b000 	C:\Windows\System32\WS2_32.dll
0x00007ffb636b0000 - 0x00007ffb636fb000 	C:\Windows\SYSTEM32\POWRPROF.dll
0x00007ffb5ed30000 - 0x00007ffb5ed3a000 	C:\Windows\SYSTEM32\VERSION.dll
0x00007ffb4ff90000 - 0x00007ffb4ffb7000 	C:\Windows\SYSTEM32\WINMM.dll
0x00007ffb63520000 - 0x00007ffb63532000 	C:\Windows\SYSTEM32\UMPDC.dll
0x00007ffb62180000 - 0x00007ffb62192000 	C:\Windows\SYSTEM32\kernel.appcore.dll
0x00007ffb602d0000 - 0x00007ffb602da000 	C:\Users\admin\.jdks\corretto-22.0.2\bin\jimage.dll
0x00007ffb61cf0000 - 0x00007ffb61ef1000 	C:\Windows\SYSTEM32\DBGHELP.DLL
0x00007ffb4aa90000 - 0x00007ffb4aac4000 	C:\Windows\SYSTEM32\dbgcore.DLL
0x00007ffb646c0000 - 0x00007ffb64742000 	C:\Windows\System32\bcryptPrimitives.dll
0x00007ffb5ffc0000 - 0x00007ffb5ffce000 	C:\Users\admin\.jdks\corretto-22.0.2\bin\instrument.dll
0x00007ffb60010000 - 0x00007ffb6002e000 	C:\Users\admin\.jdks\corretto-22.0.2\bin\java.dll
0x00007ffb65480000 - 0x00007ffb65bee000 	C:\Windows\System32\SHELL32.dll
0x00007ffb64ab0000 - 0x00007ffb64bdb000 	C:\Windows\System32\ole32.dll
0x00007ffb65c50000 - 0x00007ffb65fa3000 	C:\Windows\System32\combase.dll
0x00007ffb621a0000 - 0x00007ffb62944000 	C:\Windows\SYSTEM32\windows.storage.dll
0x00007ffb63b50000 - 0x00007ffb63b7b000 	C:\Windows\SYSTEM32\Wldp.dll
0x00007ffb64d10000 - 0x00007ffb64ddd000 	C:\Windows\System32\OLEAUT32.dll
0x00007ffb65220000 - 0x00007ffb652cd000 	C:\Windows\System32\SHCORE.dll
0x00007ffb65bf0000 - 0x00007ffb65c4b000 	C:\Windows\System32\shlwapi.dll
0x00007ffb64050000 - 0x00007ffb64074000 	C:\Windows\SYSTEM32\profapi.dll
0x00007ffb1e680000 - 0x00007ffb1e757000 	C:\Users\admin\.jdks\corretto-22.0.2\bin\jsvml.dll
0x00007ffb5ffd0000 - 0x00007ffb5ffe7000 	C:\Users\admin\.jdks\corretto-22.0.2\bin\zip.dll
0x00007ffb602c0000 - 0x00007ffb602d0000 	C:\Users\admin\.jdks\corretto-22.0.2\bin\net.dll
0x00007ffb638b0000 - 0x00007ffb6391a000 	C:\Windows\system32\mswsock.dll
0x00007ffb5fff0000 - 0x00007ffb60006000 	C:\Users\admin\.jdks\corretto-22.0.2\bin\nio.dll
0x00007ffb5ffa0000 - 0x00007ffb5ffa9000 	C:\Users\admin\.jdks\corretto-22.0.2\bin\extnet.dll
0x00007ffb5ff70000 - 0x00007ffb5ff80000 	C:\Users\admin\.jdks\corretto-22.0.2\bin\verify.dll
0x00007ffb5ff90000 - 0x00007ffb5ff99000 	C:\Users\admin\.jdks\corretto-22.0.2\bin\management.dll
0x00007ffb5ff80000 - 0x00007ffb5ff8b000 	C:\Users\admin\.jdks\corretto-22.0.2\bin\management_ext.dll
0x00007ffb66a40000 - 0x00007ffb66a48000 	C:\Windows\System32\PSAPI.DLL
0x00007ffb5ff60000 - 0x00007ffb5ff6b000 	C:\Users\admin\.jdks\corretto-22.0.2\bin\le.dll
0x00007ffb5ffb0000 - 0x00007ffb5ffbe000 	C:\Users\admin\.jdks\corretto-22.0.2\bin\sunmscapi.dll
0x00007ffb647a0000 - 0x00007ffb648fd000 	C:\Windows\System32\CRYPT32.dll
0x00007ffb63bc0000 - 0x00007ffb63be7000 	C:\Windows\SYSTEM32\ncrypt.dll
0x00007ffb63b80000 - 0x00007ffb63bbb000 	C:\Windows\SYSTEM32\NTASN1.dll
0x00007ffb63aa0000 - 0x00007ffb63ab8000 	C:\Windows\SYSTEM32\CRYPTSP.dll
0x00007ffb63160000 - 0x00007ffb63198000 	C:\Windows\system32\rsaenh.dll
0x00007ffb63fd0000 - 0x00007ffb63ffe000 	C:\Windows\SYSTEM32\USERENV.dll
0x00007ffb63ac0000 - 0x00007ffb63acc000 	C:\Windows\SYSTEM32\CRYPTBASE.dll
0x00007ffb63540000 - 0x00007ffb6357b000 	C:\Windows\SYSTEM32\IPHLPAPI.DLL
0x00007ffb66a30000 - 0x00007ffb66a38000 	C:\Windows\System32\NSI.dll
0x00007ffb63590000 - 0x00007ffb6365a000 	C:\Windows\SYSTEM32\DNSAPI.dll
0x00007ffb4f2e0000 - 0x00007ffb4f2ea000 	C:\Windows\System32\rasadhlp.dll
0x00007ffb50790000 - 0x00007ffb50810000 	C:\Windows\System32\fwpuclnt.dll
0x00007ffb18cd0000 - 0x00007ffb18cd7000 	C:\Windows\system32\wshunix.dll
0x00007ffb4f370000 - 0x00007ffb4f387000 	C:\Windows\system32\napinsp.dll
0x00007ffb4f350000 - 0x00007ffb4f36b000 	C:\Windows\system32\pnrpnsp.dll
0x00007ffb60770000 - 0x00007ffb6078d000 	C:\Windows\system32\wshbth.dll
0x00007ffb5f5a0000 - 0x00007ffb5f5bd000 	C:\Windows\system32\NLAapi.dll
0x00007ffb4f330000 - 0x00007ffb4f342000 	C:\Windows\System32\winrnr.dll
0x00007ffb5c6e0000 - 0x00007ffb5c6f7000 	C:\Windows\SYSTEM32\dhcpcsvc6.DLL
0x00007ffb5cae0000 - 0x00007ffb5cafd000 	C:\Windows\SYSTEM32\dhcpcsvc.DLL

dbghelp: loaded successfully - version: 4.0.5 - missing functions: none
symbol engine: initialized successfully - sym options: 0x614 - pdb path: .;C:\Users\admin\.jdks\corretto-22.0.2\bin;C:\Windows\SYSTEM32;C:\Windows\WinSxS\amd64_microsoft.windows.common-controls_6595b64144ccf1df_6.0.19041.5915_none_60b4b9d171f9c7c7;C:\Users\admin\.jdks\corretto-22.0.2\bin\server

VM Arguments:
jvm_args: -javaagent:C:\Program Files\JetBrains\IntelliJ IDEA Community Edition 2025.1.4.1\lib\idea_rt.jar=63976 -Dfile.encoding=UTF-8 -Dsun.stdout.encoding=UTF-8 -Dsun.stderr.encoding=UTF-8 
java_command: com.eewms.ElectricalEquipmentWarehouseManagementApplication
java_class_path (initial): C:\Users\admin\Documents\DOAN2025\ElectricalEquipmentWarehouseManagement\Backend\eewms\target\classes;C:\Users\admin\.m2\repository\org\springframework\boot\spring-boot-starter-data-jpa\3.4.3\spring-boot-starter-data-jpa-3.4.3.jar;C:\Users\admin\.m2\repository\org\springframework\boot\spring-boot-starter\3.4.3\spring-boot-starter-3.4.3.jar;C:\Users\admin\.m2\repository\org\springframework\boot\spring-boot-starter-logging\3.4.3\spring-boot-starter-logging-3.4.3.jar;C:\Users\admin\.m2\repository\ch\qos\logback\logback-classic\1.5.16\logback-classic-1.5.16.jar;C:\Users\admin\.m2\repository\ch\qos\logback\logback-core\1.5.16\logback-core-1.5.16.jar;C:\Users\admin\.m2\repository\org\apache\logging\log4j\log4j-to-slf4j\2.24.3\log4j-to-slf4j-2.24.3.jar;C:\Users\admin\.m2\repository\org\slf4j\jul-to-slf4j\2.0.16\jul-to-slf4j-2.0.16.jar;C:\Users\admin\.m2\repository\jakarta\annotation\jakarta.annotation-api\2.1.1\jakarta.annotation-api-2.1.1.jar;C:\Users\admin\.m2\repository\org\yaml\snakeyaml\2.3\snakeyaml-2.3.jar;C:\Users\admin\.m2\repository\org\springframework\boot\spring-boot-starter-jdbc\3.4.3\spring-boot-starter-jdbc-3.4.3.jar;C:\Users\admin\.m2\repository\com\zaxxer\HikariCP\5.1.0\HikariCP-5.1.0.jar;C:\Users\admin\.m2\repository\org\springframework\spring-jdbc\6.2.3\spring-jdbc-6.2.3.jar;C:\Users\admin\.m2\repository\org\hibernate\orm\hibernate-core\6.6.8.Final\hibernate-core-6.6.8.Final.jar;C:\Users\admin\.m2\repository\jakarta\persistence\jakarta.persistence-api\3.1.0\jakarta.persistence-api-3.1.0.jar;C:\Users\admin\.m2\repository\jakarta\transaction\jakarta.transaction-api\2.0.1\jakarta.transaction-api-2.0.1.jar;C:\Users\admin\.m2\repository\org\jboss\logging\jboss-logging\3.6.1.Final\jboss-logging-3.6.1.Final.jar;C:\Users\admin\.m2\repository\org\hibernate\common\hibernate-commons-annotations\7.0.3.Final\hibernate-commons-annotations-7.0.3.Final.jar;C:\Users\admin\.m2\repository\io\smallrye\jandex\3.2.0\jandex-3.2.0.jar;C:\Users\admin\.m2\repository\com\fasterxml\classmate\1.7.0\classmate-1.7.0.jar;C:\Users\admin\.m2\repository\org\glassfish\jaxb\jaxb-runtime\4.0.5\jaxb-runtime-4.0.5.jar;C:\Users\admin\.m2\repository\org\glassfish\jaxb\jaxb-core\4.0.5\jaxb-core-4.0.5.jar;C:\Users\admin\.m2\repository\org\glassfish\jaxb\txw2\4.0.5\txw2-4.0.5.jar;C:\Users\admin\.m2\repository\com\sun\istack\istack-commons-runtime\4.1.2\istack-commons-runtime-4.1.2.jar;C:\Users\admin\.m2\repository\jakarta\inject\jakarta.inject-api\2.0.1\jakarta.inject-api-2.0.1.jar;C:\Users\admin\.m2\repository\org\antlr\antlr4-runtime\4.13.0\antlr4-runtime-4.13.0.jar;C:\Users\admin\.m2\repository\org\springframework\data\spring-data-jpa\3.4.3\spring-data-jpa-3.4.3.jar;C:\Users\admin\.m2\repository\org\springframework\data\spring-data-commons\3.4.3\spring-data-commons-3.4.3.jar;C:\Users\admin\.m2\repository\org\springframework\spring-orm\6.2.3\spring-orm-6.2.3.jar;C:\Users\admin\.m2\repository\org\springframework\spring-context\6.2.3\spring-context-6.2.3.jar;C:\Users\admin\.m2\repository\org\springframework\spring-tx\6.2.3\spring-tx-6.2.3.jar;C:\Users\admin\.m2\repository\org\springframework\spring-beans\6.2.3\spring-beans-6.2.3.jar;C:\Users\admin\.m2\repository\org\springframework\spring-aspects\6.2.3\spring-aspects-6.2.3.jar;C:\Users\admin\.m2\repository\org\aspectj\aspectjweaver\1.9.22.1\aspectjweaver-1.9.22.1.jar;C:\Users\admin\.m2\repository\org\springframework\boot\spring-boot-starter-security\3.4.3\spring-boot-starter-security-3.4.3.jar;C:\Users\admin\.m2\repository\org\springframework\spring-aop\6.2.3\spring-aop-6.2.3.jar;C:\Users\admin\.m2\repository\org\springframework\security\spring-security-config\6.4.3\spring-security-config-6.4.3.jar;C:\Users\admin\.m2\repository\org\springframework\security\spring-security-web\6.4.3\spring-security-web-6.4.3.jar;C:\Users\admin\.m2\repository\org\springframework\spring-expression\6.2.3\spring-expression-6.2.3.jar;C:\Users\admin\.m2\repository\org\springframework\boot\spring-boot-starter-thymeleaf\3.4.3\spring-boot-starter-thymeleaf-3.4.3.jar;C:\Users\admin\.m2\repository\org\thymeleaf\thymeleaf-spring6\3.1.3.RELEASE\thymeleaf-spring6-3.1.3.RELEASE.jar;C:\Users\admin\.m2\repository\org\thymeleaf\thymeleaf\3.1.3.RELEASE\thymeleaf-3.1.3.RELEASE.jar;C:\Users\admin\.m2\repository\org\attoparser\attoparser\2.0.7.RELEASE\attoparser-2.0.7.RELEASE.jar;C:\Users\admin\.m2\repository\org\unbescape\unbescape\1.1.6.RELEASE\unbescape-1.1.6.RELEASE.jar;C:\Users\admin\.m2\repository\org\springframework\boot\spring-boot-starter-validation\3.4.3\spring-boot-starter-validation-3.4.3.jar;C:\Users\admin\.m2\repository\org\apache\tomcat\embed\tomcat-embed-el\10.1.36\tomcat-embed-el-10.1.36.jar;C:\Users\admin\.m2\repository\org\hibernate\validator\hibernate-validator\8.0.2.Final\hibernate-validator-8.0.2.Final.jar;C:\Users\admin\.m2\repository\jakarta\validation\jakarta.validation-api\3.0.2\jakarta.validation-api-3.0.2.jar;C:\Users\admin\.m2\repository\org\springframework\boot\spring-boot-starter-web\3.4.3\spring-boot-starter-web-3.4.3.jar;C:\Users\admin\.m2\repository\org\springframework\boot\spring-boot-starter-json\3.4.3\spring-boot-starter-json-3.4.3.jar;C:\Users\admin\.m2\repository\com\fasterxml\jackson\core\jackson-databind\2.18.2\jackson-databind-2.18.2.jar;C:\Users\admin\.m2\repository\com\fasterxml\jackson\core\jackson-annotations\2.18.2\jackson-annotations-2.18.2.jar;C:\Users\admin\.m2\repository\com\fasterxml\jackson\core\jackson-core\2.18.2\jackson-core-2.18.2.jar;C:\Users\admin\.m2\repository\com\fasterxml\jackson\datatype\jackson-datatype-jdk8\2.18.2\jackson-datatype-jdk8-2.18.2.jar;C:\Users\admin\.m2\repository\com\fasterxml\jackson\datatype\jackson-datatype-jsr310\2.18.2\jackson-datatype-jsr310-2.18.2.jar;C:\Users\admin\.m2\repository\com\fasterxml\jackson\module\jackson-module-parameter-names\2.18.2\jackson-module-parameter-names-2.18.2.jar;C:\Users\admin\.m2\repository\org\springframework\boot\spring-boot-starter-tomcat\3.4.3\spring-boot-starter-tomcat-3.4.3.jar;C:\Users\admin\.m2\repository\org\apache\tomcat\embed\tomcat-embed-core\10.1.36\tomcat-embed-core-10.1.36.jar;C:\Users\admin\.m2\repository\org\apache\tomcat\embed\tomcat-embed-websocket\10.1.36\tomcat-embed-websocket-10.1.36.jar;C:\Users\admin\.m2\repository\org\springframework\spring-web\6.2.3\spring-web-6.2.3.jar;C:\Users\admin\.m2\repository\io\micrometer\micrometer-observation\1.14.4\micrometer-observation-1.14.4.jar;C:\Users\admin\.m2\repository\io\micrometer\micrometer-commons\1.14.4\micrometer-commons-1.14.4.jar;C:\Users\admin\.m2\repository\org\springframework\spring-webmvc\6.2.3\spring-webmvc-6.2.3.jar;C:\Users\admin\.m2\repository\org\springframework\boot\spring-boot-starter-webflux\3.4.3\spring-boot-starter-webflux-3.4.3.jar;C:\Users\admin\.m2\repository\org\springframework\boot\spring-boot-starter-reactor-netty\3.4.3\spring-boot-starter-reactor-netty-3.4.3.jar;C:\Users\admin\.m2\repository\io\projectreactor\netty\reactor-netty-http\1.2.3\reactor-netty-http-1.2.3.jar;C:\Users\admin\.m2\repository\io\netty\netty-codec-http\4.1.118.Final\netty-codec-http-4.1.118.Final.jar;C:\Users\admin\.m2\repository\io\netty\netty-common\4.1.118.Final\netty-common-4.1.118.Final.jar;C:\Users\admin\.m2\repository\io\netty\netty-buffer\4.1.118.Final\netty-buffer-4.1.118.Final.jar;C:\Users\admin\.m2\repository\io\netty\netty-transport\4.1.118.Final\netty-transport-4.1.118.Final.jar;C:\Users\admin\.m2\repository\io\netty\netty-codec\4.1.118.Final\netty-codec-4.1.118.Final.jar;C:\Users\admin\.m2\repository\io\netty\netty-handler\4.1.118.Final\netty-handler-4.1.118.Final.jar;C:\Users\admin\.m2\repository\io\netty\netty-codec-http2\4.1.118.Final\netty-codec-http2-4.1.118.Final.jar;C:\Users\admin\.m2\repository\io\netty\netty-resolver-dns\4.1.118.Final\netty-resolver-dns-4.1.118.Final.jar;C:\Users\admin\.m2\repository\io\netty\netty-resolver\4.1.118.Final\netty-resolver-4.1.118.Final.jar;C:\Users\admin\.m2\repository\io\netty\netty-codec-dns\4.1.118.Final\netty-codec-dns-4.1.118.Final.jar;C:\Users\admin\.m2\repository\io\netty\netty-resolver-dns-native-macos\4.1.118.Final\netty-resolver-dns-native-macos-4.1.118.Final-osx-x86_64.jar;C:\Users\admin\.m2\repository\io\netty\netty-resolver-dns-classes-macos\4.1.118.Final\netty-resolver-dns-classes-macos-4.1.118.Final.jar;C:\Users\admin\.m2\repository\io\netty\netty-transport-native-epoll\4.1.118.Final\netty-transport-native-epoll-4.1.118.Final-linux-x86_64.jar;C:\Users\admin\.m2\repository\io\netty\netty-transport-native-unix-common\4.1.118.Final\netty-transport-native-unix-common-4.1.118.Final.jar;C:\Users\admin\.m2\repository\io\netty\netty-transport-classes-epoll\4.1.118.Final\netty-transport-classes-epoll-4.1.118.Final.jar;C:\Users\admin\.m2\repository\io\projectreactor\netty\reactor-netty-core\1.2.3\reactor-netty-core-1.2.3.jar;C:\Users\admin\.m2\repository\io\netty\netty-handler-proxy\4.1.118.Final\netty-handler-proxy-4.1.118.Final.jar;C:\Users\admin\.m2\repository\io\netty\netty-codec-socks\4.1.118.Final\netty-codec-socks-4.1.118.Final.jar;C:\Users\admin\.m2\repository\org\springframework\spring-webflux\6.2.3\spring-webflux-6.2.3.jar;C:\Users\admin\.m2\repository\io\projectreactor\reactor-core\3.7.3\reactor-core-3.7.3.jar;C:\Users\admin\.m2\repository\org\reactivestreams\reactive-streams\1.0.4\reactive-streams-1.0.4.jar;C:\Users\admin\.m2\repository\org\springframework\boot\spring-boot-configuration-processor\3.4.3\spring-boot-configuration-processor-3.4.3.jar;C:\Users\admin\.m2\repository\com\google\code\gson\gson\2.10.1\gson-2.10.1.jar;C:\Users\admin\.m2\repository\commons-codec\commons-codec\1.17.2\commons-codec-1.17.2.jar;C:\Users\admin\.m2\repository\org\thymeleaf\extras\thymeleaf-extras-springsecurity6\3.1.3.RELEASE\thymeleaf-extras-springsecurity6-3.1.3.RELEASE.jar;C:\Users\admin\.m2\repository\org\slf4j\slf4j-api\2.0.16\slf4j-api-2.0.16.jar;C:\Users\admin\.m2\repository\com\cloudinary\cloudinary-http44\1.37.0\cloudinary-http44-1.37.0.jar;C:\Users\admin\.m2\repository\com\cloudinary\cloudinary-core\1.37.0\cloudinary-core-1.37.0.jar;C:\Users\admin\.m2\repository\org\apache\commons\commons-lang3\3.17.0\commons-lang3-3.17.0.jar;C:\Users\admin\.m2\repository\org\apache\httpcomponents\httpclient\4.4\httpclient-4.4.jar;C:\Users\admin\.m2\repository\org\apache\httpcomponents\httpcore\4.4.16\httpcore-4.4.16.jar;C:\Users\admin\.m2\repository\commons-logging\commons-logging\1.2\commons-logging-1.2.jar;C:\Users\admin\.m2\repository\org\apache\httpcomponents\httpmime\4.4\httpmime-4.4.jar;C:\Users\admin\.m2\repository\com\mysql\mysql-connector-j\9.1.0\mysql-connector-j-9.1.0.jar;C:\Users\admin\.m2\repository\org\springframework\boot\spring-boot-starter-mail\3.4.3\spring-boot-starter-mail-3.4.3.jar;C:\Users\admin\.m2\repository\org\springframework\spring-context-support\6.2.3\spring-context-support-6.2.3.jar;C:\Users\admin\.m2\repository\org\eclipse\angus\jakarta.mail\2.0.3\jakarta.mail-2.0.3.jar;C:\Users\admin\.m2\repository\jakarta\activation\jakarta.activation-api\2.1.3\jakarta.activation-api-2.1.3.jar;C:\Users\admin\.m2\repository\org\eclipse\angus\angus-activation\2.0.2\angus-activation-2.0.2.jar;C:\Users\admin\.m2\repository\com\github\librepdf\openpdf\1.3.30\openpdf-1.3.30.jar;C:\Users\admin\.m2\repository\com\google\code\findbugs\jsr305\3.0.2\jsr305-3.0.2.jar;C:\Users\admin\.m2\repository\org\springframework\boot\spring-boot-devtools\3.4.3\spring-boot-devtools-3.4.3.jar;C:\Users\admin\.m2\repository\org\springframework\boot\spring-boot\3.4.3\spring-boot-3.4.3.jar;C:\Users\admin\.m2\repository\org\springframework\boot\spring-boot-autoconfigure\3.4.3\spring-boot-autoconfigure-3.4.3.jar;C:\Users\admin\.m2\repository\org\modelmapper\modelmapper\3.1.1\modelmapper-3.1.1.jar;C:\Users\admin\.m2\repository\org\apache\poi\poi-ooxml\5.2.3\poi-ooxml-5.2.3.jar;C:\Users\admin\.m2\repository\org\apache\poi\poi\5.2.3\poi-5.2.3.jar;C:\Users\admin\.m2\repository\org\apache\commons\commons-math3\3.6.1\commons-math3-3.6.1.jar;C:\Users\admin\.m2\repository\com\zaxxer\SparseBitSet\1.2\SparseBitSet-1.2.jar;C:\Users\admin\.m2\repository\org\apache\poi\poi-ooxml-lite\5.2.3\poi-ooxml-lite-5.2.3.jar;C:\Users\admin\.m2\repository\org\apache\xmlbeans\xmlbeans\5.1.1\xmlbeans-5.1.1.jar;C:\Users\admin\.m2\repository\org\apache\commons\commons-compress\1.21\commons-compress-1.21.jar;C:\Users\admin\.m2\repository\commons-io\commons-io\2.11.0\commons-io-2.11.0.jar;C:\Users\admin\.m2\repository\com\github\virtuald\curvesapi\1.07\curvesapi-1.07.jar;C:\Users\admin\.m2\repository\org\apache\logging\log4j\log4j-api\2.24.3\log4j-api-2.24.3.jar;C:\Users\admin\.m2\repository\org\apache\commons\commons-collections4\4.4\commons-collections4-4.4.jar;C:\Users\admin\.m2\repository\jakarta\xml\bind\jakarta.xml.bind-api\4.0.2\jakarta.xml.bind-api-4.0.2.jar;C:\Users\admin\.m2\repository\org\springframework\spring-core\6.2.3\spring-core-6.2.3.jar;C:\Users\admin\.m2\repository\org\springframework\spring-jcl\6.2.3\spring-jcl-6.2.3.jar;C:\Users\admin\.m2\repository\org\springframework\security\spring-security-core\6.4.3\spring-security-core-6.4.3.jar;C:\Users\admin\.m2\repository\org\springframework\security\spring-security-crypto\6.4.3\spring-security-crypto-6.4.3.jar;C:\Users\admin\.m2\repository\me\paulschwarz\spring-dotenv\4.0.0\spring-dotenv-4.0.0.jar;C:\Users\admin\.m2\repository\io\github\cdimascio\dotenv-java\3.0.0\dotenv-java-3.0.0.jar;C:\Users\admin\.m2\repository\net\bytebuddy\byte-buddy\1.15.11\byte-buddy-1.15.11.jar
Launcher Type: SUN_STANDARD

[Global flags]
     intx CICompilerCount                          = 4                                         {product} {ergonomic}
     uint ConcGCThreads                            = 2                                         {product} {ergonomic}
     uint G1ConcRefinementThreads                  = 8                                         {product} {ergonomic}
   size_t G1HeapRegionSize                         = 2097152                                   {product} {ergonomic}
   size_t InitialHeapSize                          = 266338304                                 {product} {ergonomic}
   size_t MarkStackSize                            = 4194304                                   {product} {ergonomic}
   size_t MaxHeapSize                              = 4250927104                                {product} {ergonomic}
   size_t MaxNewSize                               = 2550136832                                {product} {ergonomic}
   size_t MinHeapDeltaBytes                        = 2097152                                   {product} {ergonomic}
   size_t MinHeapSize                              = 8388608                                   {product} {ergonomic}
    uintx NonNMethodCodeHeapSize                   = 5839372                                {pd product} {ergonomic}
    uintx NonProfiledCodeHeapSize                  = 122909434                              {pd product} {ergonomic}
    uintx ProfiledCodeHeapSize                     = 122909434                              {pd product} {ergonomic}
    uintx ReservedCodeCacheSize                    = 251658240                              {pd product} {ergonomic}
     bool SegmentedCodeCache                       = true                                      {product} {ergonomic}
   size_t SoftMaxHeapSize                          = 4250927104                             {manageable} {ergonomic}
     bool UseCompressedOops                        = true                           {product lp64_product} {ergonomic}
     bool UseG1GC                                  = true                                      {product} {ergonomic}
     bool UseLargePagesIndividualAllocation        = false                                  {pd product} {ergonomic}

Logging:
Log output configuration:
 #0: stdout all=warning uptime,level,tags foldmultilines=false
 #1: stderr all=off uptime,level,tags foldmultilines=false

Environment Variables:
PATH=C:\Program Files (x86)\Common Files\Oracle\Java\javapath;C:\Windows\system32;C:\Windows;C:\Windows\System32\Wbem;C:\Windows\System32\WindowsPowerShell\v1.0\;C:\Windows\System32\OpenSSH\;C:\Program Files\Cloudflare\Cloudflare WARP\;C:\Program Files\Git\cmd;C:\Users\admin\AppData\Local\Microsoft\WindowsApps;C:\Program Files\JetBrains\IntelliJ IDEA 2025.1.2\bin;;C:\Users\admin\AppData\Local\GitHubDesktop\bin
USERNAME=admin
OS=Windows_NT
PROCESSOR_IDENTIFIER=Intel64 Family 6 Model 165 Stepping 2, GenuineIntel
TMP=C:\Users\admin\AppData\Local\Temp
TEMP=C:\Users\admin\AppData\Local\Temp




Periodic native trim disabled

---------------  S Y S T E M  ---------------

OS:
 Windows 10 , 64 bit Build 19041 (10.0.19041.5915)
OS uptime: 0 days 0:45 hours

CPU: total 8 (initial active 8) (4 cores per cpu, 2 threads per core) family 6 model 165 stepping 2 microcode 0xea, cx8, cmov, fxsr, ht, mmx, 3dnowpref, sse, sse2, sse3, ssse3, sse4.1, sse4.2, popcnt, lzcnt, tsc, tscinvbit, avx, avx2, aes, erms, clmul, bmi1, bmi2, adx, fma, vzeroupper, clflush, clflushopt, rdtscp, f16c, pku
Processor Information for all 8 processors :
  Max Mhz: 2496, Current Mhz: 2496, Mhz Limit: 2496

Memory: 4k page, system-wide physical 16215M (7663M free)
TotalPageFile size 19287M (AvailPageFile size 8502M)
current process WorkingSet (physical memory assigned to process): 555M, peak: 640M
current process commit charge ("private bytes"): 652M, peak: 678M

vm_info: OpenJDK 64-Bit Server VM (22.0.2+9-FR) for windows-amd64 JRE (22.0.2+9-FR), built on 2024-07-09T01:10:09Z by "Administrator" with MS VC++ 16.10 / 16.11 (VS2019)

END.
