#
# A fatal error has been detected by the Java Runtime Environment:
#
#  EXCEPTION_ACCESS_VIOLATION (0xc0000005) at pc=0x00007ffa2c65c656, pid=14744, tid=12484
#
# JRE version: OpenJDK Runtime Environment Microsoft-11369865 (17.0.15+6) (build 17.0.15+6-LTS)
# Java VM: OpenJDK 64-Bit Server VM Microsoft-11369865 (17.0.15+6-LTS, mixed mode, sharing, tiered, compressed oops, compressed class ptrs, g1 gc, windows-amd64)
# Problematic frame:
# V  [jvm.dll+0xc656]
#
# No core dump will be written. Minidumps are not enabled by default on client versions of Windows
#
# If you would like to submit a bug report, please visit:
#   https://github.com/microsoft/openjdk/issues
#

---------------  S U M M A R Y ------------

Command Line: -javaagent:C:\Program Files\JetBrains\IntelliJ IDEA Community Edition 2025.1.4.1\lib\idea_rt.jar=65410 -Dfile.encoding=UTF-8 com.eewms.ElectricalEquipmentWarehouseManagementApplication

Host: Intel(R) Core(TM) i5-10300H CPU @ 2.50GHz, 8 cores, 15G,  Windows 10 , 64 bit Build 19041 (10.0.19041.5915)
Time: Sun Aug 10 23:58:55 2025 SE Asia Standard Time elapsed time: 1932.977602 seconds (0d 0h 32m 12s)

---------------  T H R E A D  ---------------

Current thread (0x0000018b683f2970):  ConcurrentGCThread "G1 Conc#0" [stack: 0x0000005de2b00000,0x0000005de2c00000] [id=12484]

Stack: [0x0000005de2b00000,0x0000005de2c00000],  sp=0x0000005de2bff618,  free space=1021k
Native frames: (J=compiled Java code, j=interpreted, Vv=VM code, C=native code)
V  [jvm.dll+0xc656]


siginfo: EXCEPTION_ACCESS_VIOLATION (0xc0000005), reading address 0x0000018bec9de2b2


Registers:
RAX=0x0000000000000000, RBX=0x0000018b683e1101, RCX=0x0000000704e24880, RDX=0x0000000704e24880
RSP=0x0000005de2bff618, RBP=0x0000000000000000, RSI=0x0000018b683e1120, RDI=0x0000000704e24880
R8 =0x0000018b04fd0920, R9 =0x0000018bec9de2aa, R10=0x0000018b683e1120, R11=0x0000000000000003
R12=0x0000000000000000, R13=0xaaaaaaaaaaaaaaab, R14=0x0000018b0c131e70, R15=0x0000000704ea4860
RIP=0x00007ffa2c65c656, EFLAGS=0x0000000000010206

XMM[0]=0x0000000000000000 0x0000000000000000
XMM[1]=0x0000000000000000 0x0000000000000000
XMM[2]=0x0000000000000000 0x0000000000000000
XMM[3]=0x0000000000000000 0x0000000000000000
XMM[4]=0x0000000000000000 0x0000000000000000
XMM[5]=0x0000000000000000 0x0000000000000000
XMM[6]=0x0000000000000000 0x3ffe4743a64526f0
XMM[7]=0x0000000000000000 0x408f400000000000
XMM[8]=0x0000000000000000 0x0000000000000000
XMM[9]=0x0000000000000000 0x0000000000000000
XMM[10]=0x0000000000000000 0x0000000000000000
XMM[11]=0x0000000000000000 0x0000000000000000
XMM[12]=0x0000000000000000 0x0000000000000000
XMM[13]=0x0000000000000000 0x0000000000000000
XMM[14]=0x0000000000000000 0x0000000000000000
XMM[15]=0x0000000000000000 0x0000000000000000
  MXCSR=0x00001fa0


Register to memory mapping:

RIP=0x00007ffa2c65c656 jvm.dll
RAX=0x0 is NULL
RBX=0x0000018b683e1101 points into unknown readable memory: 00 00 00 00 00 00 00
RCX=0x0000000704e24880 is pointing into object: [Ljava.lang.Object; 
{0x0000000704e23388} - klass: 'java/lang/Object'[]
 - length: 2776
RDX=0x0000000704e24880 is pointing into object: [Ljava.lang.Object; 
{0x0000000704e23388} - klass: 'java/lang/Object'[]
 - length: 2776
RSP=0x0000005de2bff618 points into unknown readable memory: 0x00007ffa2c92ca5d | 5d ca 92 2c fa 7f 00 00
RBP=0x0 is NULL
RSI=0x0000018b683e1120 points into unknown readable memory: 0x0000018b683f17b0 | b0 17 3f 68 8b 01 00 00
RDI=0x0000000704e24880 is pointing into object: [Ljava.lang.Object; 
{0x0000000704e23388} - klass: 'java/lang/Object'[]
 - length: 2776
R8 =0x0000018b04fd0920 points into unknown readable memory: 0x0000000000010000 | 00 00 01 00 00 00 00 00
R9 =0x0000018bec9de2aa is an unknown value
R10=0x0000018b683e1120 points into unknown readable memory: 0x0000018b683f17b0 | b0 17 3f 68 8b 01 00 00
R11=0x0000000000000003 is an unknown value
R12=0x0 is NULL
R13=0xaaaaaaaaaaaaaaab is an unknown value
R14=0x0000018b0c131e70 is pointing into metadata
R15=0x0000000704ea4860 is an oop: java.util.HashMap$Node 
{0x0000000704ea4860} - klass: 'java/util/HashMap$Node'
 - ---- fields (total size 4 words):
 - final 'hash' 'I' @12  -1924182291 (8d4f4eed)
 - final 'key' 'Ljava/lang/Object;' @16  a 'org/antlr/v4/runtime/atn/SingletonPredictionContext'{0x0000000704ea4880} (e09d4910)
 - 'value' 'Ljava/lang/Object;' @20  
[error occurred during error reporting (printing register info), id 0xc0000005, EXCEPTION_ACCESS_VIOLATION (0xc0000005) at pc=0x00007ffa2ccc48f3]

Top of Stack: (sp=0x0000005de2bff618)
0x0000005de2bff618:   00007ffa2c92ca5d 0000000000000000
0x0000005de2bff628:   00000000002faf08 00005d9115b71c11
0x0000005de2bff638:   0000000000000000 0000000704e24880
0x0000005de2bff648:   00007ffa2c92c85d 0000018b683f4db0
0x0000005de2bff658:   0000005de2bff810 0000018b0c131e68
0x0000005de2bff668:   00007ffa2ccd18cc 0000000704ea487c
0x0000005de2bff678:   00007ffa2c92a9ed 0000000704ea4874
0x0000005de2bff688:   00007ffa2c92ae9d 0000005de2bff6c0
0x0000005de2bff698:   00007ffa2c92bbad 0000005de2bff7d0
0x0000005de2bff6a8:   0000000000000000 0000000704ea4860
0x0000005de2bff6b8:   00007ffa2c92a631 0000018b0c131c30
0x0000005de2bff6c8:   0000000000000004 0000005de2bff810
0x0000005de2bff6d8:   0000000000000000 0000000704ea4860
0x0000005de2bff6e8:   00007ffa2c93dcfe 0000018b683f4db0
0x0000005de2bff6f8:   0000000000000040 000000000000054a
0x0000005de2bff708:   00007ffa2c940046 0000000000000000
0x0000005de2bff718:   0000000706e995e0 0000005de2bff7d0
0x0000005de2bff728:   0000018b683e1170 00000000008932bc
0x0000005de2bff738:   00007ffa2c93c8bc 00000000008932bc
0x0000005de2bff748:   0000000000000000 0000000704ea4860
0x0000005de2bff758:   00007ffa2c93dea4 00000000008c0000
0x0000005de2bff768:   00007ffa2c93e29c 0000000706e59d70
0x0000005de2bff778:   00000000008932bc 00000000002faf08
0x0000005de2bff788:   0000000000000000 0000000000000001
0x0000005de2bff798:   0000000000000000 0000018b683f4db0
0x0000005de2bff7a8:   00007ffa2c93d1fb 0000018b683f4e48
0x0000005de2bff7b8:   0000005de2aff801 0000018b683f4e48
0x0000005de2bff7c8:   0000000000000000 0000018b683e1120
0x0000005de2bff7d8:   0000018b683f4db0 0000000706e00000
0x0000005de2bff7e8:   0000000000040000 0000000706e00000
0x0000005de2bff7f8:   0000000000040000 0000000000000000
0x0000005de2bff808:   00000000002d4cae 00007ffa2cfafe58 

Instructions: (pc=0x00007ffa2c65c656)
0x00007ffa2c65c556:   cc cc cc cc cc cc cc cc cc cc 4c 8b 01 4c 8b c9
0x00007ffa2c65c566:   48 8b 0d a3 67 b7 00 ba 64 60 08 00 e9 29 f1 ff
0x00007ffa2c65c576:   ff cc cc cc cc cc cc cc cc cc 8b 05 82 ad b1 00
0x00007ffa2c65c586:   c3 cc cc cc cc cc cc cc cc cc 0f b6 05 42 70 b8
0x00007ffa2c65c596:   00 48 8b d1 84 c0 74 16 44 8b 41 08 8b 0d 60 ad
0x00007ffa2c65c5a6:   b1 00 49 d3 e0 4c 03 05 4e ad b1 00 eb 04 4c 8b
0x00007ffa2c65c5b6:   41 08 45 8b 48 08 45 85 c9 7e 0e 41 f6 c1 01 75
0x00007ffa2c65c5c6:   53 41 c1 f9 03 41 8b c1 c3 79 49 84 c0 41 b8 0c
0x00007ffa2c65c5d6:   00 00 00 8b 05 65 bc b1 00 b9 10 00 00 00 41 0f
0x00007ffa2c65c5e6:   45 c8 ff c8 48 98 48 63 14 11 41 8b c9 83 e1 3f
0x00007ffa2c65c5f6:   48 d3 e2 41 8b c9 48 c1 f9 10 44 0f b6 c1 48 8d
0x00007ffa2c65c606:   0c 10 48 f7 d0 4c 03 c1 48 c1 e8 03 49 c1 e8 03
0x00007ffa2c65c616:   41 23 c0 c3 49 8b 00 49 8b c8 48 ff a0 00 01 00
0x00007ffa2c65c626:   00 cc cc cc cc cc cc cc cc cc 8b 44 24 30 45 03
0x00007ffa2c65c636:   c9 44 2b 4c 24 28 83 c0 0b 44 03 ca 45 03 c8 41
0x00007ffa2c65c646:   03 c1 c3 cc cc cc cc cc cc cc 4c 8b ca 48 8b d1
0x00007ffa2c65c656:   45 8b 41 08 45 85 c0 7e 0e 41 f6 c0 01 75 56 41
0x00007ffa2c65c666:   c1 f8 03 41 8b c0 c3 79 4c 80 3d 63 6f b8 00 00
0x00007ffa2c65c676:   b8 0c 00 00 00 b9 10 00 00 00 0f 45 c8 8b 05 bb
0x00007ffa2c65c686:   bb b1 00 ff c8 48 98 48 63 14 11 41 8b c8 83 e1
0x00007ffa2c65c696:   3f 48 d3 e2 41 8b c8 48 c1 f9 10 44 0f b6 c1 48
0x00007ffa2c65c6a6:   8d 0c 10 48 f7 d0 4c 03 c1 48 c1 e8 03 49 c1 e8
0x00007ffa2c65c6b6:   03 41 23 c0 c3 49 8b 01 49 8b c9 48 ff a0 00 01
0x00007ffa2c65c6c6:   00 00 cc cc cc cc cc cc cc cc 48 8b 41 08 0f b7
0x00007ffa2c65c6d6:   48 2a 0f b7 40 28 83 c0 48 03 c1 c3 cc cc cc cc
0x00007ffa2c65c6e6:   cc cc cc cc cc cc cc cc cc cc 48 89 5c 24 08 57
0x00007ffa2c65c6f6:   48 83 ec 20 0f b6 05 af 5b bc 00 48 8b fa 48 8b
0x00007ffa2c65c706:   d9 84 c0 74 4f 48 85 15 b6 53 bc 00 74 38 48 8b
0x00007ffa2c65c716:   ca e8 44 4c 86 00 48 8b d0 48 85 db 74 25 48 85
0x00007ffa2c65c726:   c0 74 20 48 8b c7 f0 48 0f b1 13 74 16 48 85 05
0x00007ffa2c65c736:   8e 53 bc 00 74 0d 48 8b c8 f0 48 0f b1 13 48 3b
0x00007ffa2c65c746:   c1 75 ea 48 8b fa 48 8b c7 48 8b 5c 24 30 48 83 


Stack slot to memory mapping:
stack at sp + 0 slots: 0x00007ffa2c92ca5d jvm.dll
stack at sp + 1 slots: 0x0 is NULL
stack at sp + 2 slots: 0x00000000002faf08 is an unknown value
stack at sp + 3 slots: 0x00005d9115b71c11 is an unknown value
stack at sp + 4 slots: 0x0 is NULL
stack at sp + 5 slots: 0x0000000704e24880 is pointing into object: [Ljava.lang.Object; 
{0x0000000704e23388} - klass: 'java/lang/Object'[]
 - length: 2776
stack at sp + 6 slots: 0x00007ffa2c92c85d jvm.dll
stack at sp + 7 slots: 0x0000018b683f4db0 points into unknown readable memory: 0x00007ffa2cfafe38 | 38 fe fa 2c fa 7f 00 00


---------------  P R O C E S S  ---------------

Threads class SMR info:
_java_thread_list=0x0000018b534ed990, length=41, elements={
0x0000018b0b3cccb0, 0x0000018b0b3cd870, 0x0000018b0b3dbd40, 0x0000018b0b3dc900,
0x0000018b0b3df2d0, 0x0000018b0b3e3cb0, 0x0000018b0b4102c0, 0x0000018b0b411cd0,
0x0000018b0b41beb0, 0x0000018b0b50fa10, 0x0000018b0b50d6a0, 0x0000018b0b50dbb0,
0x0000018b0b50d190, 0x0000018b0b50ff20, 0x0000018b0b50e5d0, 0x0000018b0b510940,
0x0000018b55807550, 0x0000018b55808480, 0x0000018b55806b30, 0x0000018b55808ea0,
0x0000018b55807f70, 0x0000018b55808990, 0x0000018b558056f0, 0x0000018b55805c00,
0x0000018b55806110, 0x0000018b0b50e0c0, 0x0000018b53cd0930, 0x0000018b53ccb830,
0x0000018b53ccbd40, 0x0000018b53cd0420, 0x0000018b53cd0e40, 0x0000018b53cd1350,
0x0000018b53ccdba0, 0x0000018b53cca3f0, 0x0000018b53ccead0, 0x0000018b53ccefe0,
0x0000018b53ccd690, 0x0000018b53ccf4f0, 0x0000018b53cd1860, 0x0000018b53ccfa00,
0x0000018b53ccb320
}

Java Threads: ( => current thread )
  0x0000018b0b3cccb0 JavaThread "Reference Handler" daemon [_thread_blocked, id=9340, stack(0x0000005de2f00000,0x0000005de3000000)]
  0x0000018b0b3cd870 JavaThread "Finalizer" daemon [_thread_blocked, id=16484, stack(0x0000005de3000000,0x0000005de3100000)]
  0x0000018b0b3dbd40 JavaThread "Signal Dispatcher" daemon [_thread_blocked, id=3428, stack(0x0000005de3100000,0x0000005de3200000)]
  0x0000018b0b3dc900 JavaThread "Attach Listener" daemon [_thread_blocked, id=6160, stack(0x0000005de3200000,0x0000005de3300000)]
  0x0000018b0b3df2d0 JavaThread "Service Thread" daemon [_thread_blocked, id=12840, stack(0x0000005de3300000,0x0000005de3400000)]
  0x0000018b0b3e3cb0 JavaThread "Monitor Deflation Thread" daemon [_thread_blocked, id=7964, stack(0x0000005de3400000,0x0000005de3500000)]
  0x0000018b0b4102c0 JavaThread "C2 CompilerThread0" daemon [_thread_blocked, id=2284, stack(0x0000005de3500000,0x0000005de3600000)]
  0x0000018b0b411cd0 JavaThread "C1 CompilerThread0" daemon [_thread_blocked, id=12296, stack(0x0000005de3600000,0x0000005de3700000)]
  0x0000018b0b41beb0 JavaThread "Sweeper thread" daemon [_thread_blocked, id=17148, stack(0x0000005de3700000,0x0000005de3800000)]
  0x0000018b0b50fa10 JavaThread "Common-Cleaner" daemon [_thread_blocked, id=2612, stack(0x0000005de3800000,0x0000005de3900000)]
  0x0000018b0b50d6a0 JavaThread "Monitor Ctrl-Break" daemon [_thread_in_native, id=13864, stack(0x0000005de3a00000,0x0000005de3b00000)]
  0x0000018b0b50dbb0 JavaThread "Notification Thread" daemon [_thread_blocked, id=5396, stack(0x0000005de3b00000,0x0000005de3c00000)]
  0x0000018b0b50d190 JavaThread "Catalina-utility-1" [_thread_blocked, id=312, stack(0x0000005de4800000,0x0000005de4900000)]
  0x0000018b0b50ff20 JavaThread "Catalina-utility-2" [_thread_blocked, id=4144, stack(0x0000005de4a00000,0x0000005de4b00000)]
  0x0000018b0b50e5d0 JavaThread "container-0" [_thread_blocked, id=16972, stack(0x0000005de4b00000,0x0000005de4c00000)]
  0x0000018b0b510940 JavaThread "mysql-cj-abandoned-connection-cleanup" daemon [_thread_blocked, id=3564, stack(0x0000005de4c00000,0x0000005de4d00000)]
  0x0000018b55807550 JavaThread "HikariPool-1 housekeeper" daemon [_thread_blocked, id=7844, stack(0x0000005de4e00000,0x0000005de4f00000)]
  0x0000018b55808480 JavaThread "File Watcher" daemon [_thread_blocked, id=17292, stack(0x0000005de5500000,0x0000005de5600000)]
  0x0000018b55806b30 JavaThread "Live Reload Server" daemon [_thread_in_native, id=16388, stack(0x0000005de5700000,0x0000005de5800000)]
  0x0000018b55808ea0 JavaThread "http-nio-8080-exec-1" daemon [_thread_blocked, id=2844, stack(0x0000005de5600000,0x0000005de5700000)]
  0x0000018b55807f70 JavaThread "http-nio-8080-exec-2" daemon [_thread_blocked, id=10528, stack(0x0000005de5800000,0x0000005de5900000)]
  0x0000018b55808990 JavaThread "http-nio-8080-exec-3" daemon [_thread_blocked, id=9568, stack(0x0000005de5900000,0x0000005de5a00000)]
  0x0000018b558056f0 JavaThread "http-nio-8080-exec-4" daemon [_thread_blocked, id=16000, stack(0x0000005de5a00000,0x0000005de5b00000)]
  0x0000018b55805c00 JavaThread "http-nio-8080-exec-5" daemon [_thread_blocked, id=9292, stack(0x0000005de5b00000,0x0000005de5c00000)]
  0x0000018b55806110 JavaThread "http-nio-8080-exec-6" daemon [_thread_blocked, id=2532, stack(0x0000005de5c00000,0x0000005de5d00000)]
  0x0000018b0b50e0c0 JavaThread "http-nio-8080-exec-7" daemon [_thread_blocked, id=15780, stack(0x0000005de5d00000,0x0000005de5e00000)]
  0x0000018b53cd0930 JavaThread "http-nio-8080-exec-8" daemon [_thread_blocked, id=2160, stack(0x0000005de5e00000,0x0000005de5f00000)]
  0x0000018b53ccb830 JavaThread "http-nio-8080-exec-9" daemon [_thread_blocked, id=13868, stack(0x0000005de5f00000,0x0000005de6000000)]
  0x0000018b53ccbd40 JavaThread "http-nio-8080-exec-10" daemon [_thread_blocked, id=9180, stack(0x0000005de6000000,0x0000005de6100000)]
  0x0000018b53cd0420 JavaThread "http-nio-8080-Poller" daemon [_thread_in_native, id=13268, stack(0x0000005de6100000,0x0000005de6200000)]
  0x0000018b53cd0e40 JavaThread "http-nio-8080-Acceptor" daemon [_thread_in_native, id=14828, stack(0x0000005de6200000,0x0000005de6300000)]
  0x0000018b53cd1350 JavaThread "DestroyJavaVM" [_thread_blocked, id=12140, stack(0x0000005de2800000,0x0000005de2900000)]
  0x0000018b53ccdba0 JavaThread "reactor-http-nio-1" daemon [_thread_in_native, id=16596, stack(0x0000005de2600000,0x0000005de2700000)]
  0x0000018b53cca3f0 JavaThread "reactor-http-nio-2" daemon [_thread_in_native, id=4440, stack(0x0000005de2700000,0x0000005de2800000)]
  0x0000018b53ccead0 JavaThread "reactor-http-nio-3" daemon [_thread_in_native, id=8312, stack(0x0000005de3900000,0x0000005de3a00000)]
  0x0000018b53ccefe0 JavaThread "reactor-http-nio-4" daemon [_thread_in_native, id=8520, stack(0x0000005de4500000,0x0000005de4600000)]
  0x0000018b53ccd690 JavaThread "reactor-http-nio-5" daemon [_thread_in_native, id=16464, stack(0x0000005de4f00000,0x0000005de5000000)]
  0x0000018b53ccf4f0 JavaThread "reactor-http-nio-6" daemon [_thread_in_native, id=16456, stack(0x0000005de6300000,0x0000005de6400000)]
  0x0000018b53cd1860 JavaThread "reactor-http-nio-7" daemon [_thread_in_native, id=13440, stack(0x0000005de6400000,0x0000005de6500000)]
  0x0000018b53ccfa00 JavaThread "reactor-http-nio-8" daemon [_thread_in_native, id=15660, stack(0x0000005de6500000,0x0000005de6600000)]
  0x0000018b53ccb320 JavaThread "Thread-15" daemon [_thread_in_native, id=3020, stack(0x0000005de6600000,0x0000005de6700000)]

Other Threads:
  0x0000018b0b3c6760 VMThread "VM Thread" [stack: 0x0000005de2e00000,0x0000005de2f00000] [id=10716]
  0x0000018b0bbdd980 WatcherThread [stack: 0x0000005de3c00000,0x0000005de3d00000] [id=16424]
  0x0000018b683dfb00 GCTaskThread "GC Thread#0" [stack: 0x0000005de2900000,0x0000005de2a00000] [id=15296]
  0x0000018b0bed1940 GCTaskThread "GC Thread#1" [stack: 0x0000005de3e00000,0x0000005de3f00000] [id=9576]
  0x0000018b0bed1c00 GCTaskThread "GC Thread#2" [stack: 0x0000005de3f00000,0x0000005de4000000] [id=10444]
  0x0000018b0bed1ec0 GCTaskThread "GC Thread#3" [stack: 0x0000005de4000000,0x0000005de4100000] [id=9296]
  0x0000018b0bed2180 GCTaskThread "GC Thread#4" [stack: 0x0000005de4100000,0x0000005de4200000] [id=16244]
  0x0000018b5121a7a0 GCTaskThread "GC Thread#5" [stack: 0x0000005de4200000,0x0000005de4300000] [id=10508]
  0x0000018b523ec2e0 GCTaskThread "GC Thread#6" [stack: 0x0000005de4600000,0x0000005de4700000] [id=15080]
  0x0000018b517f3ca0 GCTaskThread "GC Thread#7" [stack: 0x0000005de4700000,0x0000005de4800000] [id=17228]
  0x0000018b683f17b0 ConcurrentGCThread "G1 Main Marker" [stack: 0x0000005de2a00000,0x0000005de2b00000] [id=10824]
=>0x0000018b683f2970 ConcurrentGCThread "G1 Conc#0" [stack: 0x0000005de2b00000,0x0000005de2c00000] [id=12484]
  0x0000018b51b97c20 ConcurrentGCThread "G1 Conc#1" [stack: 0x0000005de4900000,0x0000005de4a00000] [id=1624]
  0x0000018b0b27e210 ConcurrentGCThread "G1 Refine#0" [stack: 0x0000005de2c00000,0x0000005de2d00000] [id=12924]
  0x0000018b52f8c530 ConcurrentGCThread "G1 Refine#1" [stack: 0x0000005de4400000,0x0000005de4500000] [id=9612]
  0x0000018b56528dc0 ConcurrentGCThread "G1 Refine#2" [stack: 0x0000005de5000000,0x0000005de5100000] [id=14216]
  0x0000018b56527c20 ConcurrentGCThread "G1 Refine#3" [stack: 0x0000005de5100000,0x0000005de5200000] [id=9200]
  0x0000018b56527f10 ConcurrentGCThread "G1 Refine#4" [stack: 0x0000005de5200000,0x0000005de5300000] [id=9304]
  0x0000018b56527930 ConcurrentGCThread "G1 Refine#5" [stack: 0x0000005de5300000,0x0000005de5400000] [id=1048]
  0x0000018b5652a250 ConcurrentGCThread "G1 Refine#6" [stack: 0x0000005de5400000,0x0000005de5500000] [id=15316]
  0x0000018b0b27ec40 ConcurrentGCThread "G1 Service" [stack: 0x0000005de2d00000,0x0000005de2e00000] [id=7428]

Threads with active compile tasks:

VM state: not at safepoint (normal execution)

VM Mutex/Monitor currently owned by a thread: None

Heap address: 0x0000000702a00000, size: 4054 MB, Compressed Oops mode: Zero based, Oop shift amount: 3

CDS archive(s) mapped at: [0x0000018b0c000000-0x0000018b0cbb0000-0x0000018b0cbb0000), size 12255232, SharedBaseAddress: 0x0000018b0c000000, ArchiveRelocationMode: 1.
Compressed class space mapped at: 0x0000018b0d000000-0x0000018b4d000000, reserved size: 1073741824
Narrow klass base: 0x0000018b0c000000, Narrow klass shift: 0, Narrow klass range: 0x100000000

GC Precious Log:
 CPUs: 8 total, 8 available
 Memory: 16215M
 Large Page Support: Disabled
 NUMA Support: Disabled
 Compressed Oops: Enabled (Zero based)
 Heap Region Size: 2M
 Heap Min Capacity: 8M
 Heap Initial Capacity: 254M
 Heap Max Capacity: 4054M
 Pre-touch: Disabled
 Parallel Workers: 8
 Concurrent Workers: 2
 Concurrent Refinement Workers: 8
 Periodic GC: Disabled

Heap:
 garbage-first heap   total 501760K, used 134197K [0x0000000702a00000, 0x0000000800000000)
  region size 2048K, 9 young (18432K), 8 survivors (16384K)
 Metaspace       used 107991K, committed 108800K, reserved 1179648K
  class space    used 14530K, committed 14912K, reserved 1048576K

Heap Regions: E=young(eden), S=young(survivor), O=old, HS=humongous(starts), HC=humongous(continues), CS=collection set, F=free, OA=open archive, CA=closed archive, TAMS=top-at-mark-start (previous, next)
|   0|0x0000000702a00000, 0x0000000702c00000, 0x0000000702c00000|100%| O|  |TAMS 0x0000000702c00000, 0x0000000702c00000| Untracked 
|   1|0x0000000702c00000, 0x0000000702e00000, 0x0000000702e00000|100%| O|  |TAMS 0x0000000702e00000, 0x0000000702e00000| Untracked 
|   2|0x0000000702e00000, 0x0000000703000000, 0x0000000703000000|100%| O|  |TAMS 0x0000000703000000, 0x0000000703000000| Untracked 
|   3|0x0000000703000000, 0x0000000703200000, 0x0000000703200000|100%| O|  |TAMS 0x0000000703200000, 0x0000000703200000| Untracked 
|   4|0x0000000703200000, 0x0000000703400000, 0x0000000703400000|100%| O|  |TAMS 0x0000000703400000, 0x0000000703400000| Untracked 
|   5|0x0000000703400000, 0x0000000703600000, 0x0000000703600000|100%| O|  |TAMS 0x0000000703600000, 0x0000000703600000| Untracked 
|   6|0x0000000703600000, 0x0000000703800000, 0x0000000703800000|100%| O|  |TAMS 0x0000000703800000, 0x0000000703800000| Untracked 
|   7|0x0000000703800000, 0x0000000703a00000, 0x0000000703a00000|100%| O|  |TAMS 0x0000000703a00000, 0x0000000703a00000| Untracked 
|   8|0x0000000703a00000, 0x0000000703c00000, 0x0000000703c00000|100%| O|  |TAMS 0x0000000703c00000, 0x0000000703c00000| Untracked 
|   9|0x0000000703c00000, 0x0000000703e00000, 0x0000000703e00000|100%| O|  |TAMS 0x0000000703e00000, 0x0000000703e00000| Untracked 
|  10|0x0000000703e00000, 0x0000000704000000, 0x0000000704000000|100%| O|  |TAMS 0x0000000704000000, 0x0000000704000000| Untracked 
|  11|0x0000000704000000, 0x0000000704200000, 0x0000000704200000|100%| O|  |TAMS 0x0000000704200000, 0x0000000704200000| Untracked 
|  12|0x0000000704200000, 0x0000000704400000, 0x0000000704400000|100%| O|  |TAMS 0x0000000704400000, 0x0000000704400000| Untracked 
|  13|0x0000000704400000, 0x0000000704600000, 0x0000000704600000|100%| O|  |TAMS 0x0000000704600000, 0x0000000704600000| Untracked 
|  14|0x0000000704600000, 0x0000000704800000, 0x0000000704800000|100%| O|  |TAMS 0x0000000704600000, 0x0000000704800000| Untracked 
|  15|0x0000000704800000, 0x0000000704a00000, 0x0000000704a00000|100%| O|  |TAMS 0x0000000704a00000, 0x0000000704a00000| Untracked 
|  16|0x0000000704a00000, 0x0000000704c00000, 0x0000000704c00000|100%| O|  |TAMS 0x0000000704c00000, 0x0000000704c00000| Untracked 
|  17|0x0000000704c00000, 0x0000000704c00000, 0x0000000704e00000|  0%| F|  |TAMS 0x0000000704c00000, 0x0000000704c00000| Untracked 
|  18|0x0000000704e00000, 0x0000000705000000, 0x0000000705000000|100%| O|  |TAMS 0x0000000705000000, 0x0000000705000000| Untracked 
|  19|0x0000000705000000, 0x0000000705200000, 0x0000000705200000|100%| O|  |TAMS 0x0000000705200000, 0x0000000705200000| Untracked 
|  20|0x0000000705200000, 0x0000000705400000, 0x0000000705400000|100%| O|  |TAMS 0x0000000705400000, 0x0000000705400000| Untracked 
|  21|0x0000000705400000, 0x0000000705400000, 0x0000000705600000|  0%| F|  |TAMS 0x0000000705400000, 0x0000000705400000| Untracked 
|  22|0x0000000705600000, 0x0000000705600000, 0x0000000705800000|  0%| F|  |TAMS 0x0000000705600000, 0x0000000705600000| Untracked 
|  23|0x0000000705800000, 0x0000000705a00000, 0x0000000705a00000|100%| O|  |TAMS 0x0000000705a00000, 0x0000000705a00000| Untracked 
|  24|0x0000000705a00000, 0x0000000705c00000, 0x0000000705c00000|100%| O|  |TAMS 0x0000000705c00000, 0x0000000705c00000| Untracked 
|  25|0x0000000705c00000, 0x0000000705e00000, 0x0000000705e00000|100%| O|  |TAMS 0x0000000705c00000, 0x0000000705e00000| Untracked 
|  26|0x0000000705e00000, 0x0000000706000000, 0x0000000706000000|100%| O|  |TAMS 0x0000000705e00000, 0x0000000706000000| Untracked 
|  27|0x0000000706000000, 0x0000000706200000, 0x0000000706200000|100%| O|  |TAMS 0x0000000706000000, 0x0000000706200000| Untracked 
|  28|0x0000000706200000, 0x0000000706400000, 0x0000000706400000|100%| O|  |TAMS 0x0000000706200000, 0x0000000706400000| Untracked 
|  29|0x0000000706400000, 0x0000000706600000, 0x0000000706600000|100%| O|  |TAMS 0x0000000706400000, 0x0000000706600000| Untracked 
|  30|0x0000000706600000, 0x0000000706800000, 0x0000000706800000|100%| O|  |TAMS 0x0000000706800000, 0x0000000706800000| Untracked 
|  31|0x0000000706800000, 0x0000000706a00000, 0x0000000706a00000|100%| O|  |TAMS 0x0000000706a00000, 0x0000000706a00000| Untracked 
|  32|0x0000000706a00000, 0x0000000706c00000, 0x0000000706c00000|100%| O|  |TAMS 0x0000000706c00000, 0x0000000706c00000| Untracked 
|  33|0x0000000706c00000, 0x0000000706e00000, 0x0000000706e00000|100%| O|  |TAMS 0x0000000706e00000, 0x0000000706e00000| Untracked 
|  34|0x0000000706e00000, 0x0000000707000000, 0x0000000707000000|100%| O|  |TAMS 0x0000000707000000, 0x0000000707000000| Untracked 
|  35|0x0000000707000000, 0x0000000707200000, 0x0000000707200000|100%| O|  |TAMS 0x0000000707200000, 0x0000000707200000| Untracked 
|  36|0x0000000707200000, 0x0000000707400000, 0x0000000707400000|100%| O|  |TAMS 0x0000000707400000, 0x0000000707400000| Untracked 
|  37|0x0000000707400000, 0x0000000707600000, 0x0000000707600000|100%| O|  |TAMS 0x0000000707600000, 0x0000000707600000| Untracked 
|  38|0x0000000707600000, 0x0000000707800000, 0x0000000707800000|100%| O|  |TAMS 0x0000000707800000, 0x0000000707800000| Untracked 
|  39|0x0000000707800000, 0x0000000707a00000, 0x0000000707a00000|100%| O|  |TAMS 0x0000000707a00000, 0x0000000707a00000| Untracked 
|  40|0x0000000707a00000, 0x0000000707c00000, 0x0000000707c00000|100%| O|  |TAMS 0x0000000707c00000, 0x0000000707c00000| Untracked 
|  41|0x0000000707c00000, 0x0000000707e00000, 0x0000000707e00000|100%| O|  |TAMS 0x0000000707e00000, 0x0000000707e00000| Untracked 
|  42|0x0000000707e00000, 0x0000000708000000, 0x0000000708000000|100%| O|  |TAMS 0x0000000708000000, 0x0000000708000000| Untracked 
|  43|0x0000000708000000, 0x0000000708200000, 0x0000000708200000|100%| O|  |TAMS 0x0000000708200000, 0x0000000708200000| Untracked 
|  44|0x0000000708200000, 0x0000000708400000, 0x0000000708400000|100%| O|  |TAMS 0x0000000708400000, 0x0000000708400000| Untracked 
|  45|0x0000000708400000, 0x0000000708600000, 0x0000000708600000|100%| O|  |TAMS 0x0000000708600000, 0x0000000708600000| Untracked 
|  46|0x0000000708600000, 0x0000000708800000, 0x0000000708800000|100%| O|  |TAMS 0x0000000708600000, 0x0000000708800000| Untracked 
|  47|0x0000000708800000, 0x0000000708a00000, 0x0000000708a00000|100%| O|  |TAMS 0x0000000708800000, 0x0000000708a00000| Untracked 
|  48|0x0000000708a00000, 0x0000000708c00000, 0x0000000708c00000|100%| O|  |TAMS 0x0000000708a00000, 0x0000000708c00000| Untracked 
|  49|0x0000000708c00000, 0x0000000708e00000, 0x0000000708e00000|100%| O|  |TAMS 0x0000000708c00000, 0x0000000708e00000| Untracked 
|  50|0x0000000708e00000, 0x0000000709000000, 0x0000000709000000|100%| O|  |TAMS 0x0000000708e00000, 0x0000000709000000| Untracked 
|  51|0x0000000709000000, 0x0000000709200000, 0x0000000709200000|100%| O|  |TAMS 0x0000000709000000, 0x0000000709200000| Untracked 
|  52|0x0000000709200000, 0x0000000709400000, 0x0000000709400000|100%| O|  |TAMS 0x0000000709200000, 0x0000000709400000| Untracked 
|  53|0x0000000709400000, 0x0000000709600000, 0x0000000709600000|100%|HS|  |TAMS 0x0000000709400000, 0x0000000709600000| Complete 
|  54|0x0000000709600000, 0x0000000709800000, 0x0000000709800000|100%| O|  |TAMS 0x0000000709600000, 0x0000000709800000| Untracked 
|  55|0x0000000709800000, 0x0000000709a00000, 0x0000000709a00000|100%| O|  |TAMS 0x0000000709800000, 0x0000000709a00000| Untracked 
|  56|0x0000000709a00000, 0x0000000709c00000, 0x0000000709c00000|100%| O|  |TAMS 0x0000000709a00000, 0x0000000709c00000| Untracked 
|  57|0x0000000709c00000, 0x0000000709d0d600, 0x0000000709e00000| 52%| O|  |TAMS 0x0000000709c00000, 0x0000000709d0d600| Untracked 
|  58|0x0000000709e00000, 0x000000070a000000, 0x000000070a000000|100%|HS|  |TAMS 0x0000000709e00000, 0x000000070a000000| Complete 
|  59|0x000000070a000000, 0x000000070a200000, 0x000000070a200000|100%|HC|  |TAMS 0x000000070a000000, 0x000000070a200000| Complete 
|  60|0x000000070a200000, 0x000000070a400000, 0x000000070a400000|100%|HC|  |TAMS 0x000000070a200000, 0x000000070a400000| Complete 
|  61|0x000000070a400000, 0x000000070a400000, 0x000000070a600000|  0%| F|  |TAMS 0x000000070a400000, 0x000000070a400000| Untracked 
|  62|0x000000070a600000, 0x000000070a600000, 0x000000070a800000|  0%| F|  |TAMS 0x000000070a600000, 0x000000070a600000| Untracked 
|  63|0x000000070a800000, 0x000000070a800000, 0x000000070aa00000|  0%| F|  |TAMS 0x000000070a800000, 0x000000070a800000| Untracked 
|  64|0x000000070aa00000, 0x000000070aa00000, 0x000000070ac00000|  0%| F|  |TAMS 0x000000070aa00000, 0x000000070aa00000| Untracked 
|  65|0x000000070ac00000, 0x000000070ac00000, 0x000000070ae00000|  0%| F|  |TAMS 0x000000070ac00000, 0x000000070ac00000| Untracked 
|  66|0x000000070ae00000, 0x000000070ae00000, 0x000000070b000000|  0%| F|  |TAMS 0x000000070ae00000, 0x000000070ae00000| Untracked 
|  67|0x000000070b000000, 0x000000070b000000, 0x000000070b200000|  0%| F|  |TAMS 0x000000070b000000, 0x000000070b000000| Untracked 
|  68|0x000000070b200000, 0x000000070b200000, 0x000000070b400000|  0%| F|  |TAMS 0x000000070b200000, 0x000000070b200000| Untracked 
|  69|0x000000070b400000, 0x000000070b400000, 0x000000070b600000|  0%| F|  |TAMS 0x000000070b400000, 0x000000070b400000| Untracked 
|  70|0x000000070b600000, 0x000000070b600000, 0x000000070b800000|  0%| F|  |TAMS 0x000000070b600000, 0x000000070b600000| Untracked 
|  71|0x000000070b800000, 0x000000070b800000, 0x000000070ba00000|  0%| F|  |TAMS 0x000000070b800000, 0x000000070b800000| Untracked 
|  72|0x000000070ba00000, 0x000000070ba00000, 0x000000070bc00000|  0%| F|  |TAMS 0x000000070ba00000, 0x000000070ba00000| Untracked 
|  73|0x000000070bc00000, 0x000000070bc00000, 0x000000070be00000|  0%| F|  |TAMS 0x000000070bc00000, 0x000000070bc00000| Untracked 
|  74|0x000000070be00000, 0x000000070be00000, 0x000000070c000000|  0%| F|  |TAMS 0x000000070be00000, 0x000000070be00000| Untracked 
|  75|0x000000070c000000, 0x000000070c000000, 0x000000070c200000|  0%| F|  |TAMS 0x000000070c000000, 0x000000070c000000| Untracked 
|  76|0x000000070c200000, 0x000000070c200000, 0x000000070c400000|  0%| F|  |TAMS 0x000000070c200000, 0x000000070c200000| Untracked 
|  77|0x000000070c400000, 0x000000070c400000, 0x000000070c600000|  0%| F|  |TAMS 0x000000070c400000, 0x000000070c400000| Untracked 
|  78|0x000000070c600000, 0x000000070c600000, 0x000000070c800000|  0%| F|  |TAMS 0x000000070c600000, 0x000000070c600000| Untracked 
|  79|0x000000070c800000, 0x000000070c800000, 0x000000070ca00000|  0%| F|  |TAMS 0x000000070c800000, 0x000000070c800000| Untracked 
|  80|0x000000070ca00000, 0x000000070ca00000, 0x000000070cc00000|  0%| F|  |TAMS 0x000000070ca00000, 0x000000070ca00000| Untracked 
|  81|0x000000070cc00000, 0x000000070cc00000, 0x000000070ce00000|  0%| F|  |TAMS 0x000000070cc00000, 0x000000070cc00000| Untracked 
|  82|0x000000070ce00000, 0x000000070ce00000, 0x000000070d000000|  0%| F|  |TAMS 0x000000070ce00000, 0x000000070ce00000| Untracked 
|  83|0x000000070d000000, 0x000000070d000000, 0x000000070d200000|  0%| F|  |TAMS 0x000000070d000000, 0x000000070d000000| Untracked 
|  84|0x000000070d200000, 0x000000070d200000, 0x000000070d400000|  0%| F|  |TAMS 0x000000070d200000, 0x000000070d200000| Untracked 
|  85|0x000000070d400000, 0x000000070d400000, 0x000000070d600000|  0%| F|  |TAMS 0x000000070d400000, 0x000000070d400000| Untracked 
|  86|0x000000070d600000, 0x000000070d600000, 0x000000070d800000|  0%| F|  |TAMS 0x000000070d600000, 0x000000070d600000| Untracked 
|  87|0x000000070d800000, 0x000000070d800000, 0x000000070da00000|  0%| F|  |TAMS 0x000000070d800000, 0x000000070d800000| Untracked 
|  88|0x000000070da00000, 0x000000070da00000, 0x000000070dc00000|  0%| F|  |TAMS 0x000000070da00000, 0x000000070da00000| Untracked 
|  89|0x000000070dc00000, 0x000000070dc00000, 0x000000070de00000|  0%| F|  |TAMS 0x000000070dc00000, 0x000000070dc00000| Untracked 
|  90|0x000000070de00000, 0x000000070de00000, 0x000000070e000000|  0%| F|  |TAMS 0x000000070de00000, 0x000000070de00000| Untracked 
|  91|0x000000070e000000, 0x000000070e000000, 0x000000070e200000|  0%| F|  |TAMS 0x000000070e000000, 0x000000070e000000| Untracked 
|  92|0x000000070e200000, 0x000000070e200000, 0x000000070e400000|  0%| F|  |TAMS 0x000000070e200000, 0x000000070e200000| Untracked 
|  93|0x000000070e400000, 0x000000070e400000, 0x000000070e600000|  0%| F|  |TAMS 0x000000070e400000, 0x000000070e400000| Untracked 
|  94|0x000000070e600000, 0x000000070e600000, 0x000000070e800000|  0%| F|  |TAMS 0x000000070e600000, 0x000000070e600000| Untracked 
|  95|0x000000070e800000, 0x000000070e800000, 0x000000070ea00000|  0%| F|  |TAMS 0x000000070e800000, 0x000000070e800000| Untracked 
|  96|0x000000070ea00000, 0x000000070ea00000, 0x000000070ec00000|  0%| F|  |TAMS 0x000000070ea00000, 0x000000070ea00000| Untracked 
|  97|0x000000070ec00000, 0x000000070ee00000, 0x000000070ee00000|100%| S|CS|TAMS 0x000000070ec00000, 0x000000070ec00000| Complete 
|  98|0x000000070ee00000, 0x000000070f000000, 0x000000070f000000|100%| S|CS|TAMS 0x000000070ee00000, 0x000000070ee00000| Complete 
|  99|0x000000070f000000, 0x000000070f200000, 0x000000070f200000|100%| S|CS|TAMS 0x000000070f000000, 0x000000070f000000| Complete 
| 100|0x000000070f200000, 0x000000070f400000, 0x000000070f400000|100%| S|CS|TAMS 0x000000070f200000, 0x000000070f200000| Complete 
| 101|0x000000070f400000, 0x000000070f600000, 0x000000070f600000|100%| S|CS|TAMS 0x000000070f400000, 0x000000070f400000| Complete 
| 102|0x000000070f600000, 0x000000070f800000, 0x000000070f800000|100%| S|CS|TAMS 0x000000070f600000, 0x000000070f600000| Complete 
| 103|0x000000070f800000, 0x000000070fa00000, 0x000000070fa00000|100%| S|CS|TAMS 0x000000070f800000, 0x000000070f800000| Complete 
| 104|0x000000070fa00000, 0x000000070fc00000, 0x000000070fc00000|100%| S|CS|TAMS 0x000000070fa00000, 0x000000070fa00000| Complete 
| 105|0x000000070fc00000, 0x000000070fc00000, 0x000000070fe00000|  0%| F|  |TAMS 0x000000070fc00000, 0x000000070fc00000| Untracked 
| 106|0x000000070fe00000, 0x000000070fe00000, 0x0000000710000000|  0%| F|  |TAMS 0x000000070fe00000, 0x000000070fe00000| Untracked 
| 107|0x0000000710000000, 0x0000000710000000, 0x0000000710200000|  0%| F|  |TAMS 0x0000000710000000, 0x0000000710000000| Untracked 
| 108|0x0000000710200000, 0x0000000710200000, 0x0000000710400000|  0%| F|  |TAMS 0x0000000710200000, 0x0000000710200000| Untracked 
| 109|0x0000000710400000, 0x0000000710400000, 0x0000000710600000|  0%| F|  |TAMS 0x0000000710400000, 0x0000000710400000| Untracked 
| 110|0x0000000710600000, 0x0000000710600000, 0x0000000710800000|  0%| F|  |TAMS 0x0000000710600000, 0x0000000710600000| Untracked 
| 111|0x0000000710800000, 0x0000000710800000, 0x0000000710a00000|  0%| F|  |TAMS 0x0000000710800000, 0x0000000710800000| Untracked 
| 112|0x0000000710a00000, 0x0000000710a00000, 0x0000000710c00000|  0%| F|  |TAMS 0x0000000710a00000, 0x0000000710a00000| Untracked 
| 113|0x0000000710c00000, 0x0000000710c00000, 0x0000000710e00000|  0%| F|  |TAMS 0x0000000710c00000, 0x0000000710c00000| Untracked 
| 114|0x0000000710e00000, 0x0000000710e00000, 0x0000000711000000|  0%| F|  |TAMS 0x0000000710e00000, 0x0000000710e00000| Untracked 
| 115|0x0000000711000000, 0x0000000711000000, 0x0000000711200000|  0%| F|  |TAMS 0x0000000711000000, 0x0000000711000000| Untracked 
| 116|0x0000000711200000, 0x0000000711200000, 0x0000000711400000|  0%| F|  |TAMS 0x0000000711200000, 0x0000000711200000| Untracked 
| 117|0x0000000711400000, 0x0000000711400000, 0x0000000711600000|  0%| F|  |TAMS 0x0000000711400000, 0x0000000711400000| Untracked 
| 118|0x0000000711600000, 0x0000000711600000, 0x0000000711800000|  0%| F|  |TAMS 0x0000000711600000, 0x0000000711600000| Untracked 
| 119|0x0000000711800000, 0x0000000711800000, 0x0000000711a00000|  0%| F|  |TAMS 0x0000000711800000, 0x0000000711800000| Untracked 
| 120|0x0000000711a00000, 0x0000000711a00000, 0x0000000711c00000|  0%| F|  |TAMS 0x0000000711a00000, 0x0000000711a00000| Untracked 
| 121|0x0000000711c00000, 0x0000000711c00000, 0x0000000711e00000|  0%| F|  |TAMS 0x0000000711c00000, 0x0000000711c00000| Untracked 
| 122|0x0000000711e00000, 0x0000000711e00000, 0x0000000712000000|  0%| F|  |TAMS 0x0000000711e00000, 0x0000000711e00000| Untracked 
| 123|0x0000000712000000, 0x0000000712000000, 0x0000000712200000|  0%| F|  |TAMS 0x0000000712000000, 0x0000000712000000| Untracked 
| 124|0x0000000712200000, 0x0000000712200000, 0x0000000712400000|  0%| F|  |TAMS 0x0000000712200000, 0x0000000712200000| Untracked 
| 125|0x0000000712400000, 0x0000000712400000, 0x0000000712600000|  0%| F|  |TAMS 0x0000000712400000, 0x0000000712400000| Untracked 
| 126|0x0000000712600000, 0x0000000712600000, 0x0000000712800000|  0%| F|  |TAMS 0x0000000712600000, 0x0000000712600000| Untracked 
| 127|0x0000000712800000, 0x0000000712800000, 0x0000000712a00000|  0%| F|  |TAMS 0x0000000712800000, 0x0000000712800000| Untracked 
| 128|0x0000000712a00000, 0x0000000712a00000, 0x0000000712c00000|  0%| F|  |TAMS 0x0000000712a00000, 0x0000000712a00000| Untracked 
| 129|0x0000000712c00000, 0x0000000712c00000, 0x0000000712e00000|  0%| F|  |TAMS 0x0000000712c00000, 0x0000000712c00000| Untracked 
| 130|0x0000000712e00000, 0x0000000712e00000, 0x0000000713000000|  0%| F|  |TAMS 0x0000000712e00000, 0x0000000712e00000| Untracked 
| 131|0x0000000713000000, 0x0000000713000000, 0x0000000713200000|  0%| F|  |TAMS 0x0000000713000000, 0x0000000713000000| Untracked 
| 132|0x0000000713200000, 0x0000000713200000, 0x0000000713400000|  0%| F|  |TAMS 0x0000000713200000, 0x0000000713200000| Untracked 
| 133|0x0000000713400000, 0x0000000713400000, 0x0000000713600000|  0%| F|  |TAMS 0x0000000713400000, 0x0000000713400000| Untracked 
| 134|0x0000000713600000, 0x0000000713600000, 0x0000000713800000|  0%| F|  |TAMS 0x0000000713600000, 0x0000000713600000| Untracked 
| 135|0x0000000713800000, 0x0000000713800000, 0x0000000713a00000|  0%| F|  |TAMS 0x0000000713800000, 0x0000000713800000| Untracked 
| 136|0x0000000713a00000, 0x0000000713a00000, 0x0000000713c00000|  0%| F|  |TAMS 0x0000000713a00000, 0x0000000713a00000| Untracked 
| 137|0x0000000713c00000, 0x0000000713c00000, 0x0000000713e00000|  0%| F|  |TAMS 0x0000000713c00000, 0x0000000713c00000| Untracked 
| 138|0x0000000713e00000, 0x0000000713e00000, 0x0000000714000000|  0%| F|  |TAMS 0x0000000713e00000, 0x0000000713e00000| Untracked 
| 139|0x0000000714000000, 0x0000000714000000, 0x0000000714200000|  0%| F|  |TAMS 0x0000000714000000, 0x0000000714000000| Untracked 
| 140|0x0000000714200000, 0x0000000714200000, 0x0000000714400000|  0%| F|  |TAMS 0x0000000714200000, 0x0000000714200000| Untracked 
| 141|0x0000000714400000, 0x0000000714400000, 0x0000000714600000|  0%| F|  |TAMS 0x0000000714400000, 0x0000000714400000| Untracked 
| 142|0x0000000714600000, 0x0000000714600000, 0x0000000714800000|  0%| F|  |TAMS 0x0000000714600000, 0x0000000714600000| Untracked 
| 143|0x0000000714800000, 0x0000000714800000, 0x0000000714a00000|  0%| F|  |TAMS 0x0000000714800000, 0x0000000714800000| Untracked 
| 144|0x0000000714a00000, 0x0000000714a00000, 0x0000000714c00000|  0%| F|  |TAMS 0x0000000714a00000, 0x0000000714a00000| Untracked 
| 145|0x0000000714c00000, 0x0000000714c00000, 0x0000000714e00000|  0%| F|  |TAMS 0x0000000714c00000, 0x0000000714c00000| Untracked 
| 146|0x0000000714e00000, 0x0000000714e00000, 0x0000000715000000|  0%| F|  |TAMS 0x0000000714e00000, 0x0000000714e00000| Untracked 
| 147|0x0000000715000000, 0x0000000715000000, 0x0000000715200000|  0%| F|  |TAMS 0x0000000715000000, 0x0000000715000000| Untracked 
| 148|0x0000000715200000, 0x0000000715200000, 0x0000000715400000|  0%| F|  |TAMS 0x0000000715200000, 0x0000000715200000| Untracked 
| 149|0x0000000715400000, 0x0000000715400000, 0x0000000715600000|  0%| F|  |TAMS 0x0000000715400000, 0x0000000715400000| Untracked 
| 150|0x0000000715600000, 0x0000000715600000, 0x0000000715800000|  0%| F|  |TAMS 0x0000000715600000, 0x0000000715600000| Untracked 
| 151|0x0000000715800000, 0x0000000715800000, 0x0000000715a00000|  0%| F|  |TAMS 0x0000000715800000, 0x0000000715800000| Untracked 
| 152|0x0000000715a00000, 0x0000000715a00000, 0x0000000715c00000|  0%| F|  |TAMS 0x0000000715a00000, 0x0000000715a00000| Untracked 
| 153|0x0000000715c00000, 0x0000000715c00000, 0x0000000715e00000|  0%| F|  |TAMS 0x0000000715c00000, 0x0000000715c00000| Untracked 
| 154|0x0000000715e00000, 0x0000000715e00000, 0x0000000716000000|  0%| F|  |TAMS 0x0000000715e00000, 0x0000000715e00000| Untracked 
| 155|0x0000000716000000, 0x0000000716000000, 0x0000000716200000|  0%| F|  |TAMS 0x0000000716000000, 0x0000000716000000| Untracked 
| 156|0x0000000716200000, 0x0000000716200000, 0x0000000716400000|  0%| F|  |TAMS 0x0000000716200000, 0x0000000716200000| Untracked 
| 157|0x0000000716400000, 0x0000000716400000, 0x0000000716600000|  0%| F|  |TAMS 0x0000000716400000, 0x0000000716400000| Untracked 
| 158|0x0000000716600000, 0x0000000716600000, 0x0000000716800000|  0%| F|  |TAMS 0x0000000716600000, 0x0000000716600000| Untracked 
| 159|0x0000000716800000, 0x0000000716800000, 0x0000000716a00000|  0%| F|  |TAMS 0x0000000716800000, 0x0000000716800000| Untracked 
| 160|0x0000000716a00000, 0x0000000716a00000, 0x0000000716c00000|  0%| F|  |TAMS 0x0000000716a00000, 0x0000000716a00000| Untracked 
| 161|0x0000000716c00000, 0x0000000716c00000, 0x0000000716e00000|  0%| F|  |TAMS 0x0000000716c00000, 0x0000000716c00000| Untracked 
| 162|0x0000000716e00000, 0x0000000716e00000, 0x0000000717000000|  0%| F|  |TAMS 0x0000000716e00000, 0x0000000716e00000| Untracked 
| 163|0x0000000717000000, 0x0000000717000000, 0x0000000717200000|  0%| F|  |TAMS 0x0000000717000000, 0x0000000717000000| Untracked 
| 164|0x0000000717200000, 0x0000000717200000, 0x0000000717400000|  0%| F|  |TAMS 0x0000000717200000, 0x0000000717200000| Untracked 
| 165|0x0000000717400000, 0x0000000717400000, 0x0000000717600000|  0%| F|  |TAMS 0x0000000717400000, 0x0000000717400000| Untracked 
| 166|0x0000000717600000, 0x0000000717600000, 0x0000000717800000|  0%| F|  |TAMS 0x0000000717600000, 0x0000000717600000| Untracked 
| 167|0x0000000717800000, 0x0000000717800000, 0x0000000717a00000|  0%| F|  |TAMS 0x0000000717800000, 0x0000000717800000| Untracked 
| 168|0x0000000717a00000, 0x0000000717a00000, 0x0000000717c00000|  0%| F|  |TAMS 0x0000000717a00000, 0x0000000717a00000| Untracked 
| 169|0x0000000717c00000, 0x0000000717c00000, 0x0000000717e00000|  0%| F|  |TAMS 0x0000000717c00000, 0x0000000717c00000| Untracked 
| 170|0x0000000717e00000, 0x0000000717e00000, 0x0000000718000000|  0%| F|  |TAMS 0x0000000717e00000, 0x0000000717e00000| Untracked 
| 171|0x0000000718000000, 0x0000000718000000, 0x0000000718200000|  0%| F|  |TAMS 0x0000000718000000, 0x0000000718000000| Untracked 
| 172|0x0000000718200000, 0x0000000718200000, 0x0000000718400000|  0%| F|  |TAMS 0x0000000718200000, 0x0000000718200000| Untracked 
| 173|0x0000000718400000, 0x0000000718400000, 0x0000000718600000|  0%| F|  |TAMS 0x0000000718400000, 0x0000000718400000| Untracked 
| 174|0x0000000718600000, 0x0000000718600000, 0x0000000718800000|  0%| F|  |TAMS 0x0000000718600000, 0x0000000718600000| Untracked 
| 175|0x0000000718800000, 0x0000000718800000, 0x0000000718a00000|  0%| F|  |TAMS 0x0000000718800000, 0x0000000718800000| Untracked 
| 176|0x0000000718a00000, 0x0000000718a00000, 0x0000000718c00000|  0%| F|  |TAMS 0x0000000718a00000, 0x0000000718a00000| Untracked 
| 177|0x0000000718c00000, 0x0000000718c00000, 0x0000000718e00000|  0%| F|  |TAMS 0x0000000718c00000, 0x0000000718c00000| Untracked 
| 178|0x0000000718e00000, 0x0000000718e00000, 0x0000000719000000|  0%| F|  |TAMS 0x0000000718e00000, 0x0000000718e00000| Untracked 
| 179|0x0000000719000000, 0x0000000719000000, 0x0000000719200000|  0%| F|  |TAMS 0x0000000719000000, 0x0000000719000000| Untracked 
| 180|0x0000000719200000, 0x0000000719200000, 0x0000000719400000|  0%| F|  |TAMS 0x0000000719200000, 0x0000000719200000| Untracked 
| 181|0x0000000719400000, 0x0000000719400000, 0x0000000719600000|  0%| F|  |TAMS 0x0000000719400000, 0x0000000719400000| Untracked 
| 182|0x0000000719600000, 0x0000000719600000, 0x0000000719800000|  0%| F|  |TAMS 0x0000000719600000, 0x0000000719600000| Untracked 
| 183|0x0000000719800000, 0x0000000719800000, 0x0000000719a00000|  0%| F|  |TAMS 0x0000000719800000, 0x0000000719800000| Untracked 
| 184|0x0000000719a00000, 0x0000000719a00000, 0x0000000719c00000|  0%| F|  |TAMS 0x0000000719a00000, 0x0000000719a00000| Untracked 
| 185|0x0000000719c00000, 0x0000000719c00000, 0x0000000719e00000|  0%| F|  |TAMS 0x0000000719c00000, 0x0000000719c00000| Untracked 
| 186|0x0000000719e00000, 0x0000000719e00000, 0x000000071a000000|  0%| F|  |TAMS 0x0000000719e00000, 0x0000000719e00000| Untracked 
| 187|0x000000071a000000, 0x000000071a000000, 0x000000071a200000|  0%| F|  |TAMS 0x000000071a000000, 0x000000071a000000| Untracked 
| 188|0x000000071a200000, 0x000000071a200000, 0x000000071a400000|  0%| F|  |TAMS 0x000000071a200000, 0x000000071a200000| Untracked 
| 189|0x000000071a400000, 0x000000071a400000, 0x000000071a600000|  0%| F|  |TAMS 0x000000071a400000, 0x000000071a400000| Untracked 
| 190|0x000000071a600000, 0x000000071a600000, 0x000000071a800000|  0%| F|  |TAMS 0x000000071a600000, 0x000000071a600000| Untracked 
| 191|0x000000071a800000, 0x000000071a800000, 0x000000071aa00000|  0%| F|  |TAMS 0x000000071a800000, 0x000000071a800000| Untracked 
| 192|0x000000071aa00000, 0x000000071aa00000, 0x000000071ac00000|  0%| F|  |TAMS 0x000000071aa00000, 0x000000071aa00000| Untracked 
| 193|0x000000071ac00000, 0x000000071ac00000, 0x000000071ae00000|  0%| F|  |TAMS 0x000000071ac00000, 0x000000071ac00000| Untracked 
| 194|0x000000071ae00000, 0x000000071ae00000, 0x000000071b000000|  0%| F|  |TAMS 0x000000071ae00000, 0x000000071ae00000| Untracked 
| 195|0x000000071b000000, 0x000000071b000000, 0x000000071b200000|  0%| F|  |TAMS 0x000000071b000000, 0x000000071b000000| Untracked 
| 196|0x000000071b200000, 0x000000071b200000, 0x000000071b400000|  0%| F|  |TAMS 0x000000071b200000, 0x000000071b200000| Untracked 
| 197|0x000000071b400000, 0x000000071b400000, 0x000000071b600000|  0%| F|  |TAMS 0x000000071b400000, 0x000000071b400000| Untracked 
| 198|0x000000071b600000, 0x000000071b600000, 0x000000071b800000|  0%| F|  |TAMS 0x000000071b600000, 0x000000071b600000| Untracked 
| 199|0x000000071b800000, 0x000000071b800000, 0x000000071ba00000|  0%| F|  |TAMS 0x000000071b800000, 0x000000071b800000| Untracked 
| 200|0x000000071ba00000, 0x000000071ba00000, 0x000000071bc00000|  0%| F|  |TAMS 0x000000071ba00000, 0x000000071ba00000| Untracked 
| 201|0x000000071bc00000, 0x000000071bc00000, 0x000000071be00000|  0%| F|  |TAMS 0x000000071bc00000, 0x000000071bc00000| Untracked 
| 202|0x000000071be00000, 0x000000071be00000, 0x000000071c000000|  0%| F|  |TAMS 0x000000071be00000, 0x000000071be00000| Untracked 
| 203|0x000000071c000000, 0x000000071c000000, 0x000000071c200000|  0%| F|  |TAMS 0x000000071c000000, 0x000000071c000000| Untracked 
| 204|0x000000071c200000, 0x000000071c200000, 0x000000071c400000|  0%| F|  |TAMS 0x000000071c200000, 0x000000071c200000| Untracked 
| 205|0x000000071c400000, 0x000000071c400000, 0x000000071c600000|  0%| F|  |TAMS 0x000000071c400000, 0x000000071c400000| Untracked 
| 206|0x000000071c600000, 0x000000071c600000, 0x000000071c800000|  0%| F|  |TAMS 0x000000071c600000, 0x000000071c600000| Untracked 
| 207|0x000000071c800000, 0x000000071c800000, 0x000000071ca00000|  0%| F|  |TAMS 0x000000071c800000, 0x000000071c800000| Untracked 
| 208|0x000000071ca00000, 0x000000071ca00000, 0x000000071cc00000|  0%| F|  |TAMS 0x000000071ca00000, 0x000000071ca00000| Untracked 
| 209|0x000000071cc00000, 0x000000071cc00000, 0x000000071ce00000|  0%| F|  |TAMS 0x000000071cc00000, 0x000000071cc00000| Untracked 
| 210|0x000000071ce00000, 0x000000071ce00000, 0x000000071d000000|  0%| F|  |TAMS 0x000000071ce00000, 0x000000071ce00000| Untracked 
| 211|0x000000071d000000, 0x000000071d000000, 0x000000071d200000|  0%| F|  |TAMS 0x000000071d000000, 0x000000071d000000| Untracked 
| 212|0x000000071d200000, 0x000000071d200000, 0x000000071d400000|  0%| F|  |TAMS 0x000000071d200000, 0x000000071d200000| Untracked 
| 213|0x000000071d400000, 0x000000071d400000, 0x000000071d600000|  0%| F|  |TAMS 0x000000071d400000, 0x000000071d400000| Untracked 
| 214|0x000000071d600000, 0x000000071d600000, 0x000000071d800000|  0%| F|  |TAMS 0x000000071d600000, 0x000000071d600000| Untracked 
| 215|0x000000071d800000, 0x000000071d800000, 0x000000071da00000|  0%| F|  |TAMS 0x000000071d800000, 0x000000071d800000| Untracked 
| 216|0x000000071da00000, 0x000000071da00000, 0x000000071dc00000|  0%| F|  |TAMS 0x000000071da00000, 0x000000071da00000| Untracked 
| 217|0x000000071dc00000, 0x000000071dc00000, 0x000000071de00000|  0%| F|  |TAMS 0x000000071dc00000, 0x000000071dc00000| Untracked 
| 218|0x000000071de00000, 0x000000071de00000, 0x000000071e000000|  0%| F|  |TAMS 0x000000071de00000, 0x000000071de00000| Untracked 
| 219|0x000000071e000000, 0x000000071e000000, 0x000000071e200000|  0%| F|  |TAMS 0x000000071e000000, 0x000000071e000000| Untracked 
| 220|0x000000071e200000, 0x000000071e200000, 0x000000071e400000|  0%| F|  |TAMS 0x000000071e200000, 0x000000071e200000| Untracked 
| 221|0x000000071e400000, 0x000000071e400000, 0x000000071e600000|  0%| F|  |TAMS 0x000000071e400000, 0x000000071e400000| Untracked 
| 222|0x000000071e600000, 0x000000071e600000, 0x000000071e800000|  0%| F|  |TAMS 0x000000071e600000, 0x000000071e600000| Untracked 
| 223|0x000000071e800000, 0x000000071e800000, 0x000000071ea00000|  0%| F|  |TAMS 0x000000071e800000, 0x000000071e800000| Untracked 
| 224|0x000000071ea00000, 0x000000071ea00000, 0x000000071ec00000|  0%| F|  |TAMS 0x000000071ea00000, 0x000000071ea00000| Untracked 
| 225|0x000000071ec00000, 0x000000071ec00000, 0x000000071ee00000|  0%| F|  |TAMS 0x000000071ec00000, 0x000000071ec00000| Untracked 
| 226|0x000000071ee00000, 0x000000071ee00000, 0x000000071f000000|  0%| F|  |TAMS 0x000000071ee00000, 0x000000071ee00000| Untracked 
| 227|0x000000071f000000, 0x000000071f000000, 0x000000071f200000|  0%| F|  |TAMS 0x000000071f000000, 0x000000071f000000| Untracked 
| 228|0x000000071f200000, 0x000000071f200000, 0x000000071f400000|  0%| F|  |TAMS 0x000000071f200000, 0x000000071f200000| Untracked 
| 229|0x000000071f400000, 0x000000071f400000, 0x000000071f600000|  0%| F|  |TAMS 0x000000071f400000, 0x000000071f400000| Untracked 
| 230|0x000000071f600000, 0x000000071f600000, 0x000000071f800000|  0%| F|  |TAMS 0x000000071f600000, 0x000000071f600000| Untracked 
| 231|0x000000071f800000, 0x000000071f800000, 0x000000071fa00000|  0%| F|  |TAMS 0x000000071f800000, 0x000000071f800000| Untracked 
| 232|0x000000071fa00000, 0x000000071fa00000, 0x000000071fc00000|  0%| F|  |TAMS 0x000000071fa00000, 0x000000071fa00000| Untracked 
| 233|0x000000071fc00000, 0x000000071fc00000, 0x000000071fe00000|  0%| F|  |TAMS 0x000000071fc00000, 0x000000071fc00000| Untracked 
| 234|0x000000071fe00000, 0x000000071fe00000, 0x0000000720000000|  0%| F|  |TAMS 0x000000071fe00000, 0x000000071fe00000| Untracked 
| 235|0x0000000720000000, 0x0000000720000000, 0x0000000720200000|  0%| F|  |TAMS 0x0000000720000000, 0x0000000720000000| Untracked 
| 236|0x0000000720200000, 0x0000000720200000, 0x0000000720400000|  0%| F|  |TAMS 0x0000000720200000, 0x0000000720200000| Untracked 
| 237|0x0000000720400000, 0x0000000720400000, 0x0000000720600000|  0%| F|  |TAMS 0x0000000720400000, 0x0000000720400000| Untracked 
| 238|0x0000000720600000, 0x0000000720600000, 0x0000000720800000|  0%| F|  |TAMS 0x0000000720600000, 0x0000000720600000| Untracked 
| 239|0x0000000720800000, 0x0000000720800000, 0x0000000720a00000|  0%| F|  |TAMS 0x0000000720800000, 0x0000000720800000| Untracked 
| 240|0x0000000720a00000, 0x0000000720a00000, 0x0000000720c00000|  0%| F|  |TAMS 0x0000000720a00000, 0x0000000720a00000| Untracked 
| 241|0x0000000720c00000, 0x0000000720c00000, 0x0000000720e00000|  0%| F|  |TAMS 0x0000000720c00000, 0x0000000720c00000| Untracked 
| 242|0x0000000720e00000, 0x0000000720e00000, 0x0000000721000000|  0%| F|  |TAMS 0x0000000720e00000, 0x0000000720e00000| Untracked 
| 243|0x0000000721000000, 0x0000000721000000, 0x0000000721200000|  0%| F|  |TAMS 0x0000000721000000, 0x0000000721000000| Untracked 
| 244|0x0000000721200000, 0x0000000721320ea8, 0x0000000721400000| 56%| E|  |TAMS 0x0000000721200000, 0x0000000721200000| Complete 

Card table byte_map: [0x0000018b00000000,0x0000018b007f0000] _byte_map_base: 0x0000018afc7eb000

Marking Bits (Prev, Next): (CMBitMap*) 0x0000018b683e1130, (CMBitMap*) 0x0000018b683e1170
 Prev Bits: [0x0000018b00fe0000, 0x0000018b04f38000)
 Next Bits: [0x0000018b04f40000, 0x0000018b08e98000)

Polling page: 0x0000018b661b0000

Metaspace:

Usage:
  Non-class:     91.27 MB used.
      Class:     14.19 MB used.
       Both:    105.46 MB used.

Virtual space:
  Non-class space:      128.00 MB reserved,      91.69 MB ( 72%) committed,  2 nodes.
      Class space:        1.00 GB reserved,      14.56 MB (  1%) committed,  1 nodes.
             Both:        1.12 GB reserved,     106.25 MB (  9%) committed. 

Chunk freelists:
   Non-Class:  3.46 MB
       Class:  1.42 MB
        Both:  4.88 MB

MaxMetaspaceSize: unlimited
CompressedClassSpaceSize: 1.00 GB
Initial GC threshold: 21.00 MB
Current GC threshold: 122.94 MB
CDS: on
MetaspaceReclaimPolicy: balanced
 - commit_granule_bytes: 65536.
 - commit_granule_words: 8192.
 - virtual_space_node_default_size: 8388608.
 - enlarge_chunks_in_place: 1.
 - new_chunks_are_fully_committed: 0.
 - uncommit_free_chunks: 1.
 - use_allocation_guard: 0.
 - handle_deallocations: 1.


Internal statistics:

num_allocs_failed_limit: 9.
num_arena_births: 1276.
num_arena_deaths: 0.
num_vsnodes_births: 3.
num_vsnodes_deaths: 0.
num_space_committed: 1698.
num_space_uncommitted: 0.
num_chunks_returned_to_freelist: 9.
num_chunks_taken_from_freelist: 5359.
num_chunk_merges: 9.
num_chunk_splits: 3791.
num_chunks_enlarged: 2848.
num_inconsistent_stats: 0.

CodeHeap 'non-profiled nmethods': size=120000Kb used=8383Kb max_used=8383Kb free=111616Kb
 bounds [0x0000018b77980000, 0x0000018b781b0000, 0x0000018b7eeb0000]
CodeHeap 'profiled nmethods': size=120000Kb used=23204Kb max_used=23204Kb free=96795Kb
 bounds [0x0000018b6feb0000, 0x0000018b71560000, 0x0000018b773e0000]
CodeHeap 'non-nmethods': size=5760Kb used=1468Kb max_used=1552Kb free=4291Kb
 bounds [0x0000018b773e0000, 0x0000018b77650000, 0x0000018b77980000]
 total_blobs=12944 nmethods=12123 adapters=731
 compilation: enabled
              stopped_count=0, restarted_count=0
 full_count=0

Compilation events (20 events):
Event: 1798.859 Thread 0x0000018b0b4102c0 14165       4       java.util.regex.Pattern$$Lambda$142/0x0000018b0d0d2188::is (5 bytes)
Event: 1798.859 Thread 0x0000018b0b411cd0 14166       1       com.mysql.cj.conf.AbstractRuntimeProperty::isExplicitlySet (5 bytes)
Event: 1798.859 Thread 0x0000018b0b411cd0 nmethod 14166 0x0000018b781aef10 code [0x0000018b781af0a0, 0x0000018b781af178]
Event: 1798.859 Thread 0x0000018b0b4102c0 nmethod 14165 0x0000018b781af210 code [0x0000018b781af380, 0x0000018b781af458]
Event: 1798.860 Thread 0x0000018b0b411cd0 14167   !   3       sun.nio.ch.NioSocketImpl::configureNonBlocking (63 bytes)
Event: 1798.860 Thread 0x0000018b0b4102c0 14168       4       java.util.LinkedList::add (7 bytes)
Event: 1798.860 Thread 0x0000018b0b411cd0 nmethod 14167 0x0000018b71556f90 code [0x0000018b71557180, 0x0000018b715576a8]
Event: 1798.861 Thread 0x0000018b0b411cd0 14169       1       java.net.Socket::isConnected (5 bytes)
Event: 1798.861 Thread 0x0000018b0b411cd0 nmethod 14169 0x0000018b781af590 code [0x0000018b781af720, 0x0000018b781af7f8]
Event: 1798.862 Thread 0x0000018b0b4102c0 nmethod 14168 0x0000018b781af890 code [0x0000018b781afa20, 0x0000018b781afe18]
Event: 1799.231 Thread 0x0000018b0b411cd0 14170       3       com.mysql.cj.protocol.a.NativeServerSession::setStatusFlags (7 bytes)
Event: 1799.231 Thread 0x0000018b0b411cd0 nmethod 14170 0x0000018b71557a10 code [0x0000018b71557ba0, 0x0000018b71557d18]
Event: 1799.231 Thread 0x0000018b0b411cd0 14171       3       com.mysql.cj.protocol.a.NativePacketPayload::writeBytes (10 bytes)
Event: 1799.231 Thread 0x0000018b0b411cd0 nmethod 14171 0x0000018b71557e10 code [0x0000018b71557fc0, 0x0000018b71558128]
Event: 1799.231 Thread 0x0000018b0b411cd0 14172       3       com.mysql.cj.protocol.a.NativePacketPayload::writeBytes (124 bytes)
Event: 1799.232 Thread 0x0000018b0b411cd0 nmethod 14172 0x0000018b71558210 code [0x0000018b71558420, 0x0000018b715588f8]
Event: 1804.666 Thread 0x0000018b0b411cd0 14173       3       com.zaxxer.hikari.util.ClockSource::currentTime (9 bytes)
Event: 1804.666 Thread 0x0000018b0b411cd0 nmethod 14173 0x0000018b71558b10 code [0x0000018b71558ca0, 0x0000018b71558e18]
Event: 1804.666 Thread 0x0000018b0b411cd0 14174       3       com.zaxxer.hikari.util.ClockSource$NanosecondClockSource::currentTime0 (4 bytes)
Event: 1804.667 Thread 0x0000018b0b411cd0 nmethod 14174 0x0000018b71558f10 code [0x0000018b715590a0, 0x0000018b715591d8]

GC Heap History (20 events):
Event: 7.860 GC heap before
{Heap before GC invocations=31 (full 0):
 garbage-first heap   total 210944K, used 129024K [0x0000000702a00000, 0x0000000800000000)
  region size 2048K, 18 young (36864K), 5 survivors (10240K)
 Metaspace       used 74902K, committed 75520K, reserved 1114112K
  class space    used 10558K, committed 10816K, reserved 1048576K
}
Event: 7.872 GC heap after
{Heap after GC invocations=32 (full 0):
 garbage-first heap   total 210944K, used 116560K [0x0000000702a00000, 0x0000000800000000)
  region size 2048K, 4 young (8192K), 4 survivors (8192K)
 Metaspace       used 74902K, committed 75520K, reserved 1114112K
  class space    used 10558K, committed 10816K, reserved 1048576K
}
Event: 7.957 GC heap before
{Heap before GC invocations=32 (full 0):
 garbage-first heap   total 225280K, used 143184K [0x0000000702a00000, 0x0000000800000000)
  region size 2048K, 22 young (45056K), 4 survivors (8192K)
 Metaspace       used 74902K, committed 75520K, reserved 1114112K
  class space    used 10558K, committed 10816K, reserved 1048576K
}
Event: 7.966 GC heap after
{Heap after GC invocations=33 (full 0):
 garbage-first heap   total 225280K, used 114376K [0x0000000702a00000, 0x0000000800000000)
  region size 2048K, 3 young (6144K), 3 survivors (6144K)
 Metaspace       used 74902K, committed 75520K, reserved 1114112K
  class space    used 10558K, committed 10816K, reserved 1048576K
}
Event: 8.247 GC heap before
{Heap before GC invocations=34 (full 0):
 garbage-first heap   total 225280K, used 161480K [0x0000000702a00000, 0x0000000800000000)
  region size 2048K, 26 young (53248K), 3 survivors (6144K)
 Metaspace       used 76192K, committed 76800K, reserved 1179648K
  class space    used 10650K, committed 10944K, reserved 1048576K
}
Event: 8.254 GC heap after
{Heap after GC invocations=35 (full 0):
 garbage-first heap   total 225280K, used 117997K [0x0000000702a00000, 0x0000000800000000)
  region size 2048K, 2 young (4096K), 2 survivors (4096K)
 Metaspace       used 76192K, committed 76800K, reserved 1179648K
  class space    used 10650K, committed 10944K, reserved 1048576K
}
Event: 8.262 GC heap before
{Heap before GC invocations=35 (full 0):
 garbage-first heap   total 225280K, used 124141K [0x0000000702a00000, 0x0000000800000000)
  region size 2048K, 5 young (10240K), 2 survivors (4096K)
 Metaspace       used 76192K, committed 76800K, reserved 1179648K
  class space    used 10650K, committed 10944K, reserved 1048576K
}
Event: 8.265 GC heap after
{Heap after GC invocations=36 (full 0):
 garbage-first heap   total 225280K, used 112284K [0x0000000702a00000, 0x0000000800000000)
  region size 2048K, 1 young (2048K), 1 survivors (2048K)
 Metaspace       used 76192K, committed 76800K, reserved 1179648K
  class space    used 10650K, committed 10944K, reserved 1048576K
}
Event: 8.984 GC heap before
{Heap before GC invocations=36 (full 0):
 garbage-first heap   total 225280K, used 161436K [0x0000000702a00000, 0x0000000800000000)
  region size 2048K, 26 young (53248K), 1 survivors (2048K)
 Metaspace       used 83500K, committed 84160K, reserved 1179648K
  class space    used 11622K, committed 11968K, reserved 1048576K
}
Event: 8.989 GC heap after
{Heap after GC invocations=37 (full 0):
 garbage-first heap   total 501760K, used 115542K [0x0000000702a00000, 0x0000000800000000)
  region size 2048K, 2 young (4096K), 2 survivors (4096K)
 Metaspace       used 83500K, committed 84160K, reserved 1179648K
  class space    used 11622K, committed 11968K, reserved 1048576K
}
Event: 108.714 GC heap before
{Heap before GC invocations=37 (full 0):
 garbage-first heap   total 501760K, used 320342K [0x0000000702a00000, 0x0000000800000000)
  region size 2048K, 99 young (202752K), 2 survivors (4096K)
 Metaspace       used 106739K, committed 107520K, reserved 1179648K
  class space    used 14449K, committed 14848K, reserved 1048576K
}
Event: 108.726 GC heap after
{Heap after GC invocations=38 (full 0):
 garbage-first heap   total 501760K, used 132665K [0x0000000702a00000, 0x0000000800000000)
  region size 2048K, 8 young (16384K), 8 survivors (16384K)
 Metaspace       used 106739K, committed 107520K, reserved 1179648K
  class space    used 14449K, committed 14848K, reserved 1048576K
}
Event: 456.364 GC heap before
{Heap before GC invocations=38 (full 0):
 garbage-first heap   total 501760K, used 364089K [0x0000000702a00000, 0x0000000800000000)
  region size 2048K, 121 young (247808K), 8 survivors (16384K)
 Metaspace       used 107868K, committed 108736K, reserved 1179648K
  class space    used 14516K, committed 14912K, reserved 1048576K
}
Event: 456.373 GC heap after
{Heap after GC invocations=39 (full 0):
 garbage-first heap   total 501760K, used 133249K [0x0000000702a00000, 0x0000000800000000)
  region size 2048K, 8 young (16384K), 8 survivors (16384K)
 Metaspace       used 107868K, committed 108736K, reserved 1179648K
  class space    used 14516K, committed 14912K, reserved 1048576K
}
Event: 932.134 GC heap before
{Heap before GC invocations=39 (full 0):
 garbage-first heap   total 501760K, used 403585K [0x0000000702a00000, 0x0000000800000000)
  region size 2048K, 140 young (286720K), 8 survivors (16384K)
 Metaspace       used 107921K, committed 108736K, reserved 1179648K
  class space    used 14524K, committed 14912K, reserved 1048576K
}
Event: 932.141 GC heap after
{Heap after GC invocations=40 (full 0):
 garbage-first heap   total 501760K, used 133844K [0x0000000702a00000, 0x0000000800000000)
  region size 2048K, 8 young (16384K), 8 survivors (16384K)
 Metaspace       used 107921K, committed 108736K, reserved 1179648K
  class space    used 14524K, committed 14912K, reserved 1048576K
}
Event: 1436.050 GC heap before
{Heap before GC invocations=40 (full 0):
 garbage-first heap   total 501760K, used 418516K [0x0000000702a00000, 0x0000000800000000)
  region size 2048K, 147 young (301056K), 8 survivors (16384K)
 Metaspace       used 107937K, committed 108736K, reserved 1179648K
  class space    used 14524K, committed 14912K, reserved 1048576K
}
Event: 1436.058 GC heap after
{Heap after GC invocations=41 (full 0):
 garbage-first heap   total 501760K, used 133280K [0x0000000702a00000, 0x0000000800000000)
  region size 2048K, 8 young (16384K), 8 survivors (16384K)
 Metaspace       used 107937K, committed 108736K, reserved 1179648K
  class space    used 14524K, committed 14912K, reserved 1048576K
}
Event: 1932.915 GC heap before
{Heap before GC invocations=41 (full 0):
 garbage-first heap   total 501760K, used 417952K [0x0000000702a00000, 0x0000000800000000)
  region size 2048K, 147 young (301056K), 8 survivors (16384K)
 Metaspace       used 107991K, committed 108800K, reserved 1179648K
  class space    used 14530K, committed 14912K, reserved 1048576K
}
Event: 1932.937 GC heap after
{Heap after GC invocations=42 (full 0):
 garbage-first heap   total 501760K, used 134197K [0x0000000702a00000, 0x0000000800000000)
  region size 2048K, 8 young (16384K), 8 survivors (16384K)
 Metaspace       used 107991K, committed 108800K, reserved 1179648K
  class space    used 14530K, committed 14912K, reserved 1048576K
}

Dll operation events (13 events):
Event: 0.004 Loaded shared library C:\Users\admin\.jdks\ms-17.0.15\bin\java.dll
Event: 0.021 Loaded shared library C:\Users\admin\.jdks\ms-17.0.15\bin\jsvml.dll
Event: 0.109 Loaded shared library C:\Users\admin\.jdks\ms-17.0.15\bin\zip.dll
Event: 0.111 Loaded shared library C:\Users\admin\.jdks\ms-17.0.15\bin\instrument.dll
Event: 0.117 Loaded shared library C:\Users\admin\.jdks\ms-17.0.15\bin\net.dll
Event: 0.118 Loaded shared library C:\Users\admin\.jdks\ms-17.0.15\bin\nio.dll
Event: 0.120 Loaded shared library C:\Users\admin\.jdks\ms-17.0.15\bin\zip.dll
Event: 0.234 Loaded shared library C:\Users\admin\.jdks\ms-17.0.15\bin\extnet.dll
Event: 0.249 Loaded shared library C:\Users\admin\.jdks\ms-17.0.15\bin\verify.dll
Event: 0.256 Loaded shared library C:\Users\admin\.jdks\ms-17.0.15\bin\jimage.dll
Event: 0.562 Loaded shared library C:\Users\admin\.jdks\ms-17.0.15\bin\management.dll
Event: 0.564 Loaded shared library C:\Users\admin\.jdks\ms-17.0.15\bin\management_ext.dll
Event: 1.627 Loaded shared library C:\Users\admin\.jdks\ms-17.0.15\bin\sunmscapi.dll

Deoptimization events (20 events):
Event: 295.411 Thread 0x0000018b53cd0420 DEOPT PACKING pc=0x0000018b7814d844 sp=0x0000005de61ff160
Event: 295.411 Thread 0x0000018b53cd0420 DEOPT UNPACKING pc=0x0000018b774369a3 sp=0x0000005de61ff0f8 mode 2
Event: 295.411 Thread 0x0000018b53cd0420 Uncommon trap: trap_request=0xffffffc6 fr.pc=0x0000018b7814d844 relative=0x0000000000000be4
Event: 295.411 Thread 0x0000018b53cd0420 Uncommon trap: reason=bimorphic_or_optimized_type_check action=maybe_recompile pc=0x0000018b7814d844 method=java.util.HashMap.removeNode(ILjava/lang/Object;Ljava/lang/Object;ZZ)Ljava/util/HashMap$Node; @ 143 c2
Event: 295.411 Thread 0x0000018b53cd0420 DEOPT PACKING pc=0x0000018b7814d844 sp=0x0000005de61ff160
Event: 295.411 Thread 0x0000018b53cd0420 DEOPT UNPACKING pc=0x0000018b774369a3 sp=0x0000005de61ff0f8 mode 2
Event: 295.411 Thread 0x0000018b53cd0420 Uncommon trap: trap_request=0xffffffc6 fr.pc=0x0000018b7814d844 relative=0x0000000000000be4
Event: 295.411 Thread 0x0000018b53cd0420 Uncommon trap: reason=bimorphic_or_optimized_type_check action=maybe_recompile pc=0x0000018b7814d844 method=java.util.HashMap.removeNode(ILjava/lang/Object;Ljava/lang/Object;ZZ)Ljava/util/HashMap$Node; @ 143 c2
Event: 295.411 Thread 0x0000018b53cd0420 DEOPT PACKING pc=0x0000018b7814d844 sp=0x0000005de61ff160
Event: 295.411 Thread 0x0000018b53cd0420 DEOPT UNPACKING pc=0x0000018b774369a3 sp=0x0000005de61ff0f8 mode 2
Event: 1663.329 Thread 0x0000018b0b50d190 Uncommon trap: trap_request=0xffffff45 fr.pc=0x0000018b781abc38 relative=0x0000000000001138
Event: 1663.329 Thread 0x0000018b0b50d190 Uncommon trap: reason=unstable_if action=reinterpret pc=0x0000018b781abc38 method=java.util.concurrent.locks.AbstractQueuedSynchronizer.acquire(Ljava/util/concurrent/locks/AbstractQueuedSynchronizer$Node;IZZZJ)I @ 49 c2
Event: 1663.329 Thread 0x0000018b0b50d190 DEOPT PACKING pc=0x0000018b781abc38 sp=0x0000005de48fefe0
Event: 1663.329 Thread 0x0000018b0b50d190 DEOPT UNPACKING pc=0x0000018b774369a3 sp=0x0000005de48fef78 mode 2
Event: 1759.177 Thread 0x0000018b5470d590 DEOPT PACKING pc=0x0000018b70b7a22a sp=0x0000005de25fe0b0
Event: 1759.177 Thread 0x0000018b5470d590 DEOPT UNPACKING pc=0x0000018b77437143 sp=0x0000005de25fd590 mode 0
Event: 1759.180 Thread 0x0000018b550bb070 Uncommon trap: trap_request=0xffffff45 fr.pc=0x0000018b7811619c relative=0x000000000000045c
Event: 1759.180 Thread 0x0000018b550bb070 Uncommon trap: reason=unstable_if action=reinterpret pc=0x0000018b7811619c method=sun.nio.cs.UTF_8$Encoder.encodeArrayLoopSlow(Ljava/nio/CharBuffer;[CIILjava/nio/ByteBuffer;[BII)Ljava/nio/charset/CoderResult; @ 64 c2
Event: 1759.180 Thread 0x0000018b550bb070 DEOPT PACKING pc=0x0000018b7811619c sp=0x0000005de3dfebe0
Event: 1759.180 Thread 0x0000018b550bb070 DEOPT UNPACKING pc=0x0000018b774369a3 sp=0x0000005de3dfeb50 mode 2

Classes loaded (20 events):
Event: 92.133 Loading class java/util/stream/SliceOps$1
Event: 92.133 Loading class java/util/stream/SliceOps$1 done
Event: 92.134 Loading class java/util/stream/SliceOps$1$1
Event: 92.134 Loading class java/util/stream/SliceOps$1$1 done
Event: 233.593 Loading class java/io/PushbackInputStream
Event: 233.593 Loading class java/io/PushbackInputStream done
Event: 564.408 Loading class sun/security/ssl/Alert
Event: 564.409 Loading class sun/security/ssl/Alert done
Event: 564.409 Loading class sun/security/ssl/Alert$AlertConsumer
Event: 564.409 Loading class sun/security/ssl/Alert$AlertConsumer done
Event: 564.409 Loading class sun/security/ssl/Alert$AlertMessage
Event: 564.409 Loading class sun/security/ssl/Alert$AlertMessage done
Event: 564.409 Loading class sun/security/ssl/Alert$Level
Event: 564.409 Loading class sun/security/ssl/Alert$Level done
Event: 1759.176 Loading class javax/crypto/NoSuchPaddingException
Event: 1759.176 Loading class javax/crypto/NoSuchPaddingException done
Event: 1759.176 Loading class javax/crypto/IllegalBlockSizeException
Event: 1759.176 Loading class javax/crypto/IllegalBlockSizeException done
Event: 1759.176 Loading class javax/crypto/BadPaddingException
Event: 1759.176 Loading class javax/crypto/BadPaddingException done

Classes unloaded (0 events):
No events

Classes redefined (0 events):
No events

Internal exceptions (20 events):
Event: 70.240 Thread 0x0000018b558056f0 Exception <a 'java/lang/reflect/InvocationTargetException'{0x000000071a693a60}> (0x000000071a693a60) 
thrown [s\src\hotspot\share\runtime\reflection.cpp, line 1128]
Event: 91.513 Thread 0x0000018b55808ea0 Exception <a 'java/lang/UnsatisfiedLinkError'{0x0000000717a7a0d8}: 'int io.netty.channel.epoll.Native.offsetofEpollData()'> (0x0000000717a7a0d8) 
thrown [s\src\hotspot\share\prims\nativeLookup.cpp, line 543]
Event: 91.514 Thread 0x0000018b55808ea0 Exception <a 'java/lang/ExceptionInInitializerError'{0x0000000717a7f560}> (0x0000000717a7f560) 
thrown [s\src\hotspot\share\oops\instanceKlass.cpp, line 1223]
Event: 91.559 Thread 0x0000018b55808ea0 Exception <a 'java/io/FileNotFoundException'{0x00000007171178e8}> (0x00000007171178e8) 
thrown [s\src\hotspot\share\prims\jni.cpp, line 516]
Event: 91.566 Thread 0x0000018b55808ea0 Exception <a 'sun/nio/fs/WindowsException'{0x00000007171a6a38}> (0x00000007171a6a38) 
thrown [s\src\hotspot\share\prims\jni.cpp, line 516]
Event: 91.589 Thread 0x0000018b55808ea0 Exception <a 'java/lang/NoSuchMethodError'{0x0000000716fe8050}: 'java.lang.Object java.lang.invoke.DirectMethodHandle$Holder.newInvokeSpecial(java.lang.Object, java.lang.Object, long, java.lang.Object)'> (0x0000000716fe8050) 
thrown [s\src\hotspot\share\interpreter\linkResolver.cpp, line 759]
Event: 91.632 Thread 0x0000018b55808ea0 Exception <a 'java/lang/NoSuchMethodError'{0x0000000716a99e70}: 'java.lang.Object java.lang.invoke.DirectMethodHandle$Holder.newInvokeSpecial(java.lang.Object, java.lang.Object, java.lang.Object, java.lang.Object, java.lang.Object, java.lang.Object, int, java.lang.Object)'> (0x0000000716a99e70) 
thrown [s\src\hotspot\share\interpreter\linkResolver.cpp, line 759]
Event: 91.673 Thread 0x0000018b53cca3f0 Exception <a 'java/lang/NoSuchMethodError'{0x00000007168cf950}: 'java.lang.Object java.lang.invoke.DirectMethodHandle$Holder.invokeStatic(java.lang.Object, java.lang.Object, java.lang.Object, int, java.lang.Object, java.lang.Object)'> (0x00000007168cf950) 
thrown [s\src\hotspot\share\interpreter\linkResolver.cpp, line 759]
Event: 91.699 Thread 0x0000018b53ccdba0 Exception <a 'java/lang/NoSuchMethodError'{0x00000007169ab0c8}: 'java.lang.Object java.lang.invoke.Invokers$Holder.linkToTargetMethod(java.lang.Object, int, java.lang.Object, java.lang.Object, java.lang.Object, java.lang.Object)'> (0x00000007169ab0c8) 
thrown [s\src\hotspot\share\interpreter\linkResolver.cpp, line 759]
Event: 91.700 Thread 0x0000018b53cca3f0 Exception <a 'java/lang/NoSuchMethodError'{0x00000007168ec1c8}: 'java.lang.Object java.lang.invoke.DirectMethodHandle$Holder.newInvokeSpecial(java.lang.Object, java.lang.Object, java.lang.Object, java.lang.Object, int, java.lang.Object)'> (0x00000007168ec1c8) 
thrown [s\src\hotspot\share\interpreter\linkResolver.cpp, line 759]
Event: 91.700 Thread 0x0000018b53cca3f0 Exception <a 'java/lang/NoSuchMethodError'{0x00000007168f01b0}: 'java.lang.Object java.lang.invoke.DirectMethodHandle$Holder.invokeSpecial(java.lang.Object, java.lang.Object, java.lang.Object, java.lang.Object, java.lang.Object, int, java.lang.Object)'> (0x00000007168f01b0) 
thrown [s\src\hotspot\share\interpreter\linkResolver.cpp, line 759]
Event: 91.700 Thread 0x0000018b53cca3f0 Exception <a 'java/lang/NoSuchMethodError'{0x00000007168f3a98}: 'java.lang.Object java.lang.invoke.Invokers$Holder.linkToTargetMethod(java.lang.Object, java.lang.Object, java.lang.Object, int, java.lang.Object, java.lang.Object)'> (0x00000007168f3a98) 
thrown [s\src\hotspot\share\interpreter\linkResolver.cpp, line 759]
Event: 91.920 Thread 0x0000018b53cca3f0 Implicit null exception at 0x0000018b779f0b8c to 0x0000018b779f0d42
Event: 91.970 Thread 0x0000018b53cca3f0 Exception <a 'java/lang/NoSuchMethodError'{0x000000071625b2a0}: 'void java.lang.invoke.DirectMethodHandle$Holder.invokeStatic(java.lang.Object, int)'> (0x000000071625b2a0) 
thrown [s\src\hotspot\share\interpreter\linkResolver.cpp, line 759]
Event: 91.971 Thread 0x0000018b53cca3f0 Exception <a 'java/lang/NoSuchMethodError'{0x000000071625e960}: 'void java.lang.invoke.DirectMethodHandle$Holder.invokeStaticInit(java.lang.Object, int)'> (0x000000071625e960) 
thrown [s\src\hotspot\share\interpreter\linkResolver.cpp, line 759]
Event: 91.971 Thread 0x0000018b53cca3f0 Exception <a 'java/lang/NoSuchMethodError'{0x00000007162643b0}: 'void java.lang.invoke.DirectMethodHandle$Holder.invokeSpecial(java.lang.Object, java.lang.Object, int)'> (0x00000007162643b0) 
thrown [s\src\hotspot\share\interpreter\linkResolver.cpp, line 759]
Event: 155.354 Thread 0x0000018b55805c00 Implicit null exception at 0x0000018b77e3fbaa to 0x0000018b77e3fe14
Event: 233.124 Thread 0x0000018b55805c00 Exception <a 'java/lang/NoSuchMethodError'{0x000000071aef56e8}: 'int java.lang.invoke.DirectMethodHandle$Holder.invokeStatic(java.lang.Object, java.lang.Object, int, int)'> (0x000000071aef56e8) 
thrown [s\src\hotspot\share\interpreter\linkResolver.cpp, line 759]
Event: 233.597 Thread 0x0000018b55807f70 Implicit null exception at 0x0000018b781760eb to 0x0000018b7817742c
Event: 233.597 Thread 0x0000018b55807f70 Implicit null exception at 0x0000018b7817ca6e to 0x0000018b7817cb10

VM Operations (20 events):
Event: 974.503 Executing VM operation: Cleanup
Event: 974.503 Executing VM operation: Cleanup done
Event: 1264.424 Executing VM operation: Cleanup
Event: 1264.424 Executing VM operation: Cleanup done
Event: 1294.746 Executing VM operation: Cleanup
Event: 1294.746 Executing VM operation: Cleanup done
Event: 1436.050 Executing VM operation: G1CollectForAllocation
Event: 1436.058 Executing VM operation: G1CollectForAllocation done
Event: 1438.074 Executing VM operation: Cleanup
Event: 1438.074 Executing VM operation: Cleanup done
Event: 1759.266 Executing VM operation: Cleanup
Event: 1759.267 Executing VM operation: Cleanup done
Event: 1770.380 Executing VM operation: Cleanup
Event: 1770.380 Executing VM operation: Cleanup done
Event: 1778.459 Executing VM operation: Cleanup
Event: 1778.459 Executing VM operation: Cleanup done
Event: 1799.650 Executing VM operation: Cleanup
Event: 1799.650 Executing VM operation: Cleanup done
Event: 1932.915 Executing VM operation: G1CollectForAllocation
Event: 1932.937 Executing VM operation: G1CollectForAllocation done

Memory protections (0 events):
No events

Nmethod flushes (20 events):
Event: 82.510 Thread 0x0000018b0b41beb0 flushing  nmethod 0x0000018b70f60e90
Event: 82.510 Thread 0x0000018b0b41beb0 flushing  nmethod 0x0000018b70f61490
Event: 82.510 Thread 0x0000018b0b41beb0 flushing  nmethod 0x0000018b70f80790
Event: 82.510 Thread 0x0000018b0b41beb0 flushing  nmethod 0x0000018b70fb6c10
Event: 82.510 Thread 0x0000018b0b41beb0 flushing  nmethod 0x0000018b71003f10
Event: 82.511 Thread 0x0000018b0b41beb0 flushing osr nmethod 0x0000018b71042a90
Event: 82.511 Thread 0x0000018b0b41beb0 flushing  nmethod 0x0000018b7104a990
Event: 82.511 Thread 0x0000018b0b41beb0 flushing  nmethod 0x0000018b7108b410
Event: 155.370 Thread 0x0000018b0b41beb0 flushing  nmethod 0x0000018b6ffc0e90
Event: 155.373 Thread 0x0000018b0b41beb0 flushing  nmethod 0x0000018b703a6b10
Event: 155.373 Thread 0x0000018b0b41beb0 flushing  nmethod 0x0000018b703a7a90
Event: 155.373 Thread 0x0000018b0b41beb0 flushing  nmethod 0x0000018b703b7710
Event: 155.373 Thread 0x0000018b0b41beb0 flushing  nmethod 0x0000018b703c3d10
Event: 155.373 Thread 0x0000018b0b41beb0 flushing  nmethod 0x0000018b7040b690
Event: 155.373 Thread 0x0000018b0b41beb0 flushing  nmethod 0x0000018b70450a90
Event: 155.373 Thread 0x0000018b0b41beb0 flushing  nmethod 0x0000018b70451e90
Event: 155.379 Thread 0x0000018b0b41beb0 flushing  nmethod 0x0000018b70dd3190
Event: 155.380 Thread 0x0000018b0b41beb0 flushing  nmethod 0x0000018b70e32b90
Event: 155.380 Thread 0x0000018b0b41beb0 flushing  nmethod 0x0000018b70e4e390
Event: 155.380 Thread 0x0000018b0b41beb0 flushing  nmethod 0x0000018b70e66810

Events (20 events):
Event: 233.125 Thread 0x0000018b0b411cd0 Thread added: 0x0000018b545edd40
Event: 233.137 Thread 0x0000018b0b411cd0 Thread added: 0x0000018b565e70c0
Event: 233.420 Thread 0x0000018b565e70c0 Thread exited: 0x0000018b565e70c0
Event: 233.420 Thread 0x0000018b545edd40 Thread exited: 0x0000018b545edd40
Event: 1759.174 Thread 0x0000018b55807550 Thread added: 0x0000018b5470d590
Event: 1759.178 Thread 0x0000018b5470d590 Thread added: 0x0000018b550bb070
Event: 1764.187 Thread 0x0000018b5470d590 Thread exited: 0x0000018b5470d590
Event: 1764.234 Thread 0x0000018b550bb070 Thread exited: 0x0000018b550bb070
Event: 1770.193 Thread 0x0000018b55807550 Thread added: 0x0000018b528654a0
Event: 1770.194 Thread 0x0000018b528654a0 Thread added: 0x0000018b550bb070
Event: 1775.195 Thread 0x0000018b528654a0 Thread exited: 0x0000018b528654a0
Event: 1775.243 Thread 0x0000018b55807550 Thread added: 0x0000018b5470d590
Event: 1775.243 Thread 0x0000018b550bb070 Thread exited: 0x0000018b550bb070
Event: 1775.245 Thread 0x0000018b5470d590 Thread added: 0x0000018b550bb070
Event: 1792.733 Thread 0x0000018b5470d590 Thread exited: 0x0000018b5470d590
Event: 1792.779 Thread 0x0000018b550bb070 Thread exited: 0x0000018b550bb070
Event: 1798.858 Thread 0x0000018b55807550 Thread added: 0x0000018b5470e9d0
Event: 1798.859 Thread 0x0000018b5470e9d0 Thread added: 0x0000018b52866580
Event: 1804.232 Thread 0x0000018b5470e9d0 Thread exited: 0x0000018b5470e9d0
Event: 1804.279 Thread 0x0000018b52866580 Thread exited: 0x0000018b52866580


Dynamic libraries:
0x00007ff6fb110000 - 0x00007ff6fb11e000 	C:\Users\admin\.jdks\ms-17.0.15\bin\java.exe
0x00007ffa743b0000 - 0x00007ffa745a8000 	C:\Windows\SYSTEM32\ntdll.dll
0x00007ffa72ab0000 - 0x00007ffa72b72000 	C:\Windows\System32\KERNEL32.DLL
0x00007ffa71a40000 - 0x00007ffa71d36000 	C:\Windows\System32\KERNELBASE.dll
0x00007ffa71df0000 - 0x00007ffa71ef0000 	C:\Windows\System32\ucrtbase.dll
0x00007ffa5ce70000 - 0x00007ffa5ce87000 	C:\Users\admin\.jdks\ms-17.0.15\bin\jli.dll
0x00007ffa5b280000 - 0x00007ffa5b29d000 	C:\Users\admin\.jdks\ms-17.0.15\bin\VCRUNTIME140.dll
0x00007ffa72ff0000 - 0x00007ffa7318d000 	C:\Windows\System32\USER32.dll
0x00007ffa723a0000 - 0x00007ffa723c2000 	C:\Windows\System32\win32u.dll
0x00007ffa5e240000 - 0x00007ffa5e4da000 	C:\Windows\WinSxS\amd64_microsoft.windows.common-controls_6595b64144ccf1df_6.0.19041.5915_none_60b4b9d171f9c7c7\COMCTL32.dll
0x00007ffa73c40000 - 0x00007ffa73c6b000 	C:\Windows\System32\GDI32.dll
0x00007ffa73c80000 - 0x00007ffa73d1e000 	C:\Windows\System32\msvcrt.dll
0x00007ffa71ef0000 - 0x00007ffa72009000 	C:\Windows\System32\gdi32full.dll
0x00007ffa72090000 - 0x00007ffa7212d000 	C:\Windows\System32\msvcp_win.dll
0x00007ffa72990000 - 0x00007ffa729bf000 	C:\Windows\System32\IMM32.DLL
0x00007ffa682d0000 - 0x00007ffa682dc000 	C:\Users\admin\.jdks\ms-17.0.15\bin\vcruntime140_1.dll
0x00007ffa37f70000 - 0x00007ffa37ffd000 	C:\Users\admin\.jdks\ms-17.0.15\bin\msvcp140.dll
0x00007ffa2c650000 - 0x00007ffa2d2c2000 	C:\Users\admin\.jdks\ms-17.0.15\bin\server\jvm.dll
0x00007ffa73b80000 - 0x00007ffa73c31000 	C:\Windows\System32\ADVAPI32.dll
0x00007ffa74060000 - 0x00007ffa740ff000 	C:\Windows\System32\sechost.dll
0x00007ffa73e10000 - 0x00007ffa73f33000 	C:\Windows\System32\RPCRT4.dll
0x00007ffa72130000 - 0x00007ffa72157000 	C:\Windows\System32\bcrypt.dll
0x00007ffa73a30000 - 0x00007ffa73a9b000 	C:\Windows\System32\WS2_32.dll
0x00007ffa70fd0000 - 0x00007ffa7101b000 	C:\Windows\SYSTEM32\POWRPROF.dll
0x00007ffa6c310000 - 0x00007ffa6c31a000 	C:\Windows\SYSTEM32\VERSION.dll
0x00007ffa5e690000 - 0x00007ffa5e6b7000 	C:\Windows\SYSTEM32\WINMM.dll
0x00007ffa70e40000 - 0x00007ffa70e52000 	C:\Windows\SYSTEM32\UMPDC.dll
0x00007ffa6faa0000 - 0x00007ffa6fab2000 	C:\Windows\SYSTEM32\kernel.appcore.dll
0x00007ffa68150000 - 0x00007ffa6815a000 	C:\Users\admin\.jdks\ms-17.0.15\bin\jimage.dll
0x00007ffa6f5c0000 - 0x00007ffa6f7c1000 	C:\Windows\SYSTEM32\DBGHELP.DLL
0x00007ffa58070000 - 0x00007ffa580a4000 	C:\Windows\SYSTEM32\dbgcore.DLL
0x00007ffa72310000 - 0x00007ffa72392000 	C:\Windows\System32\bcryptPrimitives.dll
0x00007ffa62270000 - 0x00007ffa6227e000 	C:\Users\admin\.jdks\ms-17.0.15\bin\instrument.dll
0x00007ffa59770000 - 0x00007ffa59795000 	C:\Users\admin\.jdks\ms-17.0.15\bin\java.dll
0x00007ffa373a0000 - 0x00007ffa37476000 	C:\Users\admin\.jdks\ms-17.0.15\bin\jsvml.dll
0x00007ffa73190000 - 0x00007ffa738fe000 	C:\Windows\System32\SHELL32.dll
0x00007ffa6fac0000 - 0x00007ffa70264000 	C:\Windows\SYSTEM32\windows.storage.dll
0x00007ffa72480000 - 0x00007ffa727d3000 	C:\Windows\System32\combase.dll
0x00007ffa71470000 - 0x00007ffa7149b000 	C:\Windows\SYSTEM32\Wldp.dll
0x00007ffa73aa0000 - 0x00007ffa73b6d000 	C:\Windows\System32\OLEAUT32.dll
0x00007ffa723d0000 - 0x00007ffa7247d000 	C:\Windows\System32\SHCORE.dll
0x00007ffa72a50000 - 0x00007ffa72aab000 	C:\Windows\System32\shlwapi.dll
0x00007ffa71970000 - 0x00007ffa71994000 	C:\Windows\SYSTEM32\profapi.dll
0x00007ffa59f10000 - 0x00007ffa59f28000 	C:\Users\admin\.jdks\ms-17.0.15\bin\zip.dll
0x00007ffa5b100000 - 0x00007ffa5b11a000 	C:\Users\admin\.jdks\ms-17.0.15\bin\net.dll
0x00007ffa6a520000 - 0x00007ffa6a62a000 	C:\Windows\SYSTEM32\WINHTTP.dll
0x00007ffa711d0000 - 0x00007ffa7123a000 	C:\Windows\system32\mswsock.dll
0x00007ffa5b030000 - 0x00007ffa5b046000 	C:\Users\admin\.jdks\ms-17.0.15\bin\nio.dll
0x00007ffa61f20000 - 0x00007ffa61f29000 	C:\Users\admin\.jdks\ms-17.0.15\bin\extnet.dll
0x00007ffa5b8f0000 - 0x00007ffa5b900000 	C:\Users\admin\.jdks\ms-17.0.15\bin\verify.dll
0x00007ffa5cfd0000 - 0x00007ffa5cfda000 	C:\Users\admin\.jdks\ms-17.0.15\bin\management.dll
0x00007ffa5b970000 - 0x00007ffa5b97b000 	C:\Users\admin\.jdks\ms-17.0.15\bin\management_ext.dll
0x00007ffa73b70000 - 0x00007ffa73b78000 	C:\Windows\System32\PSAPI.DLL
0x00007ffa62230000 - 0x00007ffa6223e000 	C:\Users\admin\.jdks\ms-17.0.15\bin\sunmscapi.dll
0x00007ffa72160000 - 0x00007ffa722bd000 	C:\Windows\System32\CRYPT32.dll
0x00007ffa714e0000 - 0x00007ffa71507000 	C:\Windows\SYSTEM32\ncrypt.dll
0x00007ffa714a0000 - 0x00007ffa714db000 	C:\Windows\SYSTEM32\NTASN1.dll
0x00007ffa713c0000 - 0x00007ffa713d8000 	C:\Windows\SYSTEM32\CRYPTSP.dll
0x00007ffa70a80000 - 0x00007ffa70ab8000 	C:\Windows\system32\rsaenh.dll
0x00007ffa718f0000 - 0x00007ffa7191e000 	C:\Windows\SYSTEM32\USERENV.dll
0x00007ffa713e0000 - 0x00007ffa713ec000 	C:\Windows\SYSTEM32\CRYPTBASE.dll
0x00007ffa70e60000 - 0x00007ffa70e9b000 	C:\Windows\SYSTEM32\IPHLPAPI.DLL
0x00007ffa73c70000 - 0x00007ffa73c78000 	C:\Windows\System32\NSI.dll
0x00007ffa6a180000 - 0x00007ffa6a197000 	C:\Windows\SYSTEM32\dhcpcsvc6.DLL
0x00007ffa6a440000 - 0x00007ffa6a45d000 	C:\Windows\SYSTEM32\dhcpcsvc.DLL
0x00007ffa70eb0000 - 0x00007ffa70f7a000 	C:\Windows\SYSTEM32\DNSAPI.dll
0x00007ffa5b150000 - 0x00007ffa5b15a000 	C:\Windows\System32\rasadhlp.dll
0x00007ffa5cba0000 - 0x00007ffa5cc20000 	C:\Windows\System32\fwpuclnt.dll
0x00007ffa2d2e0000 - 0x00007ffa2d2e7000 	C:\Windows\system32\wshunix.dll
0x00007ffa4bce0000 - 0x00007ffa4bcf7000 	C:\Windows\system32\napinsp.dll
0x00007ffa4bcc0000 - 0x00007ffa4bcdb000 	C:\Windows\system32\pnrpnsp.dll
0x00007ffa6e0f0000 - 0x00007ffa6e10d000 	C:\Windows\system32\wshbth.dll
0x00007ffa6ce70000 - 0x00007ffa6ce8d000 	C:\Windows\system32\NLAapi.dll
0x00007ffa4bca0000 - 0x00007ffa4bcb2000 	C:\Windows\System32\winrnr.dll

dbghelp: loaded successfully - version: 4.0.5 - missing functions: none
symbol engine: initialized successfully - sym options: 0x614 - pdb path: .;C:\Users\admin\.jdks\ms-17.0.15\bin;C:\Windows\SYSTEM32;C:\Windows\WinSxS\amd64_microsoft.windows.common-controls_6595b64144ccf1df_6.0.19041.5915_none_60b4b9d171f9c7c7;C:\Users\admin\.jdks\ms-17.0.15\bin\server

VM Arguments:
jvm_args: -javaagent:C:\Program Files\JetBrains\IntelliJ IDEA Community Edition 2025.1.4.1\lib\idea_rt.jar=65410 -Dfile.encoding=UTF-8 
java_command: com.eewms.ElectricalEquipmentWarehouseManagementApplication
java_class_path (initial): C:\Users\admin\Documents\DOAN2025\ElectricalEquipmentWarehouseManagement\Backend\eewms\target\classes;C:\Users\admin\.m2\repository\org\springframework\boot\spring-boot-starter-data-jpa\3.4.3\spring-boot-starter-data-jpa-3.4.3.jar;C:\Users\admin\.m2\repository\org\springframework\boot\spring-boot-starter\3.4.3\spring-boot-starter-3.4.3.jar;C:\Users\admin\.m2\repository\org\springframework\boot\spring-boot-starter-logging\3.4.3\spring-boot-starter-logging-3.4.3.jar;C:\Users\admin\.m2\repository\ch\qos\logback\logback-classic\1.5.16\logback-classic-1.5.16.jar;C:\Users\admin\.m2\repository\ch\qos\logback\logback-core\1.5.16\logback-core-1.5.16.jar;C:\Users\admin\.m2\repository\org\apache\logging\log4j\log4j-to-slf4j\2.24.3\log4j-to-slf4j-2.24.3.jar;C:\Users\admin\.m2\repository\org\slf4j\jul-to-slf4j\2.0.16\jul-to-slf4j-2.0.16.jar;C:\Users\admin\.m2\repository\jakarta\annotation\jakarta.annotation-api\2.1.1\jakarta.annotation-api-2.1.1.jar;C:\Users\admin\.m2\repository\org\yaml\snakeyaml\2.3\snakeyaml-2.3.jar;C:\Users\admin\.m2\repository\org\springframework\boot\spring-boot-starter-jdbc\3.4.3\spring-boot-starter-jdbc-3.4.3.jar;C:\Users\admin\.m2\repository\com\zaxxer\HikariCP\5.1.0\HikariCP-5.1.0.jar;C:\Users\admin\.m2\repository\org\springframework\spring-jdbc\6.2.3\spring-jdbc-6.2.3.jar;C:\Users\admin\.m2\repository\org\hibernate\orm\hibernate-core\6.6.8.Final\hibernate-core-6.6.8.Final.jar;C:\Users\admin\.m2\repository\jakarta\persistence\jakarta.persistence-api\3.1.0\jakarta.persistence-api-3.1.0.jar;C:\Users\admin\.m2\repository\jakarta\transaction\jakarta.transaction-api\2.0.1\jakarta.transaction-api-2.0.1.jar;C:\Users\admin\.m2\repository\org\jboss\logging\jboss-logging\3.6.1.Final\jboss-logging-3.6.1.Final.jar;C:\Users\admin\.m2\repository\org\hibernate\common\hibernate-commons-annotations\7.0.3.Final\hibernate-commons-annotations-7.0.3.Final.jar;C:\Users\admin\.m2\repository\io\smallrye\jandex\3.2.0\jandex-3.2.0.jar;C:\Users\admin
Launcher Type: SUN_STANDARD

[Global flags]
     intx CICompilerCount                          = 4                                         {product} {ergonomic}
     uint ConcGCThreads                            = 2                                         {product} {ergonomic}
     uint G1ConcRefinementThreads                  = 8                                         {product} {ergonomic}
   size_t G1HeapRegionSize                         = 2097152                                   {product} {ergonomic}
    uintx GCDrainStackTargetSize                   = 64                                        {product} {ergonomic}
   size_t InitialHeapSize                          = 266338304                                 {product} {ergonomic}
   size_t MarkStackSize                            = 4194304                                   {product} {ergonomic}
   size_t MaxHeapSize                              = 4250927104                                {product} {ergonomic}
   size_t MaxNewSize                               = 2550136832                                {product} {ergonomic}
   size_t MinHeapDeltaBytes                        = 2097152                                   {product} {ergonomic}
   size_t MinHeapSize                              = 8388608                                   {product} {ergonomic}
    uintx NonNMethodCodeHeapSize                   = 5839372                                {pd product} {ergonomic}
    uintx NonProfiledCodeHeapSize                  = 122909434                              {pd product} {ergonomic}
    uintx ProfiledCodeHeapSize                     = 122909434                              {pd product} {ergonomic}
    uintx ReservedCodeCacheSize                    = 251658240                              {pd product} {ergonomic}
     bool SegmentedCodeCache                       = true                                      {product} {ergonomic}
   size_t SoftMaxHeapSize                          = 4250927104                             {manageable} {ergonomic}
     bool UseCompressedClassPointers               = true                           {product lp64_product} {ergonomic}
     bool UseCompressedOops                        = true                           {product lp64_product} {ergonomic}
     bool UseG1GC                                  = true                                      {product} {ergonomic}
     bool UseLargePagesIndividualAllocation        = false                                  {pd product} {ergonomic}

Logging:
Log output configuration:
 #0: stdout all=warning uptime,level,tags
 #1: stderr all=off uptime,level,tags

Environment Variables:
PATH=C:\Program Files (x86)\Common Files\Oracle\Java\javapath;C:\Windows\system32;C:\Windows;C:\Windows\System32\Wbem;C:\Windows\System32\WindowsPowerShell\v1.0\;C:\Windows\System32\OpenSSH\;C:\Program Files\Cloudflare\Cloudflare WARP\;C:\Program Files\Git\cmd;C:\Users\admin\AppData\Local\Microsoft\WindowsApps;C:\Program Files\JetBrains\IntelliJ IDEA 2025.1.2\bin;;C:\Users\admin\AppData\Local\GitHubDesktop\bin
USERNAME=admin
OS=Windows_NT
PROCESSOR_IDENTIFIER=Intel64 Family 6 Model 165 Stepping 2, GenuineIntel
TMP=C:\Users\admin\AppData\Local\Temp
TEMP=C:\Users\admin\AppData\Local\Temp



Periodic native trim disabled


---------------  S Y S T E M  ---------------

OS:
 Windows 10 , 64 bit Build 19041 (10.0.19041.5915)
OS uptime: 0 days 9:26 hours

CPU: total 8 (initial active 8) (4 cores per cpu, 2 threads per core) family 6 model 165 stepping 2 microcode 0xea, cx8, cmov, fxsr, ht, mmx, 3dnowpref, sse, sse2, sse3, ssse3, sse4.1, sse4.2, popcnt, lzcnt, tsc, tscinvbit, avx, avx2, aes, erms, clmul, bmi1, bmi2, adx, fma, vzeroupper, clflush, clflushopt
Processor Information for the first 8 processors :
  Max Mhz: 2496, Current Mhz: 2496, Mhz Limit: 2496

Memory: 4k page, system-wide physical 16215M (3910M free)
TotalPageFile size 23528M (AvailPageFile size 3782M)
current process WorkingSet (physical memory assigned to process): 724M, peak: 724M
current process commit charge ("private bytes"): 796M, peak: 837M

vm_info: OpenJDK 64-Bit Server VM (17.0.15+6-LTS) for windows-amd64 JRE (17.0.15+6-LTS), built on Apr  9 2025 22:27:25 by "MicrosoftCorporation" with unknown MS VC++:1939

END.
